2025-06-17 06:00:02  Fetching variant information for 3052 products...
2025-06-17 06:00:46  Found variant information for 3051 out of 3052 products
2025-06-17 06:00:46  Starting inventory sync for 3052 products...
2025-06-17 06:00:46  T756C-08: Found variant 41628889972795 in product 'Mens Rdek KESTREL Trainers Blue' (inventory_item_id: 43724170919995)
2025-06-17 06:00:46  M1655-14-36: Found variant 54950150046082 in product 'Womens Rieker Bur-Fastener Sandals Blue' (inventory_item_id: 53405623615874)
2025-06-17 06:00:47  M579BN-12: Found variant 41626462683195 in product 'Mens Scimitar Boat Shoes Brown' (inventory_item_id: 43721743499323)
2025-06-17 06:00:47  T198A-08: Found variant 40881660035131 in product 'Mens Dek Orleans Fuller Trainers Touch Black' (inventory_item_id: 42976496615483)
2025-06-17 06:00:47  GLR014-CLAIREII-BK-04: Found variant 41859851649083 in product 'Womens Lunar Ankle Boots Black' (inventory_item_id: 43955172802619)
2025-06-17 06:01:19  Progress: 100/3052 processed, 0 updated, 0 failed
2025-06-17 06:02:08  Progress: 200/3052 processed, 0 updated, 0 failed
2025-06-17 06:02:58  Progress: 300/3052 processed, 0 updated, 0 failed
2025-06-17 06:03:47  Progress: 400/3052 processed, 0 updated, 0 failed
2025-06-17 06:03:57  1014934-ZERMATT-39: Attempting update from 2 → 3 (variant_id: 40637791338555, inventory_item_id: 42733481525307)
2025-06-17 06:03:58  1014934-ZERMATT-39: ✅ Updated from 2 → 3
2025-06-17 06:04:38  Progress: 500/3052 processed, 1 updated, 0 failed
2025-06-17 06:05:27  Progress: 600/3052 processed, 1 updated, 0 failed
2025-06-17 06:06:22  Progress: 700/3052 processed, 1 updated, 0 failed
2025-06-17 06:07:11  Progress: 800/3052 processed, 1 updated, 0 failed
2025-06-17 06:08:00  Progress: 900/3052 processed, 1 updated, 0 failed
2025-06-17 06:08:50  Progress: 1000/3052 processed, 1 updated, 0 failed
2025-06-17 06:09:39  Progress: 1100/3052 processed, 1 updated, 0 failed
2025-06-17 06:10:28  Progress: 1200/3052 processed, 1 updated, 0 failed
2025-06-17 06:11:18  Progress: 1300/3052 processed, 1 updated, 0 failed
2025-06-17 06:12:00  0071051-MAYARI-38: Attempting update from 1 → 0 (variant_id: 41222178046011, inventory_item_id: 43317502017595)
2025-06-17 06:12:02  0071051-MAYARI-38: ✅ Updated from 1 → 0
2025-06-17 06:12:13  Progress: 1400/3052 processed, 2 updated, 0 failed
2025-06-17 06:12:43  10001-410-M12: ⚠️  SKU not found in Shopify - skipping inventory update for safety
2025-06-17 06:13:02  Progress: 1500/3052 processed, 2 updated, 0 failed
2025-06-17 06:13:51  Progress: 1600/3052 processed, 2 updated, 0 failed
2025-06-17 06:14:40  Progress: 1700/3052 processed, 2 updated, 0 failed
2025-06-17 06:15:29  Progress: 1800/3052 processed, 2 updated, 0 failed
2025-06-17 06:16:18  Progress: 1900/3052 processed, 2 updated, 0 failed
2025-06-17 06:17:13  Progress: 2000/3052 processed, 2 updated, 0 failed
2025-06-17 06:18:02  Progress: 2100/3052 processed, 2 updated, 0 failed
2025-06-17 06:18:51  Progress: 2200/3052 processed, 2 updated, 0 failed
2025-06-17 06:19:40  Progress: 2300/3052 processed, 2 updated, 0 failed
2025-06-17 06:20:05  0034701-MILANO-37: Attempting update from 2 → 3 (variant_id: 41652870512699, inventory_item_id: 43748069703739)
2025-06-17 06:20:06  0034701-MILANO-37: ✅ Updated from 2 → 3
2025-06-17 06:20:30  Progress: 2400/3052 processed, 3 updated, 0 failed
2025-06-17 06:21:07  1019152-ARIZONA-39: Attempting update from 0 → 1 (variant_id: 54971804811650, inventory_item_id: 53427277136258)
2025-06-17 06:21:08  1019152-ARIZONA-39: ✅ Updated from 0 → 1
2025-06-17 06:21:20  Progress: 2500/3052 processed, 4 updated, 0 failed
2025-06-17 06:21:58  SU100A-BLK-00: ⚠️  Could not retrieve current Shopify stock
2025-06-17 06:22:14  Progress: 2600/3052 processed, 4 updated, 0 failed
2025-06-17 06:23:03  Progress: 2700/3052 processed, 4 updated, 0 failed
2025-06-17 06:23:53  Progress: 2800/3052 processed, 4 updated, 0 failed
2025-06-17 06:24:42  Progress: 2900/3052 processed, 4 updated, 0 failed
2025-06-17 06:25:31  Progress: 3000/3052 processed, 4 updated, 0 failed
2025-06-17 06:25:57  Inventory sync completed — items updated: 4, failed: 0, mode: full
2025-06-17 13:00:03  📋 Retrieved 19 unfulfilled orders from Shopify
2025-06-17 13:00:03     Order BC14155: 1 line items
2025-06-17 13:00:03       - SKU: 0143623-GIZEH-40, Qty: 1, Product: Birkenstock Gizeh Sandals Birko-Flor Blue Narrow Fit
2025-06-17 13:00:03     Order BC14154: 1 line items
2025-06-17 13:00:03       - SKU: 0034701-MILANO-45, Qty: 1, Product: Birkenstock Milano Birko-Flor Sandals Dark Brown Regular Fit
2025-06-17 13:00:03     Order BC14153: 1 line items
2025-06-17 13:00:03       - SKU: M291AP-09, Qty: 1, Product: Mens Goor Smart Oxford Tie Shoes Patent Black
2025-06-17 13:00:03     Order BC14152: 2 line items
2025-06-17 13:00:03       - SKU: 1014934-ZERMATT-39, Qty: 1, Product: Birkenstock Zermatt Cork Latex Footbed Slippers Light Grey Narrow Fit
2025-06-17 13:00:03       - SKU: 1019152-ARIZONA-39, Qty: 1, Product: Birkenstock Arizona EVA Sandals Khaki Green Narrow Fit
2025-06-17 13:00:03     Order BC14151: 1 line items
2025-06-17 13:00:03       - SKU: 0034701-MILANO-37, Qty: 1, Product: Birkenstock Milano Birko-Flor Sandals Dark Brown Regular Fit
2025-06-17 13:00:03     Order BC14150: 2 line items
2025-06-17 13:00:03       - SKU: B710AP-13, Qty: 1, Product: Boys Goor Oxford Tie Leather Shoe Patent Black
2025-06-17 13:00:03       - SKU: B710AP-01, Qty: 1, Product: Boys Goor Oxford Tie Leather Shoe Patent Black
2025-06-17 13:00:03     Order BC14149: 1 line items
2025-06-17 13:00:03       - SKU: 1027720-ARIZONA-38, Qty: 1, Product: Birkenstock Arizona Two-Strap Birko-Flor Sandals Stone Coin Regular Fit
2025-06-17 13:00:03     Order BC14148: 1 line items
2025-06-17 13:00:03       - SKU: 0128201-GIZEH-37, Qty: 1, Product: Birkenstock Gizeh EVA Sandals Black Regular Fit
2025-06-17 13:00:03     Order BC14147: 1 line items
2025-06-17 13:00:03       - SKU: 0143621-GIZEH-35, Qty: 1, Product: Birkenstock Gizeh Sandals Birko-Flor Blue Regular Fit
2025-06-17 13:00:03     Order BC14146: 1 line items
2025-06-17 13:00:03       - SKU: 0034701-MILANO-37, Qty: 1, Product: Birkenstock Milano Birko-Flor Sandals Dark Brown Regular Fit
2025-06-17 13:00:03     Order BC14145: 1 line items
2025-06-17 13:00:03       - SKU: 0129441-ARIZONA-42, Qty: 1, Product: Birkenstock Arizona EVA Sandals White Regular Fit
2025-06-17 13:00:03     Order BC14144: 1 line items
2025-06-17 13:00:03       - SKU: 0071051-MAYARI-37, Qty: 1, Product: Birkenstock Mayari Birko-Flor Sandals White Regular Fit
2025-06-17 13:00:03     Order BC14143: 1 line items
2025-06-17 13:00:03       - SKU: 0034701-MILANO-44, Qty: 1, Product: Birkenstock Milano Birko-Flor Sandals Dark Brown Regular Fit
2025-06-17 13:00:03     Order BC14142: 1 line items
2025-06-17 13:00:03       - SKU: 0143621-GIZEH-38, Qty: 1, Product: Birkenstock Gizeh Sandals Birko-Flor Blue Regular Fit
2025-06-17 13:00:03     Order BC14141: 1 line items
2025-06-17 13:00:03       - SKU: 0129441-ARIZONA-41, Qty: 1, Product: Birkenstock Arizona EVA Sandals White Regular Fit
2025-06-17 13:00:03     Order BC14126: 1 line items
2025-06-17 13:00:03       - SKU: 1015080-ZERMATT-45, Qty: 1, Product: Birkenstock Zermatt Cork Latex Footbed Slippers Light Grey Regular Fit
2025-06-17 13:00:03     Order BC14102: 1 line items
2025-06-17 13:00:03       - SKU: M710AP-14, Qty: 1, Product: Mens Goor Smart Patent Oxford Tie Tuxedo Dress Shoe Black
2025-06-17 13:00:03     Order BC14088: 1 line items
2025-06-17 13:00:03       - SKU: B710AP-05, Qty: 1, Product: Boys Goor Oxford Tie Leather Shoe Patent Black
2025-06-17 13:00:03     Order BC13366: 2 line items
2025-06-17 13:00:03       - SKU: L433A-08, Qty: 1, Product: Womens Rdek Fly Knit Mesh Trainers Black
2025-06-17 13:00:03       - SKU: L944A-08, Qty: 1, Product: Womens Rdek Denim Washed Trainers Black
2025-06-17 13:00:03  📊 Total line items processed: 22
2025-06-17 13:00:03  🔍 Checking orderstatus table for these orders: ['BC14155', 'BC14154', 'BC14153', 'BC14152', 'BC14151', 'BC14150', 'BC14149', 'BC14148', 'BC14147', 'BC14146', 'BC14145', 'BC14144', 'BC14143', 'BC14142', 'BC14141', 'BC14126', 'BC14102', 'BC14088', 'BC13366']
2025-06-17 13:00:03  📋 Found 17 orders already in orderstatus: ['BC14149', 'BC14146', 'BC14102', 'BC14088', 'BC14148', 'BC14142', 'BC14150', 'BC14151', 'BC14147', 'BC14152', 'BC14141', 'BC14126', 'BC14144', 'BC14145', 'BC14153', 'BC13366', 'BC14143']
2025-06-17 13:00:03  ✅ Including order BC14155 (not in orderstatus)
2025-06-17 13:00:03  ✅ Including order BC14154 (not in orderstatus)
2025-06-17 13:00:03  ⏭️  Skipping order BC14153 (already in orderstatus)
2025-06-17 13:00:03  ⏭️  Skipping order BC14152 (already in orderstatus)
2025-06-17 13:00:03  ⏭️  Skipping order BC14151 (already in orderstatus)
2025-06-17 13:00:03  ⏭️  Skipping order BC14150 (already in orderstatus)
2025-06-17 13:00:03  ⏭️  Skipping order BC14149 (already in orderstatus)
2025-06-17 13:00:03  ⏭️  Skipping order BC14148 (already in orderstatus)
2025-06-17 13:00:03  ⏭️  Skipping order BC14147 (already in orderstatus)
2025-06-17 13:00:03  ⏭️  Skipping order BC14146 (already in orderstatus)
2025-06-17 13:00:03  ⏭️  Skipping order BC14145 (already in orderstatus)
2025-06-17 13:00:03  ⏭️  Skipping order BC14144 (already in orderstatus)
2025-06-17 13:00:03  ⏭️  Skipping order BC14143 (already in orderstatus)
2025-06-17 13:00:03  ⏭️  Skipping order BC14142 (already in orderstatus)
2025-06-17 13:00:03  ⏭️  Skipping order BC14141 (already in orderstatus)
2025-06-17 13:00:03  ⏭️  Skipping order BC14126 (already in orderstatus)
2025-06-17 13:00:03  ⏭️  Skipping order BC14102 (already in orderstatus)
2025-06-17 13:00:03  ⏭️  Skipping order BC14088 (already in orderstatus)
2025-06-17 13:00:03  ⏭️  Skipping order BC13366 (already in orderstatus)
2025-06-17 13:00:03  📊 Final unique SKUs: 2 with total quantity: 2
2025-06-17 13:00:03  ✅ Final result: 2 SKUs with unfulfilled orders not in orderstatus
2025-06-17 13:00:03     - 0143623-GIZEH-40: 1 items
2025-06-17 13:00:03     - 0034701-MILANO-45: 1 items
2025-06-17 13:00:03  ✅ Total unfulfilled items: 2
2025-06-17 13:00:03  Fetching variant information for 3051 products...
2025-06-17 13:00:48  Found variant information for 3050 out of 3051 products
2025-06-17 13:00:48  Starting inventory sync for 3051 products...
2025-06-17 13:00:48  T756C-08: Found variant 41628889972795 in product 'Mens Rdek KESTREL Trainers Blue' (inventory_item_id: 43724170919995)
2025-06-17 13:00:48  M1655-14-36: Found variant 54950150046082 in product 'Womens Rieker Bur-Fastener Sandals Blue' (inventory_item_id: 53405623615874)
2025-06-17 13:00:49  M579BN-12: Found variant 41626462683195 in product 'Mens Scimitar Boat Shoes Brown' (inventory_item_id: 43721743499323)
2025-06-17 13:00:49  T198A-08: Found variant 40881660035131 in product 'Mens Dek Orleans Fuller Trainers Touch Black' (inventory_item_id: 42976496615483)
2025-06-17 13:00:49  GLR014-CLAIREII-BK-04: Found variant 41859851649083 in product 'Womens Lunar Ankle Boots Black' (inventory_item_id: 43955172802619)
2025-06-17 13:01:22  Progress: 100/3051 processed, 0 updated, 0 failed
2025-06-17 13:02:12  Progress: 200/3051 processed, 0 updated, 0 failed
2025-06-17 13:03:02  Progress: 300/3051 processed, 0 updated, 0 failed
2025-06-17 13:03:53  Progress: 400/3051 processed, 0 updated, 0 failed
2025-06-17 13:04:43  Progress: 500/3051 processed, 0 updated, 0 failed
2025-06-17 13:05:28  Progress: 600/3051 processed, 0 updated, 0 failed
2025-06-17 13:06:18  Progress: 700/3051 processed, 0 updated, 0 failed
2025-06-17 13:07:08  Progress: 800/3051 processed, 0 updated, 0 failed
2025-06-17 13:07:58  Progress: 900/3051 processed, 0 updated, 0 failed
2025-06-17 13:08:48  Progress: 1000/3051 processed, 0 updated, 0 failed
2025-06-17 13:09:38  Progress: 1100/3051 processed, 0 updated, 0 failed
2025-06-17 13:10:33  Progress: 1200/3051 processed, 0 updated, 0 failed
2025-06-17 13:11:23  Progress: 1300/3051 processed, 0 updated, 0 failed
2025-06-17 13:12:13  Progress: 1400/3051 processed, 0 updated, 0 failed
2025-06-17 13:12:44  10001-410-M12: ⚠️  SKU not found in Shopify - skipping inventory update for safety
2025-06-17 13:12:58  Progress: 1500/3051 processed, 0 updated, 0 failed
2025-06-17 13:13:48  Progress: 1600/3051 processed, 0 updated, 0 failed
2025-06-17 13:14:38  Progress: 1700/3051 processed, 0 updated, 0 failed
2025-06-17 13:15:28  Progress: 1800/3051 processed, 0 updated, 0 failed
2025-06-17 13:16:18  Progress: 1900/3051 processed, 0 updated, 0 failed
2025-06-17 13:17:07  Progress: 2000/3051 processed, 0 updated, 0 failed
2025-06-17 13:18:02  Progress: 2100/3051 processed, 0 updated, 0 failed
2025-06-17 13:18:51  Progress: 2200/3051 processed, 0 updated, 0 failed
2025-06-17 13:19:42  Progress: 2300/3051 processed, 0 updated, 0 failed
2025-06-17 13:20:32  Progress: 2400/3051 processed, 0 updated, 0 failed
2025-06-17 13:21:22  Progress: 2500/3051 processed, 0 updated, 0 failed
2025-06-17 13:22:12  Progress: 2600/3051 processed, 0 updated, 0 failed
2025-06-17 13:23:02  Progress: 2700/3051 processed, 0 updated, 0 failed
2025-06-17 13:23:49  Progress: 2800/3051 processed, 0 updated, 0 failed
2025-06-17 13:24:39  Progress: 2900/3051 processed, 0 updated, 0 failed
2025-06-17 13:25:28  Progress: 3000/3051 processed, 0 updated, 0 failed
2025-06-17 13:25:54  Inventory sync completed — items updated: 0, failed: 0, mode: full
2025-06-17 17:00:03  📋 Retrieved 9 unfulfilled orders from Shopify
2025-06-17 17:00:03     Order BC14162: 1 line items
2025-06-17 17:00:03       - SKU: 0040393-MADRID-40, Qty: 1, Product: Birkenstock Madrid Birko-Flor Dark Brown Narrow Fit
2025-06-17 17:00:03     Order BC14161: 1 line items
2025-06-17 17:00:03       - SKU: 0034701-MILANO-45, Qty: 1, Product: Birkenstock Milano Birko-Flor Sandals Dark Brown Regular Fit
2025-06-17 17:00:03     Order BC14160: 1 line items
2025-06-17 17:00:03       - SKU: 1014938-ZERMATT-47, Qty: 1, Product: Birkenstock Zermatt Cork Latex Footbed Slippers Dark Anthracite Grey Regular Fit
2025-06-17 17:00:03     Order BC14159: 1 line items
2025-06-17 17:00:03       - SKU: 1027721-ARIZONA-41, Qty: 1, Product: Birkenstock Arizona Two-Strap Birko-Flor Sandals New Beige Regular Fit
2025-06-17 17:00:03     Order BC14158: 1 line items
2025-06-17 17:00:03       - SKU: 1014934-ZERMATT-38, Qty: 1, Product: Birkenstock Zermatt Cork Latex Footbed Slippers Light Grey Narrow Fit
2025-06-17 17:00:03     Order BC14157: 1 line items
2025-06-17 17:00:03       - SKU: 0040393-MADRID-42, Qty: 1, Product: Birkenstock Madrid Birko-Flor Dark Brown Narrow Fit
2025-06-17 17:00:03     Order BC14150: 2 line items
2025-06-17 17:00:03       - SKU: B710AP-13, Qty: 1, Product: Boys Goor Oxford Tie Leather Shoe Patent Black
2025-06-17 17:00:03       - SKU: B710AP-01, Qty: 1, Product: Boys Goor Oxford Tie Leather Shoe Patent Black
2025-06-17 17:00:03     Order BC14126: 1 line items
2025-06-17 17:00:03       - SKU: 1015080-ZERMATT-45, Qty: 1, Product: Birkenstock Zermatt Cork Latex Footbed Slippers Light Grey Regular Fit
2025-06-17 17:00:03     Order BC13366: 2 line items
2025-06-17 17:00:03       - SKU: L433A-08, Qty: 1, Product: Womens Rdek Fly Knit Mesh Trainers Black
2025-06-17 17:00:03       - SKU: L944A-08, Qty: 1, Product: Womens Rdek Denim Washed Trainers Black
2025-06-17 17:00:03  📊 Total line items processed: 11
2025-06-17 17:00:03  🔍 Checking orderstatus table for these orders: ['BC14162', 'BC14161', 'BC14160', 'BC14159', 'BC14158', 'BC14157', 'BC14150', 'BC14126', 'BC13366']
2025-06-17 17:00:03  📋 Found 3 orders already in orderstatus: ['BC14126', 'BC14150', 'BC13366']
2025-06-17 17:00:03  ✅ Including order BC14162 (not in orderstatus)
2025-06-17 17:00:03  ✅ Including order BC14161 (not in orderstatus)
2025-06-17 17:00:03  ✅ Including order BC14160 (not in orderstatus)
2025-06-17 17:00:03  ✅ Including order BC14159 (not in orderstatus)
2025-06-17 17:00:03  ✅ Including order BC14158 (not in orderstatus)
2025-06-17 17:00:03  ✅ Including order BC14157 (not in orderstatus)
2025-06-17 17:00:03  ⏭️  Skipping order BC14150 (already in orderstatus)
2025-06-17 17:00:03  ⏭️  Skipping order BC14126 (already in orderstatus)
2025-06-17 17:00:03  ⏭️  Skipping order BC13366 (already in orderstatus)
2025-06-17 17:00:03  📊 Final unique SKUs: 6 with total quantity: 6
2025-06-17 17:00:03  ✅ Final result: 6 SKUs with unfulfilled orders not in orderstatus
2025-06-17 17:00:03     - 0040393-MADRID-40: 1 items
2025-06-17 17:00:03     - 0034701-MILANO-45: 1 items
2025-06-17 17:00:03     - 1014938-ZERMATT-47: 1 items
2025-06-17 17:00:03     - 1027721-ARIZONA-41: 1 items
2025-06-17 17:00:03     - 1014934-ZERMATT-38: 1 items
2025-06-17 17:00:03     - 0040393-MADRID-42: 1 items
2025-06-17 17:00:03  ✅ Total unfulfilled items: 6
2025-06-17 17:00:03  Fetching variant information for 3050 products...
2025-06-17 17:00:47  Found variant information for 3050 out of 3050 products
2025-06-17 17:00:47  Starting inventory sync for 3050 products...
2025-06-17 17:00:47  T756C-08: Found variant 41628889972795 in product 'Mens Rdek KESTREL Trainers Blue' (inventory_item_id: 43724170919995)
2025-06-17 17:00:47  M1655-14-36: Found variant 54950150046082 in product 'Womens Rieker Bur-Fastener Sandals Blue' (inventory_item_id: 53405623615874)
2025-06-17 17:00:47  M579BN-12: Found variant 41626462683195 in product 'Mens Scimitar Boat Shoes Brown' (inventory_item_id: 43721743499323)
2025-06-17 17:00:47  T198A-08: Found variant 40881660035131 in product 'Mens Dek Orleans Fuller Trainers Touch Black' (inventory_item_id: 42976496615483)
2025-06-17 17:00:48  GLR014-CLAIREII-BK-04: Found variant 41859851649083 in product 'Womens Lunar Ankle Boots Black' (inventory_item_id: 43955172802619)
2025-06-17 17:01:20  Progress: 100/3050 processed, 0 updated, 0 failed
2025-06-17 17:02:10  Progress: 200/3050 processed, 0 updated, 0 failed
2025-06-17 17:03:00  Progress: 300/3050 processed, 0 updated, 0 failed
2025-06-17 17:03:49  Progress: 400/3050 processed, 0 updated, 0 failed
2025-06-17 17:04:02  0129423-ARIZONA-39: Attempting update from 3 → 4 (variant_id: 41220126736443, inventory_item_id: 43315458768955)
2025-06-17 17:04:03  0129423-ARIZONA-39: ✅ Updated from 3 → 4
2025-06-17 17:04:40  Progress: 500/3050 processed, 1 updated, 0 failed
2025-06-17 17:05:30  Progress: 600/3050 processed, 1 updated, 0 failed
2025-06-17 17:06:20  Progress: 700/3050 processed, 1 updated, 0 failed
2025-06-17 17:07:09  Progress: 800/3050 processed, 1 updated, 0 failed
2025-06-17 17:07:59  Progress: 900/3050 processed, 1 updated, 0 failed
2025-06-17 17:08:48  Progress: 1000/3050 processed, 1 updated, 0 failed
2025-06-17 17:09:38  Progress: 1100/3050 processed, 1 updated, 0 failed
2025-06-17 17:10:28  Progress: 1200/3050 processed, 1 updated, 0 failed
2025-06-17 17:11:23  Progress: 1300/3050 processed, 1 updated, 0 failed
2025-06-17 17:12:12  Progress: 1400/3050 processed, 1 updated, 0 failed
2025-06-17 17:13:01  Progress: 1500/3050 processed, 1 updated, 0 failed
2025-06-17 17:13:50  Progress: 1600/3050 processed, 1 updated, 0 failed
2025-06-17 17:14:40  Progress: 1700/3050 processed, 1 updated, 0 failed
2025-06-17 17:15:29  Progress: 1800/3050 processed, 1 updated, 0 failed
2025-06-17 17:16:18  Progress: 1900/3050 processed, 1 updated, 0 failed
2025-06-17 17:17:08  Progress: 2000/3050 processed, 1 updated, 0 failed
2025-06-17 17:18:02  Progress: 2100/3050 processed, 1 updated, 0 failed
2025-06-17 17:18:51  Progress: 2200/3050 processed, 1 updated, 0 failed
2025-06-17 17:19:40  Progress: 2300/3050 processed, 1 updated, 0 failed
2025-06-17 17:20:30  Progress: 2400/3050 processed, 1 updated, 0 failed
2025-06-17 17:21:19  Progress: 2500/3050 processed, 1 updated, 0 failed
2025-06-17 17:22:08  Progress: 2600/3050 processed, 1 updated, 0 failed
2025-06-17 17:23:02  Progress: 2700/3050 processed, 1 updated, 0 failed
2025-06-17 17:23:52  Progress: 2800/3050 processed, 1 updated, 0 failed
2025-06-17 17:24:41  Progress: 2900/3050 processed, 1 updated, 0 failed
2025-06-17 17:25:30  Progress: 3000/3050 processed, 1 updated, 0 failed
2025-06-17 17:25:56  Inventory sync completed — items updated: 1, failed: 0, mode: full
