2025-06-18 06:00:02  📋 Retrieved 18 unfulfilled orders from Shopify
2025-06-18 06:00:02     Order BC14171: 1 line items
2025-06-18 06:00:02       - SKU: M968BC-11, Qty: 1, Product: Mens Goor Tan Navy Lace Up Smart Brogue Oxford Shoes
2025-06-18 06:00:02     Order BC14170: 1 line items
2025-06-18 06:00:02       - SKU: 1005299-GIZEH-38, Qty: 1, Product: Birkenstock Gizeh Sandals Patent White Regular Fit
2025-06-18 06:00:02     Order BC14169: 1 line items
2025-06-18 06:00:02       - SKU: 1005294-ARIZONA-37, Qty: 1, Product: Birkenstock Arizona Two-Strap Patent Sandals White Narrow Width
2025-06-18 06:00:02     Order BC14168: 1 line items
2025-06-18 06:00:02       - SKU: 0034701-MILANO-41, Qty: 1, Product: Birkenstock Milano Birko-Flor Sandals Dark Brown Regular Fit
2025-06-18 06:00:02     Order BC14167: 1 line items
2025-06-18 06:00:02       - SKU: 1019051-ARIZONA-42, Qty: 1, Product: Birkenstock Arizona EVA Sandals Navy Blue Regular Fit
2025-06-18 06:00:02     Order BC14166: 1 line items
2025-06-18 06:00:02       - SKU: M410B-08, Qty: 1, Product: Mens Goor 4 Eye Brogue Smart Gibson Shoe Tan
2025-06-18 06:00:02     Order BC14165: 1 line items
2025-06-18 06:00:02       - SKU: 0051753-ARIZONA-43, Qty: 1, Product: Birkenstock Arizona Two-Strap Birko-Flor Sandals Blue Narrow Fit
2025-06-18 06:00:02     Order BC14164: 1 line items
2025-06-18 06:00:02       - SKU: 1017722-BEND-42, Qty: 1, Product: Birkenstock Bend Low Natural Leather Trainer Style Black Narrow Fit
2025-06-18 06:00:02     Order BC14163: 1 line items
2025-06-18 06:00:02       - SKU: 0034703-MILANO-45, Qty: 1, Product: Birkenstock Milano Birko-Flor Sandals Dark Brown Narrow Fit
2025-06-18 06:00:02     Order BC14162: 1 line items
2025-06-18 06:00:02       - SKU: 0040393-MADRID-40, Qty: 1, Product: Birkenstock Madrid Birko-Flor Dark Brown Narrow Fit
2025-06-18 06:00:02     Order BC14161: 1 line items
2025-06-18 06:00:02       - SKU: 0034701-MILANO-45, Qty: 1, Product: Birkenstock Milano Birko-Flor Sandals Dark Brown Regular Fit
2025-06-18 06:00:02     Order BC14160: 1 line items
2025-06-18 06:00:02       - SKU: 1014938-ZERMATT-47, Qty: 1, Product: Birkenstock Zermatt Cork Latex Footbed Slippers Dark Anthracite Grey Regular Fit
2025-06-18 06:00:02     Order BC14159: 1 line items
2025-06-18 06:00:02       - SKU: 1027721-ARIZONA-41, Qty: 1, Product: Birkenstock Arizona Two-Strap Birko-Flor Sandals New Beige Regular Fit
2025-06-18 06:00:02     Order BC14158: 1 line items
2025-06-18 06:00:02       - SKU: 1014934-ZERMATT-38, Qty: 1, Product: Birkenstock Zermatt Cork Latex Footbed Slippers Light Grey Narrow Fit
2025-06-18 06:00:02     Order BC14157: 1 line items
2025-06-18 06:00:02       - SKU: 0040393-MADRID-42, Qty: 1, Product: Birkenstock Madrid Birko-Flor Dark Brown Narrow Fit
2025-06-18 06:00:02     Order BC14150: 2 line items
2025-06-18 06:00:02       - SKU: B710AP-13, Qty: 1, Product: Boys Goor Oxford Tie Leather Shoe Patent Black
2025-06-18 06:00:02       - SKU: B710AP-01, Qty: 1, Product: Boys Goor Oxford Tie Leather Shoe Patent Black
2025-06-18 06:00:02     Order BC14126: 1 line items
2025-06-18 06:00:02       - SKU: 1015080-ZERMATT-45, Qty: 1, Product: Birkenstock Zermatt Cork Latex Footbed Slippers Light Grey Regular Fit
2025-06-18 06:00:02     Order BC13366: 2 line items
2025-06-18 06:00:02       - SKU: L433A-08, Qty: 1, Product: Womens Rdek Fly Knit Mesh Trainers Black
2025-06-18 06:00:02       - SKU: L944A-08, Qty: 1, Product: Womens Rdek Denim Washed Trainers Black
2025-06-18 06:00:02  📊 Total line items processed: 20
2025-06-18 06:00:02  🔍 Checking orderstatus table for these orders: ['BC14171', 'BC14170', 'BC14169', 'BC14168', 'BC14167', 'BC14166', 'BC14165', 'BC14164', 'BC14163', 'BC14162', 'BC14161', 'BC14160', 'BC14159', 'BC14158', 'BC14157', 'BC14150', 'BC14126', 'BC13366']
2025-06-18 06:00:02  📋 Found 3 orders already in orderstatus: ['BC14150', 'BC14126', 'BC13366']
2025-06-18 06:00:02  ✅ Including order BC14171 (not in orderstatus)
2025-06-18 06:00:02  ✅ Including order BC14170 (not in orderstatus)
2025-06-18 06:00:02  ✅ Including order BC14169 (not in orderstatus)
2025-06-18 06:00:02  ✅ Including order BC14168 (not in orderstatus)
2025-06-18 06:00:02  ✅ Including order BC14167 (not in orderstatus)
2025-06-18 06:00:02  ✅ Including order BC14166 (not in orderstatus)
2025-06-18 06:00:02  ✅ Including order BC14165 (not in orderstatus)
2025-06-18 06:00:02  ✅ Including order BC14164 (not in orderstatus)
2025-06-18 06:00:02  ✅ Including order BC14163 (not in orderstatus)
2025-06-18 06:00:02  ✅ Including order BC14162 (not in orderstatus)
2025-06-18 06:00:02  ✅ Including order BC14161 (not in orderstatus)
2025-06-18 06:00:02  ✅ Including order BC14160 (not in orderstatus)
2025-06-18 06:00:02  ✅ Including order BC14159 (not in orderstatus)
2025-06-18 06:00:02  ✅ Including order BC14158 (not in orderstatus)
2025-06-18 06:00:02  ✅ Including order BC14157 (not in orderstatus)
2025-06-18 06:00:02  ⏭️  Skipping order BC14150 (already in orderstatus)
2025-06-18 06:00:02  ⏭️  Skipping order BC14126 (already in orderstatus)
2025-06-18 06:00:02  ⏭️  Skipping order BC13366 (already in orderstatus)
2025-06-18 06:00:02  📊 Final unique SKUs: 15 with total quantity: 15
2025-06-18 06:00:02  ✅ Final result: 15 SKUs with unfulfilled orders not in orderstatus
2025-06-18 06:00:02     - M968BC-11: 1 items
2025-06-18 06:00:02     - 1005299-GIZEH-38: 1 items
2025-06-18 06:00:02     - 1005294-ARIZONA-37: 1 items
2025-06-18 06:00:02     - 0034701-MILANO-41: 1 items
2025-06-18 06:00:02     - 1019051-ARIZONA-42: 1 items
2025-06-18 06:00:02     - M410B-08: 1 items
2025-06-18 06:00:02     - 0051753-ARIZONA-43: 1 items
2025-06-18 06:00:02     - 1017722-BEND-42: 1 items
2025-06-18 06:00:02     - 0034703-MILANO-45: 1 items
2025-06-18 06:00:02     - 0040393-MADRID-40: 1 items
2025-06-18 06:00:02     - 0034701-MILANO-45: 1 items
2025-06-18 06:00:02     - 1014938-ZERMATT-47: 1 items
2025-06-18 06:00:02     - 1027721-ARIZONA-41: 1 items
2025-06-18 06:00:02     - 1014934-ZERMATT-38: 1 items
2025-06-18 06:00:02     - 0040393-MADRID-42: 1 items
2025-06-18 06:00:02  ✅ Total unfulfilled items: 15
2025-06-18 06:00:02  Fetching variant information for 3050 products...
2025-06-18 06:00:46  Found variant information for 3050 out of 3050 products
2025-06-18 06:00:46  Starting inventory sync for 3050 products...
2025-06-18 06:00:46  T756C-08: Found variant 41628889972795 in product 'Mens Rdek KESTREL Trainers Blue' (inventory_item_id: 43724170919995)
2025-06-18 06:00:46  M1655-14-36: Found variant 54950150046082 in product 'Womens Rieker Bur-Fastener Sandals Blue' (inventory_item_id: 53405623615874)
2025-06-18 06:00:47  M579BN-12: Found variant 41626462683195 in product 'Mens Scimitar Boat Shoes Brown' (inventory_item_id: 43721743499323)
2025-06-18 06:00:47  T198A-08: Found variant 40881660035131 in product 'Mens Dek Orleans Fuller Trainers Touch Black' (inventory_item_id: 42976496615483)
2025-06-18 06:00:47  GLR014-CLAIREII-BK-04: Found variant 41859851649083 in product 'Womens Lunar Ankle Boots Black' (inventory_item_id: 43955172802619)
2025-06-18 06:01:19  Progress: 100/3050 processed, 0 updated, 0 failed
2025-06-18 06:02:08  Progress: 200/3050 processed, 0 updated, 0 failed
2025-06-18 06:02:58  Progress: 300/3050 processed, 0 updated, 0 failed
2025-06-18 06:03:47  Progress: 400/3050 processed, 0 updated, 0 failed
2025-06-18 06:04:36  Progress: 500/3050 processed, 0 updated, 0 failed
2025-06-18 06:05:30  Progress: 600/3050 processed, 0 updated, 0 failed
2025-06-18 06:06:19  Progress: 700/3050 processed, 0 updated, 0 failed
2025-06-18 06:07:09  Progress: 800/3050 processed, 0 updated, 0 failed
2025-06-18 06:07:58  Progress: 900/3050 processed, 0 updated, 0 failed
2025-06-18 06:08:47  Progress: 1000/3050 processed, 0 updated, 0 failed
2025-06-18 06:09:36  Progress: 1100/3050 processed, 0 updated, 0 failed
2025-06-18 06:10:30  Progress: 1200/3050 processed, 0 updated, 0 failed
2025-06-18 06:11:19  Progress: 1300/3050 processed, 0 updated, 0 failed
2025-06-18 06:12:08  Progress: 1400/3050 processed, 0 updated, 0 failed
2025-06-18 06:12:58  Progress: 1500/3050 processed, 0 updated, 0 failed
2025-06-18 06:13:47  Progress: 1600/3050 processed, 0 updated, 0 failed
2025-06-18 06:14:41  Progress: 1700/3050 processed, 0 updated, 0 failed
2025-06-18 06:14:46  M968BC-11: Attempting update from 4 → 5 (variant_id: 40638183047227, inventory_item_id: 42733873233979)
2025-06-18 06:14:47  M968BC-11: ✅ Updated from 4 → 5 (adjusted for 1 pending orders) (calculated: 20) (capped from 19)
2025-06-18 06:15:31  Progress: 1800/3050 processed, 1 updated, 0 failed
2025-06-18 06:16:20  Progress: 1900/3050 processed, 1 updated, 0 failed
2025-06-18 06:17:09  Progress: 2000/3050 processed, 1 updated, 0 failed
2025-06-18 06:17:57  Progress: 2100/3050 processed, 1 updated, 0 failed
2025-06-18 06:18:51  Progress: 2200/3050 processed, 1 updated, 0 failed
2025-06-18 06:19:40  Progress: 2300/3050 processed, 1 updated, 0 failed
2025-06-18 06:20:29  Progress: 2400/3050 processed, 1 updated, 0 failed
2025-06-18 06:21:18  Progress: 2500/3050 processed, 1 updated, 0 failed
2025-06-18 06:22:07  Progress: 2600/3050 processed, 1 updated, 0 failed
2025-06-18 06:23:01  Progress: 2700/3050 processed, 1 updated, 0 failed
2025-06-18 06:23:50  Progress: 2800/3050 processed, 1 updated, 0 failed
2025-06-18 06:24:39  Progress: 2900/3050 processed, 1 updated, 0 failed
2025-06-18 06:25:28  Progress: 3000/3050 processed, 1 updated, 0 failed
2025-06-18 06:25:52  M410B-08: Attempting update from 4 → 5 (variant_id: 40638183440443, inventory_item_id: 42733873627195)
2025-06-18 06:25:53  M410B-08: ✅ Updated from 4 → 5 (adjusted for 1 pending orders) (calculated: 19) (capped from 18)
2025-06-18 06:25:55  Inventory sync completed — items updated: 2, failed: 0, mode: full
2025-06-18 13:00:03  📋 Retrieved 25 unfulfilled orders from Shopify
2025-06-18 13:00:03     Order BC14179: 1 line items
2025-06-18 13:00:03       - SKU: B710AP-09, Qty: 1, Product: Boys Goor Oxford Tie Leather Shoe Patent Black
2025-06-18 13:00:03     Order BC14178: 1 line items
2025-06-18 13:00:03       - SKU: 0034701-MILANO-40, Qty: 1, Product: Birkenstock Milano Birko-Flor Sandals Dark Brown Regular Fit
2025-06-18 13:00:03     Order BC14177: 1 line items
2025-06-18 13:00:03       - SKU: 1014938-ZERMATT-45, Qty: 1, Product: Birkenstock Zermatt Cork Latex Footbed Slippers Dark Anthracite Grey Regular Fit
2025-06-18 13:00:03     Order BC14176: 1 line items
2025-06-18 13:00:03       - SKU: 0129421-ARIZONA-42, Qty: 1, Product: Birkenstock Arizona EVA Sandals Black Regular Fit
2025-06-18 13:00:03     Order BC14175: 1 line items
2025-06-18 13:00:03       - SKU: 0034701-MILANO-39, Qty: 1, Product: Birkenstock Milano Birko-Flor Sandals Dark Brown Regular Fit
2025-06-18 13:00:03     Order BC14174: 1 line items
2025-06-18 13:00:03       - SKU: 1017724-BEND-40, Qty: 1, Product: Birkenstock Bend Low Natural Leather Trainer Style White Narrow Fit
2025-06-18 13:00:03     Order BC14173: 1 line items
2025-06-18 13:00:03       - SKU: 1019051-ARIZONA-45, Qty: 1, Product: Birkenstock Arizona EVA Sandals Navy Blue Regular Fit
2025-06-18 13:00:03     Order BC14172: 1 line items
2025-06-18 13:00:03       - SKU: SHAKE-II-BLACK-6.5EXF, Qty: 1, Product: Womens Hotter Shake II Shoes Mary Jane Standard and Wide Fit Black
2025-06-18 13:00:03     Order BC14171: 1 line items
2025-06-18 13:00:03       - SKU: M968BC-11, Qty: 1, Product: Mens Goor Tan Navy Lace Up Smart Brogue Oxford Shoes
2025-06-18 13:00:03     Order BC14170: 1 line items
2025-06-18 13:00:03       - SKU: 1005299-GIZEH-38, Qty: 1, Product: Birkenstock Gizeh Sandals Patent White Regular Fit
2025-06-18 13:00:03     Order BC14169: 1 line items
2025-06-18 13:00:03       - SKU: 1005294-ARIZONA-37, Qty: 1, Product: Birkenstock Arizona Two-Strap Patent Sandals White Narrow Width
2025-06-18 13:00:03     Order BC14168: 1 line items
2025-06-18 13:00:03       - SKU: 0034701-MILANO-41, Qty: 1, Product: Birkenstock Milano Birko-Flor Sandals Dark Brown Regular Fit
2025-06-18 13:00:03     Order BC14167: 1 line items
2025-06-18 13:00:03       - SKU: 1019051-ARIZONA-42, Qty: 1, Product: Birkenstock Arizona EVA Sandals Navy Blue Regular Fit
2025-06-18 13:00:03     Order BC14166: 1 line items
2025-06-18 13:00:03       - SKU: M410B-08, Qty: 1, Product: Mens Goor 4 Eye Brogue Smart Gibson Shoe Tan
2025-06-18 13:00:03     Order BC14165: 1 line items
2025-06-18 13:00:03       - SKU: 0051753-ARIZONA-43, Qty: 1, Product: Birkenstock Arizona Two-Strap Birko-Flor Sandals Blue Narrow Fit
2025-06-18 13:00:03     Order BC14164: 1 line items
2025-06-18 13:00:03       - SKU: 1017722-BEND-42, Qty: 1, Product: Birkenstock Bend Low Natural Leather Trainer Style Black Narrow Fit
2025-06-18 13:00:03     Order BC14163: 1 line items
2025-06-18 13:00:03       - SKU: 0034703-MILANO-45, Qty: 1, Product: Birkenstock Milano Birko-Flor Sandals Dark Brown Narrow Fit
2025-06-18 13:00:03     Order BC14162: 1 line items
2025-06-18 13:00:03       - SKU: 0040393-MADRID-40, Qty: 1, Product: Birkenstock Madrid Birko-Flor Dark Brown Narrow Fit
2025-06-18 13:00:03     Order BC14161: 1 line items
2025-06-18 13:00:03       - SKU: 0034701-MILANO-45, Qty: 1, Product: Birkenstock Milano Birko-Flor Sandals Dark Brown Regular Fit
2025-06-18 13:00:03     Order BC14160: 1 line items
2025-06-18 13:00:03       - SKU: 1014938-ZERMATT-47, Qty: 1, Product: Birkenstock Zermatt Cork Latex Footbed Slippers Dark Anthracite Grey Regular Fit
2025-06-18 13:00:03     Order BC14159: 1 line items
2025-06-18 13:00:03       - SKU: 1027721-ARIZONA-41, Qty: 1, Product: Birkenstock Arizona Two-Strap Birko-Flor Sandals New Beige Regular Fit
2025-06-18 13:00:03     Order BC14158: 1 line items
2025-06-18 13:00:03       - SKU: 1014934-ZERMATT-38, Qty: 1, Product: Birkenstock Zermatt Cork Latex Footbed Slippers Light Grey Narrow Fit
2025-06-18 13:00:03     Order BC14157: 1 line items
2025-06-18 13:00:03       - SKU: 0040393-MADRID-42, Qty: 1, Product: Birkenstock Madrid Birko-Flor Dark Brown Narrow Fit
2025-06-18 13:00:03     Order BC14150: 2 line items
2025-06-18 13:00:03       - SKU: B710AP-13, Qty: 1, Product: Boys Goor Oxford Tie Leather Shoe Patent Black
2025-06-18 13:00:03       - SKU: B710AP-01, Qty: 1, Product: Boys Goor Oxford Tie Leather Shoe Patent Black
2025-06-18 13:00:03     Order BC13366: 2 line items
2025-06-18 13:00:03       - SKU: L433A-08, Qty: 1, Product: Womens Rdek Fly Knit Mesh Trainers Black
2025-06-18 13:00:03       - SKU: L944A-08, Qty: 1, Product: Womens Rdek Denim Washed Trainers Black
2025-06-18 13:00:03  📊 Total line items processed: 27
2025-06-18 13:00:03  🔍 Checking orderstatus table for these orders: ['BC14179', 'BC14178', 'BC14177', 'BC14176', 'BC14175', 'BC14174', 'BC14173', 'BC14172', 'BC14171', 'BC14170', 'BC14169', 'BC14168', 'BC14167', 'BC14166', 'BC14165', 'BC14164', 'BC14163', 'BC14162', 'BC14161', 'BC14160', 'BC14159', 'BC14158', 'BC14157', 'BC14150', 'BC13366']
2025-06-18 13:00:03  📋 Found 23 orders already in orderstatus: ['BC14159', 'BC14174', 'BC14167', 'BC14169', 'BC14172', 'BC14164', 'BC14162', 'BC14150', 'BC14166', 'BC14161', 'BC14176', 'BC14171', 'BC14158', 'BC14168', 'BC14173', 'BC14170', 'BC14177', 'BC13366', 'BC14175', 'BC14160', 'BC14157', 'BC14163', 'BC14165']
2025-06-18 13:00:03  ✅ Including order BC14179 (not in orderstatus)
2025-06-18 13:00:03  ✅ Including order BC14178 (not in orderstatus)
2025-06-18 13:00:03  ⏭️  Skipping order BC14177 (already in orderstatus)
2025-06-18 13:00:03  ⏭️  Skipping order BC14176 (already in orderstatus)
2025-06-18 13:00:03  ⏭️  Skipping order BC14175 (already in orderstatus)
2025-06-18 13:00:03  ⏭️  Skipping order BC14174 (already in orderstatus)
2025-06-18 13:00:03  ⏭️  Skipping order BC14173 (already in orderstatus)
2025-06-18 13:00:03  ⏭️  Skipping order BC14172 (already in orderstatus)
2025-06-18 13:00:03  ⏭️  Skipping order BC14171 (already in orderstatus)
2025-06-18 13:00:03  ⏭️  Skipping order BC14170 (already in orderstatus)
2025-06-18 13:00:03  ⏭️  Skipping order BC14169 (already in orderstatus)
2025-06-18 13:00:03  ⏭️  Skipping order BC14168 (already in orderstatus)
2025-06-18 13:00:03  ⏭️  Skipping order BC14167 (already in orderstatus)
2025-06-18 13:00:03  ⏭️  Skipping order BC14166 (already in orderstatus)
2025-06-18 13:00:03  ⏭️  Skipping order BC14165 (already in orderstatus)
2025-06-18 13:00:03  ⏭️  Skipping order BC14164 (already in orderstatus)
2025-06-18 13:00:03  ⏭️  Skipping order BC14163 (already in orderstatus)
2025-06-18 13:00:03  ⏭️  Skipping order BC14162 (already in orderstatus)
2025-06-18 13:00:03  ⏭️  Skipping order BC14161 (already in orderstatus)
2025-06-18 13:00:03  ⏭️  Skipping order BC14160 (already in orderstatus)
2025-06-18 13:00:03  ⏭️  Skipping order BC14159 (already in orderstatus)
2025-06-18 13:00:03  ⏭️  Skipping order BC14158 (already in orderstatus)
2025-06-18 13:00:03  ⏭️  Skipping order BC14157 (already in orderstatus)
2025-06-18 13:00:03  ⏭️  Skipping order BC14150 (already in orderstatus)
2025-06-18 13:00:03  ⏭️  Skipping order BC13366 (already in orderstatus)
2025-06-18 13:00:03  📊 Final unique SKUs: 2 with total quantity: 2
2025-06-18 13:00:03  ✅ Final result: 2 SKUs with unfulfilled orders not in orderstatus
2025-06-18 13:00:03     - B710AP-09: 1 items
2025-06-18 13:00:03     - 0034701-MILANO-40: 1 items
2025-06-18 13:00:03  ✅ Total unfulfilled items: 2
2025-06-18 13:00:03  Fetching variant information for 3050 products...
2025-06-18 13:00:47  Found variant information for 3050 out of 3050 products
2025-06-18 13:00:47  Starting inventory sync for 3050 products...
2025-06-18 13:00:47  T756C-08: Found variant 41628889972795 in product 'Mens Rdek KESTREL Trainers Blue' (inventory_item_id: 43724170919995)
2025-06-18 13:00:47  M1655-14-36: Found variant 54950150046082 in product 'Womens Rieker Bur-Fastener Sandals Blue' (inventory_item_id: 53405623615874)
2025-06-18 13:00:47  M579BN-12: Found variant 41626462683195 in product 'Mens Scimitar Boat Shoes Brown' (inventory_item_id: 43721743499323)
2025-06-18 13:00:47  T198A-08: Found variant 40881660035131 in product 'Mens Dek Orleans Fuller Trainers Touch Black' (inventory_item_id: 42976496615483)
2025-06-18 13:00:48  GLR014-CLAIREII-BK-04: Found variant 41859851649083 in product 'Womens Lunar Ankle Boots Black' (inventory_item_id: 43955172802619)
2025-06-18 13:01:19  FLE030-IVES-BLACK-03: Attempting update from 1 → 0 (variant_id: 40637868376123, inventory_item_id: 42733558562875)
2025-06-18 13:01:20  FLE030-IVES-BLACK-03: ✅ Updated from 1 → 0
2025-06-18 13:01:21  Progress: 100/3050 processed, 1 updated, 0 failed
2025-06-18 13:01:37  0034701-MILANO-44: Attempting update from 0 → 1 (variant_id: 41836801491003, inventory_item_id: 43932210462779)
2025-06-18 13:01:38  0034701-MILANO-44: ✅ Updated from 0 → 1
2025-06-18 13:01:46  JLH950-BLAZE-BLACK-03: Attempting update from 3 → 4 (variant_id: 41289209905211, inventory_item_id: 43384606490683)
2025-06-18 13:01:47  JLH950-BLAZE-BLACK-03: ✅ Updated from 3 → 4
2025-06-18 13:01:49  FLE030-IVES-BLACKSOLE-06: Attempting update from 5 → 3 (variant_id: 40637792714811, inventory_item_id: 42733482901563)
2025-06-18 13:01:50  FLE030-IVES-BLACKSOLE-06: ✅ Updated from 5 → 3
2025-06-18 13:02:14  FLE030-IVES-NAVY-BLUE-03: Attempting update from 3 → 5 (variant_id: 40637895770171, inventory_item_id: 42733585956923)
2025-06-18 13:02:15  FLE030-IVES-NAVY-BLUE-03: ✅ Updated from 3 → 5
2025-06-18 13:02:15  Progress: 200/3050 processed, 5 updated, 0 failed
2025-06-18 13:02:20  FLE030-IVES-BEIGE-03: Attempting update from 1 → 0 (variant_id: 40637867327547, inventory_item_id: 42733557514299)
2025-06-18 13:02:21  FLE030-IVES-BEIGE-03: ✅ Updated from 1 → 0
2025-06-18 13:02:33  B710AP-13: Attempting update from 6 → 5 (variant_id: 40638003150907, inventory_item_id: 42733693337659)
2025-06-18 13:02:34  B710AP-13: ✅ Updated from 6 → 5 (capped from 19)
2025-06-18 13:03:07  Progress: 300/3050 processed, 7 updated, 0 failed
2025-06-18 13:03:57  Progress: 400/3050 processed, 7 updated, 0 failed
2025-06-18 13:04:22  JLH320-UNA-GN-03: Attempting update from 1 → 0 (variant_id: 41754185105467, inventory_item_id: 43849491087419)
2025-06-18 13:04:23  JLH320-UNA-GN-03: ✅ Updated from 1 → 0
2025-06-18 13:04:48  Progress: 500/3050 processed, 8 updated, 0 failed
2025-06-18 13:05:13  L59L1-83-36: Attempting update from 1 → 0 (variant_id: 55051852185986, inventory_item_id: 53507778150786)
2025-06-18 13:05:14  L59L1-83-36: ✅ Updated from 1 → 0
2025-06-18 13:05:39  Progress: 600/3050 processed, 9 updated, 0 failed
2025-06-18 13:06:28  Progress: 700/3050 processed, 9 updated, 0 failed
2025-06-18 13:07:18  Progress: 800/3050 processed, 9 updated, 0 failed
2025-06-18 13:08:07  Progress: 900/3050 processed, 9 updated, 0 failed
2025-06-18 13:08:57  Progress: 1000/3050 processed, 9 updated, 0 failed
2025-06-18 13:09:21  64870-14-38: Attempting update from 1 → 0 (variant_id: 55003775238530, inventory_item_id: 53459232194946)
2025-06-18 13:09:22  64870-14-38: ✅ Updated from 1 → 0
2025-06-18 13:09:48  Progress: 1100/3050 processed, 10 updated, 0 failed
2025-06-18 13:10:37  Progress: 1200/3050 processed, 10 updated, 0 failed
2025-06-18 13:10:47  JLH950-BLAZE-NAVY-05: Attempting update from 3 → 4 (variant_id: 41289213214779, inventory_item_id: 43384609800251)
2025-06-18 13:10:48  JLH950-BLAZE-NAVY-05: ✅ Updated from 3 → 4
2025-06-18 13:11:28  Progress: 1300/3050 processed, 11 updated, 0 failed
2025-06-18 13:12:18  Progress: 1400/3050 processed, 11 updated, 0 failed
2025-06-18 13:13:08  Progress: 1500/3050 processed, 11 updated, 0 failed
2025-06-18 13:13:55  B710AP-09: Attempting update from 4 → 5 (variant_id: 40638003019835, inventory_item_id: 42733693206587)
2025-06-18 13:13:56  B710AP-09: ✅ Updated from 4 → 5 (adjusted for 1 pending orders) (calculated: 20) (capped from 19)
2025-06-18 13:14:03  Progress: 1600/3050 processed, 12 updated, 0 failed
2025-06-18 13:14:45  JLH950-BLAZE-BLACK-08: Attempting update from 3 → 2 (variant_id: 41289210069051, inventory_item_id: 43384606654523)
2025-06-18 13:14:46  JLH950-BLAZE-BLACK-08: ✅ Updated from 3 → 2
2025-06-18 13:14:54  Progress: 1700/3050 processed, 13 updated, 0 failed
2025-06-18 13:15:43  Progress: 1800/3050 processed, 13 updated, 0 failed
2025-06-18 13:16:33  Progress: 1900/3050 processed, 13 updated, 0 failed
2025-06-18 13:17:23  Progress: 2000/3050 processed, 13 updated, 0 failed
2025-06-18 13:17:36  FLE030-IVES-MIDBLUE-08: Attempting update from 2 → 0 (variant_id: 40637864280123, inventory_item_id: 42733554466875)
2025-06-18 13:17:37  FLE030-IVES-MIDBLUE-08: ✅ Updated from 2 → 0
2025-06-18 13:17:48  FLE030-IVES-RED-06: Attempting update from 2 → 3 (variant_id: 40637863854139, inventory_item_id: 42733554040891)
2025-06-18 13:17:49  FLE030-IVES-RED-06: ✅ Updated from 2 → 3
2025-06-18 13:18:14  Progress: 2100/3050 processed, 15 updated, 0 failed
2025-06-18 13:19:03  M710AP-08: Attempting update from 6 → 5 (variant_id: 40638008721467, inventory_item_id: 42733698908219)
2025-06-18 13:19:05  M710AP-08: ✅ Updated from 6 → 5 (capped from 20)
2025-06-18 13:19:06  Progress: 2200/3050 processed, 16 updated, 0 failed
2025-06-18 13:19:56  Progress: 2300/3050 processed, 16 updated, 0 failed
2025-06-18 13:20:45  Progress: 2400/3050 processed, 16 updated, 0 failed
2025-06-18 13:21:16  659C7-24-38: Attempting update from 1 → 0 (variant_id: 55090426544514, inventory_item_id: 53546358899074)
2025-06-18 13:21:17  659C7-24-38: ✅ Updated from 1 → 0
2025-06-18 13:21:29  JLH320-UNA-BL-08: Attempting update from 1 → 0 (variant_id: 41754181075003, inventory_item_id: 43849487056955)
2025-06-18 13:21:30  JLH320-UNA-BL-08: ✅ Updated from 1 → 0
2025-06-18 13:21:37  Progress: 2500/3050 processed, 18 updated, 0 failed
2025-06-18 13:22:27  Progress: 2600/3050 processed, 18 updated, 0 failed
2025-06-18 13:22:41  M710AP-13: Attempting update from 6 → 5 (variant_id: 40638008885307, inventory_item_id: 42733699072059)
2025-06-18 13:22:42  M710AP-13: ✅ Updated from 6 → 5 (capped from 20)
2025-06-18 13:23:18  Progress: 2700/3050 processed, 19 updated, 0 failed
2025-06-18 13:24:08  Progress: 2800/3050 processed, 19 updated, 0 failed
2025-06-18 13:24:58  Progress: 2900/3050 processed, 19 updated, 0 failed
2025-06-18 13:25:01  JLH472-GIRONA-BEIGE-04: Attempting update from 0 → 1 (variant_id: 41640064778299, inventory_item_id: 43735285661755)
2025-06-18 13:25:03  JLH472-GIRONA-BEIGE-04: ✅ Updated from 0 → 1
2025-06-18 13:25:15  FLE044-IVES-SILVER-05: Attempting update from 3 → 1 (variant_id: 55064388600194, inventory_item_id: 53520328655234)
2025-06-18 13:25:16  FLE044-IVES-SILVER-05: ✅ Updated from 3 → 1
2025-06-18 13:25:43  SHAKE-II-BLACK-6.5EXF: Attempting update from 4 → 5 (variant_id: 55205319344514, inventory_item_id: 53661182067074)
2025-06-18 13:25:44  SHAKE-II-BLACK-6.5EXF: ✅ Updated from 4 → 5
2025-06-18 13:25:52  Progress: 3000/3050 processed, 22 updated, 0 failed
2025-06-18 13:26:18  Inventory sync completed — items updated: 22, failed: 0, mode: full
2025-06-18 17:00:03  📋 Retrieved 7 unfulfilled orders from Shopify
2025-06-18 17:00:03     Order BC14184: 1 line items
2025-06-18 17:00:03       - SKU: 0034703-MILANO-46, Qty: 1, Product: Birkenstock Milano Birko-Flor Sandals Dark Brown Narrow Fit
2025-06-18 17:00:03     Order BC14183: 2 line items
2025-06-18 17:00:03       - SKU: JLH321-BLAISE-SILVER-06, Qty: 1, Product: Womens Lunar Blaise Open Toe Strap Sandals Silver
2025-06-18 17:00:03       - SKU: JLH321-BLAISE-SILVER-04, Qty: 1, Product: Womens Lunar Blaise Open Toe Strap Sandals Silver
2025-06-18 17:00:03     Order BC14182: 1 line items
2025-06-18 17:00:03       - SKU: 1025062-GIZEH-38, Qty: 1, Product: Birkenstock Gizeh Sandals Vegan Birko-Flor Birkibuc Pecan Brown Regular Fit
2025-06-18 17:00:03     Order BC14181: 1 line items
2025-06-18 17:00:03       - SKU: 0040791-MADRID-42, Qty: 1, Product: Birkenstock Madrid Birko-Flor Black Regular Fit
2025-06-18 17:00:03     Order BC14180: 1 line items
2025-06-18 17:00:03       - SKU: 0034791-MILANO-41, Qty: 1, Product: Birkenstock Milano Birko-Flor Sandals Black Regular Fit
2025-06-18 17:00:03     Order BC14150: 2 line items
2025-06-18 17:00:03       - SKU: B710AP-13, Qty: 1, Product: Boys Goor Oxford Tie Leather Shoe Patent Black
2025-06-18 17:00:03       - SKU: B710AP-01, Qty: 1, Product: Boys Goor Oxford Tie Leather Shoe Patent Black
2025-06-18 17:00:03     Order BC13366: 2 line items
2025-06-18 17:00:03       - SKU: L433A-08, Qty: 1, Product: Womens Rdek Fly Knit Mesh Trainers Black
2025-06-18 17:00:03       - SKU: L944A-08, Qty: 1, Product: Womens Rdek Denim Washed Trainers Black
2025-06-18 17:00:03  📊 Total line items processed: 10
2025-06-18 17:00:03  🔍 Checking orderstatus table for these orders: ['BC14184', 'BC14183', 'BC14182', 'BC14181', 'BC14180', 'BC14150', 'BC13366']
2025-06-18 17:00:03  📋 Found 2 orders already in orderstatus: ['BC13366', 'BC14150']
2025-06-18 17:00:03  ✅ Including order BC14184 (not in orderstatus)
2025-06-18 17:00:03  ✅ Including order BC14183 (not in orderstatus)
2025-06-18 17:00:03  ✅ Including order BC14182 (not in orderstatus)
2025-06-18 17:00:03  ✅ Including order BC14181 (not in orderstatus)
2025-06-18 17:00:03  ✅ Including order BC14180 (not in orderstatus)
2025-06-18 17:00:03  ⏭️  Skipping order BC14150 (already in orderstatus)
2025-06-18 17:00:03  ⏭️  Skipping order BC13366 (already in orderstatus)
2025-06-18 17:00:03  📊 Final unique SKUs: 6 with total quantity: 6
2025-06-18 17:00:03  ✅ Final result: 6 SKUs with unfulfilled orders not in orderstatus
2025-06-18 17:00:03     - 0034703-MILANO-46: 1 items
2025-06-18 17:00:03     - JLH321-BLAISE-SILVER-06: 1 items
2025-06-18 17:00:03     - JLH321-BLAISE-SILVER-04: 1 items
2025-06-18 17:00:03     - 1025062-GIZEH-38: 1 items
2025-06-18 17:00:03     - 0040791-MADRID-42: 1 items
2025-06-18 17:00:03     - 0034791-MILANO-41: 1 items
2025-06-18 17:00:03  ✅ Total unfulfilled items: 6
2025-06-18 17:00:03  Fetching variant information for 3015 products...
2025-06-18 17:00:47  Found variant information for 3009 out of 3015 products
2025-06-18 17:00:47  Starting inventory sync for 3015 products...
2025-06-18 17:00:47  T198A-08: Found variant 40881660035131 in product 'Mens Dek Orleans Fuller Trainers Touch Black' (inventory_item_id: 42976496615483)
2025-06-18 17:00:47  FLE050-MIDBLUE-EVIE-07: Found variant 54913269465474 in product 'Womens Lunar Leather Pump Shoes Mid Blue' (inventory_item_id: 53368665538946)
2025-06-18 17:00:47  M579CN-11: Found variant 41628251390011 in product 'Mens Scimitar Boat Shoes Navy' (inventory_item_id: 43723532271675)
2025-06-18 17:00:47  L213A-05: Found variant 40881428922427 in product 'Womens Grafters Cadet Leather Parade Heeled Shoes Black' (inventory_item_id: 42976265502779)
2025-06-18 17:00:48  1005294-ARIZONA-37: Found variant 41683661619259 in product 'Birkenstock Arizona Two-Strap Patent Sandals White Narrow Width' (inventory_item_id: 43778834858043)
2025-06-18 17:01:20  Progress: 100/3015 processed, 0 updated, 0 failed
2025-06-18 17:02:10  Progress: 200/3015 processed, 0 updated, 0 failed
2025-06-18 17:02:59  Progress: 300/3015 processed, 0 updated, 0 failed
2025-06-18 17:03:49  Progress: 400/3015 processed, 0 updated, 0 failed
2025-06-18 17:04:04  1025062-GIZEH-39: Attempting update from 3 → 4 (variant_id: 55184646963586, inventory_item_id: 53640530297218)
2025-06-18 17:04:05  1025062-GIZEH-39: ✅ Updated from 3 → 4
2025-06-18 17:04:40  Progress: 500/3015 processed, 1 updated, 0 failed
2025-06-18 17:05:30  Progress: 600/3015 processed, 1 updated, 0 failed
2025-06-18 17:06:20  Progress: 700/3015 processed, 1 updated, 0 failed
2025-06-18 17:06:29  JLY219-BRONWYN-WT-04: Attempting update from 2 → 1 (variant_id: 41721910362171, inventory_item_id: 43817043492923)
2025-06-18 17:06:30  JLY219-BRONWYN-WT-04: ✅ Updated from 2 → 1
2025-06-18 17:06:57  GLR003-CLAIRE-BLACK-07: ⚠️  SKU not found in Shopify - skipping inventory update for safety
2025-06-18 17:07:10  Progress: 800/3015 processed, 2 updated, 0 failed
2025-06-18 17:07:25  GLR003-CLAIRE-BLACK-04: ⚠️  SKU not found in Shopify - skipping inventory update for safety
2025-06-18 17:07:35  GLR003-CLAIRE-BLACK-05: ⚠️  SKU not found in Shopify - skipping inventory update for safety
2025-06-18 17:08:00  Progress: 900/3015 processed, 2 updated, 0 failed
2025-06-18 17:08:50  Progress: 1000/3015 processed, 2 updated, 0 failed
2025-06-18 17:09:39  Progress: 1100/3015 processed, 2 updated, 0 failed
2025-06-18 17:10:29  Progress: 1200/3015 processed, 2 updated, 0 failed
2025-06-18 17:11:19  Progress: 1300/3015 processed, 2 updated, 0 failed
2025-06-18 17:12:08  Progress: 1400/3015 processed, 2 updated, 0 failed
2025-06-18 17:12:23  GLR003-CLAIRE-BLACK-08: ⚠️  SKU not found in Shopify - skipping inventory update for safety
2025-06-18 17:12:57  Progress: 1500/3015 processed, 2 updated, 0 failed
2025-06-18 17:13:45  FLE044-IVES-SILVER-08: Attempting update from 1 → 0 (variant_id: 55064388698498, inventory_item_id: 53520328753538)
2025-06-18 17:13:46  FLE044-IVES-SILVER-08: ✅ Updated from 1 → 0
2025-06-18 17:13:48  Progress: 1600/3015 processed, 3 updated, 0 failed
2025-06-18 17:14:42  Progress: 1700/3015 processed, 3 updated, 0 failed
2025-06-18 17:15:31  Progress: 1800/3015 processed, 3 updated, 0 failed
2025-06-18 17:15:45  GLR003-CLAIRE-BLACK-06: ⚠️  SKU not found in Shopify - skipping inventory update for safety
2025-06-18 17:16:21  Progress: 1900/3015 processed, 3 updated, 0 failed
2025-06-18 17:16:40  0034701-MILANO-43: Attempting update from 3 → 4 (variant_id: 41836801458235, inventory_item_id: 43932210430011)
2025-06-18 17:16:41  0034701-MILANO-43: ✅ Updated from 3 → 4
2025-06-18 17:17:00  GLR003-CLAIRE-BLACK-03: ⚠️  SKU not found in Shopify - skipping inventory update for safety
2025-06-18 17:17:12  Progress: 2000/3015 processed, 4 updated, 0 failed
2025-06-18 17:18:01  Progress: 2100/3015 processed, 4 updated, 0 failed
2025-06-18 17:18:29  67476-10-36: Attempting update from 1 → 0 (variant_id: 55117270516098, inventory_item_id: 53573206016386)
2025-06-18 17:18:30  67476-10-36: ✅ Updated from 1 → 0
2025-06-18 17:18:52  Progress: 2200/3015 processed, 5 updated, 0 failed
2025-06-18 17:19:41  Progress: 2300/3015 processed, 5 updated, 0 failed
2025-06-18 17:19:44  FLE044-IVES-SILVER-06: Attempting update from 4 → 3 (variant_id: 55064388632962, inventory_item_id: 53520328688002)
2025-06-18 17:19:45  FLE044-IVES-SILVER-06: ✅ Updated from 4 → 3
2025-06-18 17:20:32  Progress: 2400/3015 processed, 6 updated, 0 failed
2025-06-18 17:21:22  Progress: 2500/3015 processed, 6 updated, 0 failed
2025-06-18 17:22:11  Progress: 2600/3015 processed, 6 updated, 0 failed
2025-06-18 17:23:01  Progress: 2700/3015 processed, 6 updated, 0 failed
2025-06-18 17:23:50  Progress: 2800/3015 processed, 6 updated, 0 failed
2025-06-18 17:24:38  FLE044-IVES-SILVER-07: Attempting update from 2 → 1 (variant_id: 55064388665730, inventory_item_id: 53520328720770)
2025-06-18 17:24:39  FLE044-IVES-SILVER-07: ✅ Updated from 2 → 1
2025-06-18 17:24:41  Progress: 2900/3015 processed, 7 updated, 0 failed
2025-06-18 17:25:30  Progress: 3000/3015 processed, 7 updated, 0 failed
2025-06-18 17:25:40  Inventory sync completed — items updated: 7, failed: 0, mode: full
