2025-06-14 12:19:48  Starting inventory sync for 3061 products...
2025-06-14 12:19:50  T198A-08: Updated from 17 → 5 (capped from 17)
2025-06-14 12:19:52  L213A-05: Updated from 19 → 5 (capped from 19)
2025-06-14 12:19:53  T702A-11: Updated from 17 → 5 (capped from 17)
2025-06-14 12:19:55  M014A-10: Updated from 17 → 5 (capped from 17)
2025-06-14 12:19:57  L9552NC-04: Updated from 17 → 5 (capped from 17)
2025-06-14 12:19:58  L213A-03: Updated from 17 → 5 (capped from 17)
2025-06-14 12:20:04  FLE030-IVES-GREY-08: Updated from 9 → 5 (capped from 9)
2025-06-14 12:20:04  M516B-14: Updated from 17 → 5 (capped from 17)
2025-06-14 12:20:06  M365AP-10: Updated from 17 → 5 (capped from 17)
2025-06-14 12:20:07  L377EF-08: Updated from 17 → 5 (capped from 17)
2025-06-14 12:20:08  G716A-02: Updated from 17 → 5 (capped from 17)
2025-06-14 12:20:15  M247A-10: Updated from 17 → 5 (capped from 17)
2025-06-14 12:20:15  L310BGM-03: Updated from 17 → 5 (capped from 17)
2025-06-14 12:20:16  L402C-03: Updated from 9 → 5 (capped from 9)
2025-06-14 12:20:17  B697A-11: Updated from 17 → 5 (capped from 17)
2025-06-14 12:20:23  T755G-07: Updated from 17 → 5 (capped from 17)
2025-06-14 12:20:24  L172A-07: Updated from 17 → 5 (capped from 17)
2025-06-14 12:20:26  M202A-14: Updated from 17 → 5 (capped from 17)
2025-06-14 12:20:27  T702A-13: Updated from 17 → 5 (capped from 17)
2025-06-14 12:20:33  M839B-09: Updated from 17 → 5 (capped from 17)
2025-06-14 12:20:35  T657GLC-03: Updated from 7 → 5 (capped from 7)
2025-06-14 12:20:44  M025BN-46: Updated from 11 → 5 (capped from 11)
2025-06-14 12:20:45  M601A-11: Updated from 17 → 5 (capped from 17)
2025-06-14 12:20:53  L944G-03: Updated from 17 → 5 (capped from 17)
2025-06-14 12:20:56  L9540CF-07: Updated from 12 → 5 (capped from 12)
2025-06-14 12:20:57  T187A-10: Updated from 17 → 5 (capped from 17)
2025-06-14 12:21:05  L439A-03: Updated from 17 → 5 (capped from 17)
2025-06-14 12:21:06  T757LC-04: Updated from 17 → 5 (capped from 17)
2025-06-14 12:21:07  M343C-09: Updated from 17 → 5 (capped from 17)
2025-06-14 12:21:15  T832AE-02: Updated from 17 → 5 (capped from 17)
2025-06-14 12:21:25  M202A-10: Updated from 18 → 5 (capped from 18)
2025-06-14 12:21:25  Progress: 100/3061 processed, 31 updated
2025-06-14 12:21:26  L932FS-03: Updated from 6 → 5 (capped from 6)
2025-06-14 12:21:29  M404B-15: Updated from 17 → 5 (capped from 17)
2025-06-14 12:21:38  M404B-08: Updated from 18 → 5 (capped from 18)
2025-06-14 12:21:45  LS339NC-08: Updated from 17 → 5 (capped from 17)
2025-06-14 12:21:46  FLE030-IVES-GREY-05: Updated from 12 → 5 (capped from 12)
2025-06-14 12:21:48  L948G-06: Updated from 17 → 5 (capped from 17)
2025-06-14 12:21:54  L439A-04: Updated from 17 → 5 (capped from 17)
2025-06-14 12:21:55  B678A-13: Updated from 17 → 5 (capped from 17)
2025-06-14 12:21:56  L531A-06: Updated from 17 → 5 (capped from 17)
2025-06-14 12:21:58  M286A-10: Updated from 17 → 5 (capped from 17)
2025-06-14 12:21:59  M024B-10: Updated from 18 → 5 (capped from 18)
2025-06-14 12:22:05  M410A-11: Updated from 18 → 5 (capped from 18)
2025-06-14 12:22:09  G723AP-13: Updated from 17 → 5 (capped from 17)
2025-06-14 12:22:15  FLE030-IVES-RED-07: Updated from 13 → 5 (capped from 13)
2025-06-14 12:22:18  M9556B-09: Updated from 17 → 5 (capped from 17)
2025-06-14 12:22:24  L944G-04: Updated from 17 → 5 (capped from 17)
2025-06-14 12:22:25  M627A-10: Updated from 17 → 5 (capped from 17)
2025-06-14 12:22:26  FLE030-IVES-BLACKSOLE-06: Updated from 7 → 5 (capped from 7)
2025-06-14 12:22:27  L389A-05: Updated from 17 → 5 (capped from 17)
2025-06-14 12:22:28  L932FS-04: Updated from 17 → 5 (capped from 17)
2025-06-14 12:22:30  L5041A-04: Updated from 17 → 5 (capped from 17)
2025-06-14 12:22:39  M9579LT-06: Updated from 7 → 5 (capped from 7)
2025-06-14 12:22:39  M268A-41: Updated from 17 → 5 (capped from 17)
2025-06-14 12:22:45  M365AP-06: Updated from 17 → 5 (capped from 17)
2025-06-14 12:22:46  M606A-07: Updated from 15 → 5 (capped from 15)
2025-06-14 12:22:57  L625F-08: Updated from 17 → 5 (capped from 17)
2025-06-14 12:23:06  L932FS-06: Updated from 17 → 5 (capped from 17)
2025-06-14 12:23:07  B040F-05: Updated from 17 → 5 (capped from 17)
2025-06-14 12:23:08  L310ABM-05: Updated from 17 → 5 (capped from 17)
2025-06-14 12:23:09  M001BT-10: Updated from 17 → 5 (capped from 17)
2025-06-14 12:23:15  M001BT-07: Updated from 17 → 5 (capped from 17)
2025-06-14 12:23:16  M499B-08: Updated from 17 → 5 (capped from 17)
2025-06-14 12:23:17  M496TS-11: Updated from 17 → 5 (capped from 17)
2025-06-14 12:23:17  T832AE-09: Updated from 17 → 5 (capped from 17)
2025-06-14 12:23:19  M028B-09: Updated from 17 → 5 (capped from 17)
2025-06-14 12:23:25  Progress: 200/3061 processed, 66 updated
2025-06-14 12:23:27  L932A-07: Updated from 12 → 5 (capped from 12)
2025-06-14 12:23:28  M343C-07: Updated from 17 → 5 (capped from 17)
2025-06-14 12:23:30  M278A-06: Updated from 12 → 5 (capped from 12)
2025-06-14 12:23:36  JLH950-BLAZE-NUDE-06: Updated from 10 → 5 (capped from 10)
2025-06-14 12:23:37  M710AP-06: Updated from 17 → 5 (capped from 17)
2025-06-14 12:23:38  FLE030-IVES-BLACK-05: Updated from 7 → 5 (capped from 7)
2025-06-14 12:23:39  B820GB-01: Updated from 17 → 5 (capped from 17)
2025-06-14 12:23:47  FLE030-IVES-WHITE-06: Updated from 55 → 5 (capped from 55)
2025-06-14 12:23:54  M378BS-10: Updated from 17 → 5 (capped from 17)
2025-06-14 12:23:56  M186WB-10: Updated from 17 → 5 (capped from 17)
2025-06-14 12:23:57  L415A-04: Updated from 17 → 5 (capped from 17)
2025-06-14 12:23:58  FLE030-IVES-MIDBLUE-03: Updated from 9 → 5 (capped from 9)
2025-06-14 12:23:59  M9556B-16: Updated from 17 → 5 (capped from 17)
2025-06-14 12:24:08  L9539CF-05: Updated from 17 → 5 (capped from 17)
2025-06-14 12:24:09  L307BT-05: Updated from 15 → 5 (capped from 15)
2025-06-14 12:24:09  B710AP-13: Updated from 18 → 5 (capped from 18)
2025-06-14 12:24:15  XM620A-03: Updated from 17 → 5 (capped from 17)
2025-06-14 12:24:16  L439A-08: Updated from 17 → 5 (capped from 17)
2025-06-14 12:24:17  L402C-04: Updated from 18 → 5 (capped from 18)
2025-06-14 12:24:18  L994A-05: Updated from 17 → 5 (capped from 17)
2025-06-14 12:24:18  M268A-46: Updated from 17 → 5 (capped from 17)
2025-06-14 12:24:25  M186WB-14: Updated from 13 → 5 (capped from 13)
2025-06-14 12:24:27  M351A-10: Updated from 17 → 5 (capped from 17)
2025-06-14 12:24:35  L415A-03: Updated from 17 → 5 (capped from 17)
2025-06-14 12:24:37  FLE030-IVES-BLACK-08: Updated from 7 → 5 (capped from 7)
2025-06-14 12:24:38  M286A-08: Updated from 17 → 5 (capped from 17)
2025-06-14 12:24:39  L948A-07: Updated from 14 → 5 (capped from 14)
2025-06-14 12:24:46  M516B-11: Updated from 19 → 5 (capped from 19)
2025-06-14 12:24:47  L415A-05: Updated from 17 → 5 (capped from 17)
2025-06-14 12:24:57  L712A-04: Updated from 17 → 5 (capped from 17)
2025-06-14 12:24:58  T198A-14: Updated from 17 → 5 (capped from 17)
2025-06-14 12:25:00  T755G-04: Updated from 17 → 5 (capped from 17)
2025-06-14 12:25:06  M620A-04: Updated from 17 → 5 (capped from 17)
2025-06-14 12:25:08  M968BC-07: Updated from 20 → 5 (capped from 20)
2025-06-14 12:25:15  M378BS-09: Updated from 17 → 5 (capped from 17)
2025-06-14 12:25:16  T657GLC-08: Updated from 17 → 5 (capped from 17)
2025-06-14 12:25:18  Progress: 300/3061 processed, 102 updated
2025-06-14 12:25:24  L944A-05: Updated from 10 → 5 (capped from 10)
2025-06-14 12:25:27  M404A-10: Updated from 18 → 5 (capped from 18)
2025-06-14 12:25:27  M601A-09: Updated from 17 → 5 (capped from 17)
2025-06-14 12:25:36  L981A-08: Updated from 17 → 5 (capped from 17)
2025-06-14 12:25:38  M265B-43: Updated from 17 → 5 (capped from 17)
2025-06-14 12:25:44  L402C-09: Updated from 17 → 5 (capped from 17)
2025-06-14 12:25:45  T198G-13: Updated from 18 → 5 (capped from 18)
2025-06-14 12:25:50  L377PK-05: Updated from 17 → 5 (capped from 17)
2025-06-14 12:25:55  M579CN-07: Updated from 17 → 5 (capped from 17)
2025-06-14 12:25:58  L213A-09: Updated from 18 → 5 (capped from 18)
2025-06-14 12:25:59  L310BD-05: Updated from 7 → 5 (capped from 7)
2025-06-14 12:26:08  M196A-12: Updated from 18 → 5 (capped from 18)
2025-06-14 12:26:09  L310LFM-05: Updated from 13 → 5 (capped from 13)
2025-06-14 12:26:15  M410B-11: Updated from 18 → 5 (capped from 18)
2025-06-14 12:26:16  T757C-04: Updated from 17 → 5 (capped from 17)
2025-06-14 12:26:19  M620A-08: Updated from 17 → 5 (capped from 17)
2025-06-14 12:26:28  L173A-06: Updated from 18 → 5 (capped from 18)
2025-06-14 12:26:29  L5041BT-06: Updated from 17 → 5 (capped from 17)
2025-06-14 12:26:36  L173A-05: Updated from 18 → 5 (capped from 18)
2025-06-14 12:26:38  L389A-04: Updated from 17 → 5 (capped from 17)
2025-06-14 12:26:46  M710AP-12: Updated from 18 → 5 (capped from 18)
2025-06-14 12:26:47  M410B-09: Updated from 18 → 5 (capped from 18)
2025-06-14 12:26:56  L932A-05: Updated from 17 → 5 (capped from 17)
2025-06-14 12:26:58  T647F-04: Updated from 17 → 5 (capped from 17)
2025-06-14 12:26:59  L515A-03: Updated from 17 → 5 (capped from 17)
2025-06-14 12:27:06  M980B-12: Updated from 9 → 5 (capped from 9)
2025-06-14 12:27:07  MS161TS-11: Updated from 17 → 5 (capped from 17)
2025-06-14 12:27:14  T749C-08: Updated from 17 → 5 (capped from 17)
2025-06-14 12:27:15  T647F-06: Updated from 17 → 5 (capped from 17)
2025-06-14 12:27:16  Progress: 400/3061 processed, 131 updated
2025-06-14 12:27:16  L172A-05: Updated from 17 → 5 (capped from 17)
2025-06-14 12:27:19  M081B-43: Updated from 14 → 5 (capped from 14)
2025-06-14 12:27:26  M327TS-10: Updated from 17 → 5 (capped from 17)
2025-06-14 12:27:27  0128161-MADRID-44: Updated from 6 → 5 (capped from 6)
2025-06-14 12:27:35  T586TS-06: Updated from 14 → 5 (capped from 14)
2025-06-14 12:27:37  T748LF-05: Updated from 17 → 5 (capped from 17)
2025-06-14 12:27:47  M9556B-06: Updated from 17 → 5 (capped from 17)
2025-06-14 12:27:48  M014A-08: Updated from 17 → 5 (capped from 17)
2025-06-14 12:27:54  T164G-07: Updated from 12 → 5 (capped from 12)
2025-06-14 12:27:56  M265A-46: Updated from 17 → 5 (capped from 17)
2025-06-14 12:28:04  M812A-10: Updated from 17 → 5 (capped from 17)
2025-06-14 12:28:06  M364BT-10: Updated from 17 → 5 (capped from 17)
2025-06-14 12:28:07  FLE030-IVES-NAVY-BLUE-05: Updated from 25 → 5 (capped from 25)
2025-06-14 12:28:14  M450A-09: Updated from 17 → 5 (capped from 17)
2025-06-14 12:28:14  0034701-MILANO-42: Updated from 3 → 4
2025-06-14 12:28:16  L174A-03: Updated from 16 → 5 (capped from 16)
2025-06-14 12:28:18  C732A-02: Updated from 17 → 5 (capped from 17)
2025-06-14 12:28:25  M351A-08: Updated from 17 → 5 (capped from 17)
2025-06-14 12:28:27  M265A-45: Updated from 17 → 5 (capped from 17)
2025-06-14 12:28:27  T733F-12: Updated from 8 → 5 (capped from 8)
2025-06-14 12:28:36  M252C-07: Updated from 17 → 5 (capped from 17)
2025-06-14 12:28:43  M298A-11: Updated from 17 → 5 (capped from 17)
2025-06-14 12:28:47  M001BT-06: Updated from 16 → 5 (capped from 16)
2025-06-14 12:28:48  XM620A-06: Updated from 19 → 5 (capped from 19)
2025-06-14 12:28:48  M014A-09: Updated from 17 → 5 (capped from 17)
2025-06-14 12:28:55  M812A-11: Updated from 7 → 5 (capped from 7)
2025-06-14 12:28:57  L310BGM-08: Updated from 17 → 5 (capped from 17)
2025-06-14 12:29:04  M143BT-09: Updated from 17 → 5 (capped from 17)
2025-06-14 12:29:05  L5041BT-08: Updated from 17 → 5 (capped from 17)
2025-06-14 12:29:06  T164A-10: Updated from 17 → 5 (capped from 17)
2025-06-14 12:29:12  Progress: 500/3061 processed, 161 updated
2025-06-14 12:29:15  T647PK-05: Updated from 17 → 5 (capped from 17)
2025-06-14 12:29:23  M450A-12: Updated from 18 → 5 (capped from 18)
2025-06-14 12:29:26  M404A-11: Updated from 18 → 5 (capped from 18)
2025-06-14 12:29:33  L498C-07: Updated from 17 → 5 (capped from 17)
2025-06-14 12:29:34  T586AS-11: Updated from 17 → 5 (capped from 17)
2025-06-14 12:29:44  L377PK-08: Updated from 6 → 5 (capped from 6)
2025-06-14 12:29:46  M127B-44: Updated from 9 → 5 (capped from 9)
2025-06-14 12:29:47  L213A-08: Updated from 18 → 5 (capped from 18)
2025-06-14 12:29:53  M343C-06: Updated from 17 → 5 (capped from 17)
2025-06-14 12:29:54  M182A-11: Updated from 17 → 5 (capped from 17)
2025-06-14 12:29:56  M186WB-05: Updated from 17 → 5 (capped from 17)
2025-06-14 12:29:56  M163BT-09: Updated from 17 → 5 (capped from 17)
2025-06-14 12:30:13  M410B-06: Updated from 8 → 5 (capped from 8)
2025-06-14 12:30:14  T748LF-08: Updated from 17 → 5 (capped from 17)
2025-06-14 12:30:15  G723AP-01: Updated from 17 → 5 (capped from 17)
2025-06-14 12:30:23  T746F-13: Updated from 17 → 5 (capped from 17)
2025-06-14 12:30:24  M247A-12: Updated from 9 → 5 (capped from 9)
2025-06-14 12:30:25  L443FS-07: Updated from 12 → 5 (capped from 12)
2025-06-14 12:30:26  T586AS-13: Updated from 17 → 5 (capped from 17)
2025-06-14 12:30:32  L320A-07: Updated from 17 → 5 (capped from 17)
2025-06-14 12:30:33  L872A-07: Updated from 17 → 5 (capped from 17)
2025-06-14 12:30:35  M516B-10: Updated from 17 → 5 (capped from 17)
2025-06-14 12:30:36  L994A-06: Updated from 17 → 5 (capped from 17)
2025-06-14 12:30:37  M265A-42: Updated from 17 → 5 (capped from 17)
2025-06-14 12:30:44  T164A-08: Updated from 17 → 5 (capped from 17)
2025-06-14 12:30:45  L402C-08: Updated from 17 → 5 (capped from 17)
2025-06-14 12:30:52  L172A-06: Updated from 13 → 5 (capped from 13)
2025-06-14 12:30:54  M127B-45: Updated from 10 → 5 (capped from 10)
2025-06-14 12:30:55  L377PK-04: Updated from 17 → 5 (capped from 17)
2025-06-14 12:30:56  M267BT-10: Updated from 17 → 5 (capped from 17)
2025-06-14 12:30:56  M409A-14: Updated from 17 → 5 (capped from 17)
2025-06-14 12:31:02  L531A-08: Updated from 17 → 5 (capped from 17)
2025-06-14 12:31:03  M822B-43: Updated from 17 → 5 (capped from 17)
2025-06-14 12:31:04  M265B-41: Updated from 11 → 5 (capped from 11)
2025-06-14 12:31:05  L443FS-05: Updated from 17 → 5 (capped from 17)
2025-06-14 12:31:06  Progress: 600/3061 processed, 196 updated
2025-06-14 12:31:13  T746F-10: Updated from 17 → 5 (capped from 17)
2025-06-14 12:31:15  L480G-06: Updated from 17 → 5 (capped from 17)
2025-06-14 12:31:16  M627A-05: Updated from 17 → 5 (capped from 17)
2025-06-14 12:31:23  L712A-09: Updated from 17 → 5 (capped from 17)
2025-06-14 12:31:32  M327TS-09: Updated from 17 → 5 (capped from 17)
2025-06-14 12:31:36  M365AP-07: Updated from 17 → 5 (capped from 17)
2025-06-14 12:31:37  L924A-05: Updated from 17 → 5 (capped from 17)
2025-06-14 12:31:44  M839B-07: Updated from 17 → 5 (capped from 17)
2025-06-14 12:31:53  M351A-11: Updated from 17 → 5 (capped from 17)
2025-06-14 12:31:54  M265B-45: Updated from 12 → 5 (capped from 12)
2025-06-14 12:31:55  M364BT-11: Updated from 17 → 5 (capped from 17)
2025-06-14 12:31:56  L498C-08: Updated from 17 → 5 (capped from 17)
2025-06-14 12:32:02  M286A-12: Updated from 7 → 5 (capped from 7)
2025-06-14 12:32:02  L531A-07: Updated from 17 → 5 (capped from 17)
2025-06-14 12:32:07  M579BN-11: Updated from 7 → 5 (capped from 7)
2025-06-14 12:32:13  FLE030-IVES-BEIGE-05: Updated from 10 → 5 (capped from 10)
2025-06-14 12:32:13  B710AP-08: Updated from 18 → 5 (capped from 18)
2025-06-14 12:32:15  T164G-10: Updated from 17 → 5 (capped from 17)
2025-06-14 12:32:15  L9552NC-07: Updated from 17 → 5 (capped from 17)
2025-06-14 12:32:16  XM620A-10: Updated from 19 → 5 (capped from 19)
2025-06-14 12:32:22  T748LF-03: Updated from 17 → 5 (capped from 17)
2025-06-14 12:32:25  L310LFM-09: Updated from 17 → 5 (capped from 17)
2025-06-14 12:32:26  M900BD-12: Updated from 17 → 5 (capped from 17)
2025-06-14 12:32:26  M408BT-08: Updated from 17 → 5 (capped from 17)
2025-06-14 12:32:33  M627A-13: Updated from 17 → 5 (capped from 17)
2025-06-14 12:32:34  M839A-10: Updated from 17 → 5 (capped from 17)
2025-06-14 12:32:43  L439A-05: Updated from 17 → 5 (capped from 17)
2025-06-14 12:32:44  T586AS-09: Updated from 17 → 5 (capped from 17)
2025-06-14 12:32:45  T756A-08: Updated from 17 → 5 (capped from 17)
2025-06-14 12:32:53  T164G-12: Updated from 13 → 5 (capped from 13)
2025-06-14 12:32:54  T702A-09: Updated from 17 → 5 (capped from 17)
2025-06-14 12:32:54  L9539CF-06: Updated from 17 → 5 (capped from 17)
2025-06-14 12:32:55  L714FM-07: Updated from 17 → 5 (capped from 17)
2025-06-14 12:33:03  SUINTARTL-06: Updated from 17 → 5 (capped from 17)
2025-06-14 12:33:04  M579CN-08: Updated from 17 → 5 (capped from 17)
2025-06-14 12:33:04  Progress: 700/3061 processed, 231 updated
2025-06-14 12:33:07  M579BN-09: Updated from 17 → 5 (capped from 17)
2025-06-14 12:33:13  T198G-08: Updated from 17 → 5 (capped from 17)
2025-06-14 12:33:14  T164G-09: Updated from 17 → 5 (capped from 17)
2025-06-14 12:33:15  M900BD-11: Updated from 17 → 5 (capped from 17)
2025-06-14 12:33:16  T683C-13: Updated from 17 → 5 (capped from 17)
2025-06-14 12:33:17  L515G-05: Updated from 17 → 5 (capped from 17)
2025-06-14 12:33:24  M001BT-12: Updated from 17 → 5 (capped from 17)
2025-06-14 12:33:24  L480G-08: Updated from 17 → 5 (capped from 17)
2025-06-14 12:33:25  M499B-07: Updated from 7 → 5 (capped from 7)
2025-06-14 12:33:33  T187A-08: Updated from 15 → 5 (capped from 15)
2025-06-14 12:33:34  L389A-06: Updated from 17 → 5 (capped from 17)
2025-06-14 12:33:35  T832AE-10: Updated from 17 → 5 (capped from 17)
2025-06-14 12:33:37  M9579LT-08: Updated from 17 → 5 (capped from 17)
2025-06-14 12:33:45  L5041A-08: Updated from 17 → 5 (capped from 17)
2025-06-14 12:33:53  M968BC-10: Updated from 18 → 5 (capped from 18)
2025-06-14 12:33:55  T247A-11: Updated from 17 → 5 (capped from 17)
2025-06-14 12:34:01  L310BGM-06: Updated from 17 → 5 (capped from 17)
2025-06-14 12:34:03  M365AP-12: Updated from 17 → 5 (capped from 17)
2025-06-14 12:34:13  M202A-13: Updated from 17 → 5 (capped from 17)
2025-06-14 12:34:15  M286A-11: Updated from 12 → 5 (capped from 12)
2025-06-14 12:34:17  M351A-06: Updated from 11 → 5 (capped from 11)
2025-06-14 12:34:23  M631A-43: Updated from 17 → 5 (capped from 17)
2025-06-14 12:34:23  L625F-04: Updated from 17 → 5 (capped from 17)
2025-06-14 12:34:32  L515G-09: Updated from 10 → 5 (capped from 10)
2025-06-14 12:34:36  L415A-07: Updated from 17 → 5 (capped from 17)
2025-06-14 12:34:43  L932FS-07: Updated from 17 → 5 (capped from 17)
2025-06-14 12:34:43  M037A-11: Updated from 12 → 5 (capped from 12)
2025-06-14 12:34:45  M984A-07: Updated from 17 → 5 (capped from 17)
2025-06-14 12:34:52  L213A-06: Updated from 18 → 5 (capped from 18)
2025-06-14 12:34:53  L415A-06: Updated from 17 → 5 (capped from 17)
2025-06-14 12:34:54  M364BT-12: Updated from 17 → 5 (capped from 17)
2025-06-14 12:34:55  M028B-10: Updated from 17 → 5 (capped from 17)
2025-06-14 12:35:02  L777TS-07: Updated from 17 → 5 (capped from 17)
2025-06-14 12:35:03  SUINTARTL-08: Updated from 17 → 5 (capped from 17)
2025-06-14 12:35:03  Progress: 800/3061 processed, 265 updated
2025-06-14 12:35:07  M265B-44: Updated from 17 → 5 (capped from 17)
2025-06-14 12:35:13  M839A-08: Updated from 17 → 5 (capped from 17)
2025-06-14 12:35:17  M252C-08: Updated from 17 → 5 (capped from 17)
2025-06-14 12:35:26  T198G-10: Updated from 17 → 5 (capped from 17)
2025-06-14 12:35:27  M710AP-10: Updated from 19 → 5 (capped from 19)
2025-06-14 12:35:36  M551C-10: Updated from 18 → 5 (capped from 18)
2025-06-14 12:35:38  L981A-06: Updated from 17 → 5 (capped from 17)
2025-06-14 12:35:45  L872A-05: Updated from 17 → 5 (capped from 17)
2025-06-14 12:35:46  M291AP-09: Updated from 18 → 5 (capped from 18)
2025-06-14 12:35:47  M186WB-11: Updated from 17 → 5 (capped from 17)
2025-06-14 12:35:48  M365AP-13: Updated from 20 → 5 (capped from 20)
2025-06-14 12:35:55  M607B-09: Updated from 17 → 5 (capped from 17)
2025-06-14 12:35:55  L9558AP-08: Updated from 17 → 5 (capped from 17)
2025-06-14 12:35:57  M409A-11: Updated from 17 → 5 (capped from 17)
2025-06-14 12:36:06  M343C-12: Updated from 17 → 5 (capped from 17)
2025-06-14 12:36:07  XM620A-11: Updated from 18 → 5 (capped from 18)
2025-06-14 12:36:09  FLE030-IVES-MIDBLUE-04: Updated from 9 → 5 (capped from 9)
2025-06-14 12:36:16  L532A-06: Updated from 17 → 5 (capped from 17)
2025-06-14 12:36:17  M9556B-07: Updated from 17 → 5 (capped from 17)
2025-06-14 12:36:26  M9556B-12: Updated from 17 → 5 (capped from 17)
2025-06-14 12:36:29  L988A-04: Updated from 9 → 5 (capped from 9)
2025-06-14 12:36:44  M404B-10: Updated from 19 → 5 (capped from 19)
2025-06-14 12:36:46  M478A-09: Updated from 17 → 5 (capped from 17)
2025-06-14 12:36:47  L712A-03: Updated from 6 → 5 (capped from 6)
2025-06-14 12:36:53  L515A-06: Updated from 17 → 5 (capped from 17)
2025-06-14 12:36:54  L307BT-04: Updated from 13 → 5 (capped from 13)
2025-06-14 12:36:55  T748LF-06: Updated from 17 → 5 (capped from 17)
2025-06-14 12:36:55  Progress: 900/3061 processed, 292 updated
2025-06-14 12:36:56  T764A-03: Updated from 13 → 5 (capped from 13)
2025-06-14 12:36:58  M980B-07: Updated from 6 → 5 (capped from 6)
2025-06-14 12:37:06  M365AP-11: Updated from 17 → 5 (capped from 17)
2025-06-14 12:37:07  L777TS-06: Updated from 17 → 5 (capped from 17)
2025-06-14 12:37:14  M607B-10: Updated from 17 → 5 (capped from 17)
2025-06-14 12:37:15  M196A-13: Updated from 17 → 5 (capped from 17)
2025-06-14 12:37:16  L537BT-09: Updated from 13 → 5 (capped from 13)
2025-06-14 12:37:16  T187G-08: Updated from 17 → 5 (capped from 17)
2025-06-14 12:37:23  M278A-09: Updated from 17 → 5 (capped from 17)
2025-06-14 12:37:24  L994A-04: Updated from 17 → 5 (capped from 17)
2025-06-14 12:37:25  T187G-12: Updated from 17 → 5 (capped from 17)
2025-06-14 12:37:29  M298A-08: Updated from 17 → 5 (capped from 17)
2025-06-14 12:37:36  T733F-08: Updated from 11 → 5 (capped from 11)
2025-06-14 12:37:37  T187G-06: Updated from 17 → 5 (capped from 17)
2025-06-14 12:37:45  M627A-15: Updated from 17 → 5 (capped from 17)
2025-06-14 12:37:46  T586AS-10: Updated from 17 → 5 (capped from 17)
2025-06-14 12:37:56  T586TS-12: Updated from 11 → 5 (capped from 11)
2025-06-14 12:37:57  T746F-12: Updated from 17 → 5 (capped from 17)
2025-06-14 12:37:57  L515G-06: Updated from 17 → 5 (capped from 17)
2025-06-14 12:37:58  M409A-10: Updated from 17 → 5 (capped from 17)
2025-06-14 12:38:07  M025CN-43: Updated from 17 → 5 (capped from 17)
2025-06-14 12:38:16  M291AP-10: Updated from 19 → 5 (capped from 19)
2025-06-14 12:38:17  L9558AP-04: Updated from 17 → 5 (capped from 17)
2025-06-14 12:38:22  L9552NC-05: Updated from 17 → 5 (capped from 17)
2025-06-14 12:38:23  T187A-09: Updated from 17 → 5 (capped from 17)
2025-06-14 12:38:24  M812A-09: Updated from 17 → 5 (capped from 17)
2025-06-14 12:38:24  L988A-07: Updated from 17 → 5 (capped from 17)
2025-06-14 12:38:26  T683C-11: Updated from 17 → 5 (capped from 17)
2025-06-14 12:38:28  T755G-03: Updated from 15 → 5 (capped from 15)
2025-06-14 12:38:36  L5041A-07: Updated from 17 → 5 (capped from 17)
2025-06-14 12:38:44  M984A-09: Updated from 17 → 5 (capped from 17)
2025-06-14 12:38:45  M968BC-08: Updated from 18 → 5 (capped from 18)
2025-06-14 12:38:52  L310AA-03: Updated from 13 → 5 (capped from 13)
2025-06-14 12:38:53  Progress: 1000/3061 processed, 325 updated
2025-06-14 12:38:55  L310LFM-07: Updated from 17 → 5 (capped from 17)
2025-06-14 12:38:56  M001BT-11: Updated from 17 → 5 (capped from 17)
2025-06-14 12:38:57  L810NC-04: Updated from 9 → 5 (capped from 9)
2025-06-14 12:38:57  L963AP-06: Updated from 17 → 5 (capped from 17)
2025-06-14 12:39:03  L9540CF-04: Updated from 17 → 5 (capped from 17)
2025-06-14 12:39:04  T748LF-04: Updated from 17 → 5 (capped from 17)
2025-06-14 12:39:13  T749C-13: Updated from 17 → 5 (capped from 17)
2025-06-14 12:39:15  L944F-06: Updated from 17 → 5 (capped from 17)
2025-06-14 12:39:22  T198G-09: Updated from 17 → 5 (capped from 17)
2025-06-14 12:39:24  M163BT-11: Updated from 17 → 5 (capped from 17)
2025-06-14 12:39:27  M202A-08: Updated from 17 → 5 (capped from 17)
2025-06-14 12:39:33  L173A-04: Updated from 17 → 5 (capped from 17)
2025-06-14 12:39:34  SUINTARTL-03: Updated from 17 → 5 (capped from 17)
2025-06-14 12:39:35  M710AP-11: Updated from 17 → 5 (capped from 17)
2025-06-14 12:39:46  L377EF-05: Updated from 17 → 5 (capped from 17)
2025-06-14 12:39:52  L515FS-07: Updated from 17 → 5 (capped from 17)
2025-06-14 12:39:57  T187A-07: Updated from 17 → 5 (capped from 17)
2025-06-14 12:40:03  M404A-08: Updated from 19 → 5 (capped from 19)
2025-06-14 12:40:06  B820GB-04: Updated from 17 → 5 (capped from 17)
2025-06-14 12:40:12  FLE030-IVES-BEIGE-06: Updated from 16 → 5 (capped from 16)
2025-06-14 12:40:14  M081B-45: Updated from 17 → 5 (capped from 17)
2025-06-14 12:40:15  L963AP-05: Updated from 17 → 5 (capped from 17)
2025-06-14 12:40:15  M9579LT-10: Updated from 17 → 5 (capped from 17)
2025-06-14 12:40:24  M028B-11: Updated from 8 → 5 (capped from 8)
2025-06-14 12:40:26  T686F-10: Updated from 17 → 5 (capped from 17)
2025-06-14 12:40:27  L810NC-06: Updated from 17 → 5 (capped from 17)
2025-06-14 12:40:33  T757LC-06: Updated from 17 → 5 (capped from 17)
2025-06-14 12:40:34  M343C-11: Updated from 17 → 5 (capped from 17)
2025-06-14 12:40:36  FLE030-IVES-BEIGE-08: Updated from 10 → 5 (capped from 10)
2025-06-14 12:40:37  M631A-41: Updated from 17 → 5 (capped from 17)
2025-06-14 12:40:44  M028B-08: Updated from 17 → 5 (capped from 17)
2025-06-14 12:40:45  Progress: 1100/3061 processed, 356 updated
2025-06-14 12:40:53  T832AE-12: Updated from 17 → 5 (capped from 17)
2025-06-14 12:40:54  LS339S-07: Updated from 17 → 5 (capped from 17)
2025-06-14 12:41:03  T247A-12: Updated from 17 → 5 (capped from 17)
2025-06-14 12:41:05  JLH950-BLAZE-NAVY-07: Updated from 15 → 5 (capped from 15)
2025-06-14 12:41:06  T734F-06: Updated from 9 → 5 (capped from 9)
2025-06-14 12:41:13  M404B-13: Updated from 19 → 5 (capped from 19)
2025-06-14 12:41:13  M179A-08: Updated from 17 → 5 (capped from 17)
2025-06-14 12:41:15  M627A-11: Updated from 17 → 5 (capped from 17)
2025-06-14 12:41:15  L988NC-06: Updated from 17 → 5 (capped from 17)
2025-06-14 12:41:16  SUINTARTL-05: Updated from 17 → 5 (capped from 17)
2025-06-14 12:41:18  M607B-11: Updated from 17 → 5 (capped from 17)
2025-06-14 12:41:25  T852A-09: Updated from 17 → 5 (capped from 17)
2025-06-14 12:41:36  JLH950-BLAZE-NAVY-08: Updated from 7 → 5 (capped from 7)
2025-06-14 12:41:37  M025BN-44: Updated from 17 → 5 (capped from 17)
2025-06-14 12:41:43  L307BT-09: Updated from 17 → 5 (capped from 17)
2025-06-14 12:41:43  M268A-45: Updated from 17 → 5 (capped from 17)
2025-06-14 12:41:47  B697A-01: Updated from 17 → 5 (capped from 17)
2025-06-14 12:41:53  L714FM-05: Updated from 17 → 5 (capped from 17)
2025-06-14 12:41:54  L537BT-06: Updated from 17 → 5 (capped from 17)
2025-06-14 12:41:55  B678A-04: Updated from 17 → 5 (capped from 17)
2025-06-14 12:42:03  T657GLC-05: Updated from 17 → 5 (capped from 17)
2025-06-14 12:42:03  L389A-08: Updated from 17 → 5 (capped from 17)
2025-06-14 12:42:04  L932A-06: Updated from 17 → 5 (capped from 17)
2025-06-14 12:42:06  M606A-12: Updated from 12 → 5 (capped from 12)
2025-06-14 12:42:12  MS161TS-13: Updated from 17 → 5 (capped from 17)
2025-06-14 12:42:14  M081B-44: Updated from 9 → 5 (capped from 9)
2025-06-14 12:42:17  T164A-12: Updated from 17 → 5 (capped from 17)
2025-06-14 12:42:18  M551C-07: Updated from 18 → 5 (capped from 18)
2025-06-14 12:42:24  M408BT-09: Updated from 17 → 5 (capped from 17)
2025-06-14 12:42:25  G723AP-04: Updated from 17 → 5 (capped from 17)
2025-06-14 12:42:26  B040F-04: Updated from 11 → 5 (capped from 11)
2025-06-14 12:42:27  T187G-11: Updated from 17 → 5 (capped from 17)
2025-06-14 12:42:33  M9556B-08: Updated from 17 → 5 (capped from 17)
2025-06-14 12:42:34  M450A-10: Updated from 18 → 5 (capped from 18)
2025-06-14 12:42:36  FLE030-IVES-BLACKSOLE-07: Updated from 11 → 5 (capped from 11)
2025-06-14 12:42:42  LS339S-05: Updated from 17 → 5 (capped from 17)
2025-06-14 12:42:43  C732A-11: Updated from 17 → 5 (capped from 17)
2025-06-14 12:42:44  L532A-04: Updated from 15 → 5 (capped from 15)
2025-06-14 12:42:44  L307A-06: Updated from 17 → 5 (capped from 17)
2025-06-14 12:42:45  T749C-07: Updated from 17 → 5 (capped from 17)
2025-06-14 12:42:46  Progress: 1200/3061 processed, 396 updated
2025-06-14 12:42:55  T683C-09: Updated from 11 → 5 (capped from 11)
2025-06-14 12:42:57  L5041BT-04: Updated from 17 → 5 (capped from 17)
2025-06-14 12:42:58  M620A-12: Updated from 18 → 5 (capped from 18)
2025-06-14 12:43:05  1019094-ARIZONA-45: Updated from 6 → 5 (capped from 6)
2025-06-14 12:43:07  M839B-10: Updated from 17 → 5 (capped from 17)
2025-06-14 12:43:14  B820GB-03: Updated from 17 → 5 (capped from 17)
2025-06-14 12:43:15  T746F-07: Updated from 17 → 5 (capped from 17)
2025-06-14 12:43:17  L433A-06: Updated from 13 → 5 (capped from 13)
2025-06-14 12:43:18  1019094-ARIZONA-43: Updated from 6 → 5 (capped from 6)
2025-06-14 12:43:19  M268A-40: Updated from 17 → 5 (capped from 17)
2025-06-14 12:43:25  L480G-04: Updated from 17 → 5 (capped from 17)
2025-06-14 12:43:25  MS161TS-10: Updated from 17 → 5 (capped from 17)
2025-06-14 12:43:27  M404B-11: Updated from 18 → 5 (capped from 18)
2025-06-14 12:43:34  G716A-13: Updated from 17 → 5 (capped from 17)
2025-06-14 12:43:35  M291AP-08: Updated from 19 → 5 (capped from 19)
2025-06-14 12:43:36  L531A-05: Updated from 17 → 5 (capped from 17)
2025-06-14 12:43:45  T187A-12: Updated from 17 → 5 (capped from 17)
2025-06-14 12:43:48  T852A-10: Updated from 17 → 5 (capped from 17)
2025-06-14 12:43:54  L173A-08: Updated from 7 → 5 (capped from 7)
2025-06-14 12:43:56  M143BT-07: Updated from 17 → 5 (capped from 17)
2025-06-14 12:43:57  M186WB-08: Updated from 17 → 5 (capped from 17)
2025-06-14 12:44:03  T686F-08: Updated from 17 → 5 (capped from 17)
2025-06-14 12:44:05  M247A-09: Updated from 17 → 5 (capped from 17)
2025-06-14 12:44:05  M278A-11: Updated from 17 → 5 (capped from 17)
2025-06-14 12:44:13  M409A-13: Updated from 17 → 5 (capped from 17)
2025-06-14 12:44:16  XM620A-09: Updated from 18 → 5 (capped from 18)
2025-06-14 12:44:24  M025BN-45: Updated from 17 → 5 (capped from 17)
2025-06-14 12:44:25  M163BT-06: Updated from 17 → 5 (capped from 17)
2025-06-14 12:44:27  L515C-03: Updated from 17 → 5 (capped from 17)
2025-06-14 12:44:33  M252C-12: Updated from 17 → 5 (capped from 17)
2025-06-14 12:44:34  L714FM-06: Updated from 17 → 5 (capped from 17)
2025-06-14 12:44:35  LS339NC-05: Updated from 17 → 5 (capped from 17)
2025-06-14 12:44:36  M127B-43: Updated from 12 → 5 (capped from 12)
2025-06-14 12:44:43  M378BS-08: Updated from 17 → 5 (capped from 17)
2025-06-14 12:44:44  Progress: 1300/3061 processed, 430 updated
2025-06-14 12:44:46  L173A-07: Updated from 15 → 5 (capped from 15)
2025-06-14 12:44:53  M179A-10: Updated from 17 → 5 (capped from 17)
2025-06-14 12:44:54  M409A-15: Updated from 17 → 5 (capped from 17)
2025-06-14 12:44:56  L480G-03: Updated from 17 → 5 (capped from 17)
2025-06-14 12:44:56  L537BT-07: Updated from 17 → 5 (capped from 17)
2025-06-14 12:45:05  L714FM-03: Updated from 6 → 5 (capped from 6)
2025-06-14 12:45:05  M450A-13: Updated from 18 → 5 (capped from 18)
2025-06-14 12:45:06  M984A-11: Updated from 17 → 5 (capped from 17)
2025-06-14 12:45:13  T837G-11: Updated from 17 → 5 (capped from 17)
2025-06-14 12:45:14  M202A-06: Updated from 6 → 5 (capped from 6)
2025-06-14 12:45:17  B820GB-02: Updated from 17 → 5 (capped from 17)
2025-06-14 12:45:25  L9552NC-06: Updated from 17 → 5 (capped from 17)
2025-06-14 12:45:33  L377EF-06: Updated from 17 → 5 (capped from 17)
2025-06-14 12:45:33  1014934-ZERMATT-40: Updated from 7 → 5 (capped from 7)
2025-06-14 12:45:35  L777TS-04: Updated from 17 → 5 (capped from 17)
2025-06-14 12:45:36  M182A-09: Updated from 17 → 5 (capped from 17)
2025-06-14 12:45:43  M839A-07: Updated from 17 → 5 (capped from 17)
2025-06-14 12:45:43  L712A-07: Updated from 17 → 5 (capped from 17)
2025-06-14 12:45:44  M579CN-09: Updated from 17 → 5 (capped from 17)
2025-06-14 12:45:47  M620A-14: Updated from 18 → 5 (capped from 18)
2025-06-14 12:45:47  L625F-06: Updated from 17 → 5 (capped from 17)
2025-06-14 12:45:55  L480G-07: Updated from 17 → 5 (capped from 17)
2025-06-14 12:45:56  M408BT-11: Updated from 17 → 5 (capped from 17)
2025-06-14 12:46:03  T247A-10: Updated from 17 → 5 (capped from 17)
2025-06-14 12:46:05  L515FS-03: Updated from 17 → 5 (capped from 17)
2025-06-14 12:46:13  M404A-12: Updated from 18 → 5 (capped from 18)
2025-06-14 12:46:16  M202A-09: Updated from 17 → 5 (capped from 17)
2025-06-14 12:46:17  M378BS-14: Updated from 17 → 5 (capped from 17)
2025-06-14 12:46:23  B040F-06: Updated from 17 → 5 (capped from 17)
2025-06-14 12:46:24  B678A-05: Updated from 17 → 5 (capped from 17)
2025-06-14 12:46:25  M298A-10: Updated from 17 → 5 (capped from 17)
2025-06-14 12:46:26  0071051-MAYARI-38: Updated from 0 → 1
2025-06-14 12:46:27  0128163-MADRID-40: Updated from 7 → 5 (capped from 7)
2025-06-14 12:46:34  T187G-10: Updated from 17 → 5 (capped from 17)
2025-06-14 12:46:35  T164A-07: Updated from 17 → 5 (capped from 17)
2025-06-14 12:46:36  L377PK-06: Updated from 17 → 5 (capped from 17)
2025-06-14 12:46:42  M9556B-14: Updated from 18 → 5 (capped from 18)
2025-06-14 12:46:43  T852A-08: Updated from 17 → 5 (capped from 17)
2025-06-14 12:46:43  Progress: 1400/3061 processed, 468 updated
2025-06-14 12:46:47  L988A-05: Updated from 17 → 5 (capped from 17)
2025-06-14 12:46:47  L310AA-07: Updated from 17 → 5 (capped from 17)
2025-06-14 12:46:54  L932C-05: Updated from 17 → 5 (capped from 17)
2025-06-14 12:46:55  M410B-12: Updated from 17 → 5 (capped from 17)
2025-06-14 12:47:03  M037A-12: Updated from 6 → 5 (capped from 6)
2025-06-14 12:47:05  M404A-09: Updated from 18 → 5 (capped from 18)
2025-06-14 12:47:15  G723AP-03: Updated from 17 → 5 (capped from 17)
2025-06-14 12:47:17  L515G-07: Updated from 17 → 5 (capped from 17)
2025-06-14 12:47:23  M143BT-11: Updated from 17 → 5 (capped from 17)
2025-06-14 12:47:24  T187A-06: Updated from 11 → 5 (capped from 11)
2025-06-14 12:47:26  M601A-07: Updated from 15 → 5 (capped from 15)
2025-06-14 12:47:33  M037A-07: Updated from 10 → 5 (capped from 10)
2025-06-14 12:47:33  L310ABM-08: Updated from 17 → 5 (capped from 17)
2025-06-14 12:47:41  T187G-07: Updated from 17 → 5 (capped from 17)
2025-06-14 12:47:44  T586TS-09: Updated from 17 → 5 (capped from 17)
2025-06-14 12:47:46  T647F-05: Updated from 17 → 5 (capped from 17)
2025-06-14 12:47:52  T198A-12: Updated from 17 → 5 (capped from 17)
2025-06-14 12:47:53  B697A-04: Updated from 17 → 5 (capped from 17)
2025-06-14 12:47:56  M268A-43: Updated from 17 → 5 (capped from 17)
2025-06-14 12:48:01  FLE030-IVES-BLACKSOLE-05: Updated from 13 → 5 (capped from 13)
2025-06-14 12:48:02  L924A-06: Updated from 17 → 5 (capped from 17)
2025-06-14 12:48:03  M984A-06: Updated from 14 → 5 (capped from 14)
2025-06-14 12:48:11  M625A-43: Updated from 17 → 5 (capped from 17)
2025-06-14 12:48:16  L944F-05: Updated from 17 → 5 (capped from 17)
2025-06-14 12:48:16  L320A-06: Updated from 17 → 5 (capped from 17)
2025-06-14 12:48:24  L944F-04: Updated from 17 → 5 (capped from 17)
2025-06-14 12:48:25  M968BC-09: Updated from 17 → 5 (capped from 17)
2025-06-14 12:48:32  M037A-10: Updated from 17 → 5 (capped from 17)
2025-06-14 12:48:34  M404B-07: Updated from 18 → 5 (capped from 18)
2025-06-14 12:48:35  L9540CF-05: Updated from 17 → 5 (capped from 17)
2025-06-14 12:48:35  Progress: 1500/3061 processed, 498 updated
2025-06-14 12:48:41  M408BT-07: Updated from 15 → 5 (capped from 15)
2025-06-14 12:48:43  L932C-06: Updated from 17 → 5 (capped from 17)
2025-06-14 12:48:44  L944G-05: Updated from 17 → 5 (capped from 17)
2025-06-14 12:48:53  M551C-11: Updated from 18 → 5 (capped from 18)
2025-06-14 12:48:55  L310ABM-06: Updated from 11 → 5 (capped from 11)
2025-06-14 12:49:03  L5041BT-09: Updated from 17 → 5 (capped from 17)
2025-06-14 12:49:10  M631A-45: Updated from 17 → 5 (capped from 17)
2025-06-14 12:49:12  T837G-12: Updated from 17 → 5 (capped from 17)
2025-06-14 12:49:13  T764A-05: Updated from 17 → 5 (capped from 17)
2025-06-14 12:49:14  L932FS-08: Updated from 10 → 5 (capped from 10)
2025-06-14 12:49:15  T198G-14: Updated from 6 → 5 (capped from 6)
2025-06-14 12:49:22  M620A-07: Updated from 18 → 5 (capped from 18)
2025-06-14 12:49:23  M627A-16: Updated from 17 → 5 (capped from 17)
2025-06-14 12:49:24  M378BS-07: Updated from 17 → 5 (capped from 17)
2025-06-14 12:49:33  L515C-05: Updated from 17 → 5 (capped from 17)
2025-06-14 12:49:34  M516B-09: Updated from 17 → 5 (capped from 17)
2025-06-14 12:49:40  M378BS-13: Updated from 10 → 5 (capped from 10)
2025-06-14 12:49:43  T647F-08: Updated from 17 → 5 (capped from 17)
2025-06-14 12:49:44  T749C-10: Updated from 17 → 5 (capped from 17)
2025-06-14 12:49:44  FLE030-IVES-BLACK-07: Updated from 11 → 5 (capped from 11)
2025-06-14 12:49:51  M252C-09: Updated from 17 → 5 (capped from 17)
2025-06-14 12:49:51  L532A-05: Updated from 17 → 5 (capped from 17)
2025-06-14 12:50:00  L498C-04: Updated from 17 → 5 (capped from 17)
2025-06-14 12:50:01  L377EF-04: Updated from 17 → 5 (capped from 17)
2025-06-14 12:50:02  T198G-11: Updated from 18 → 5 (capped from 18)
2025-06-14 12:50:04  M625A-41: Updated from 7 → 5 (capped from 7)
2025-06-14 12:50:11  M606A-08: Updated from 17 → 5 (capped from 17)
2025-06-14 12:50:13  L5041BT-07: Updated from 17 → 5 (capped from 17)
2025-06-14 12:50:13  C732A-13: Updated from 17 → 5 (capped from 17)
2025-06-14 12:50:14  T198A-10: Updated from 18 → 5 (capped from 18)
2025-06-14 12:50:15  T247A-06: Updated from 17 → 5 (capped from 17)
2025-06-14 12:50:15  L981A-09: Updated from 17 → 5 (capped from 17)
2025-06-14 12:50:22  B710AP-11: Updated from 17 → 5 (capped from 17)
2025-06-14 12:50:24  M516B-12: Updated from 17 → 5 (capped from 17)
2025-06-14 12:50:25  M551C-08: Updated from 18 → 5 (capped from 18)
2025-06-14 12:50:31  T657GLC-06: Updated from 17 → 5 (capped from 17)
2025-06-14 12:50:32  L5041BT-05: Updated from 17 → 5 (capped from 17)
2025-06-14 12:50:33  M579BN-07: Updated from 17 → 5 (capped from 17)
2025-06-14 12:50:40  M014A-06: Updated from 17 → 5 (capped from 17)
2025-06-14 12:50:40  Progress: 1600/3061 processed, 537 updated
2025-06-14 12:50:40  B710AP-09: Updated from 19 → 5 (capped from 19)
2025-06-14 12:50:53  M286A-09: Updated from 17 → 5 (capped from 17)
2025-06-14 12:50:54  M450A-14: Updated from 17 → 5 (capped from 17)
2025-06-14 12:50:55  L515FS-04: Updated from 17 → 5 (capped from 17)
2025-06-14 12:51:03  M196A-09: Updated from 18 → 5 (capped from 18)
2025-06-14 12:51:06  T764A-04: Updated from 17 → 5 (capped from 17)
2025-06-14 12:51:15  M625A-42: Updated from 17 → 5 (capped from 17)
2025-06-14 12:51:15  M369F-09: Updated from 13 → 5 (capped from 13)
2025-06-14 12:51:22  XM620A-05: Updated from 19 → 5 (capped from 19)
2025-06-14 12:51:23  M9556B-11: Updated from 17 → 5 (capped from 17)
2025-06-14 12:51:24  M812A-08: Updated from 17 → 5 (capped from 17)
2025-06-14 12:51:32  G716A-03: Updated from 17 → 5 (capped from 17)
2025-06-14 12:51:33  B820GB-06: Updated from 17 → 5 (capped from 17)
2025-06-14 12:51:37  LS339NC-07: Updated from 17 → 5 (capped from 17)
2025-06-14 12:51:44  M410B-10: Updated from 18 → 5 (capped from 18)
2025-06-14 12:51:46  L981A-05: Updated from 17 → 5 (capped from 17)
2025-06-14 12:51:53  T702A-05: Updated from 13 → 5 (capped from 13)
2025-06-14 12:51:54  MS161TS-07: Updated from 17 → 5 (capped from 17)
2025-06-14 12:52:02  1019094-ARIZONA-42: Updated from 6 → 5 (capped from 6)
2025-06-14 12:52:05  C732A-08: Updated from 17 → 5 (capped from 17)
2025-06-14 12:52:06  M410B-07: Updated from 18 → 5 (capped from 18)
2025-06-14 12:52:14  M546CN-10: Updated from 15 → 5 (capped from 15)
2025-06-14 12:52:15  L9558AP-06: Updated from 17 → 5 (capped from 17)
2025-06-14 12:52:23  B678A-01: Updated from 17 → 5 (capped from 17)
2025-06-14 12:52:25  M298A-09: Updated from 17 → 5 (capped from 17)
2025-06-14 12:52:31  C732A-09: Updated from 17 → 5 (capped from 17)
2025-06-14 12:52:32  M551C-09: Updated from 18 → 5 (capped from 18)
2025-06-14 12:52:32  Progress: 1700/3061 processed, 564 updated
2025-06-14 12:52:33  M179A-09: Updated from 17 → 5 (capped from 17)
2025-06-14 12:52:36  T755G-06: Updated from 17 → 5 (capped from 17)
2025-06-14 12:52:37  L5041A-06: Updated from 17 → 5 (capped from 17)
2025-06-14 12:52:37  B697A-03: Updated from 17 → 5 (capped from 17)
2025-06-14 12:52:44  FLE030-IVES-BEIGE-07: Updated from 14 → 5 (capped from 14)
2025-06-14 12:52:46  L310AA-09: Updated from 15 → 5 (capped from 15)
2025-06-14 12:52:56  M968BC-11: Updated from 19 → 5 (capped from 19)
2025-06-14 12:53:01  M343C-10: Updated from 17 → 5 (capped from 17)
2025-06-14 12:53:04  L988NC-08: Updated from 10 → 5 (capped from 10)
2025-06-14 12:53:05  M143BT-10: Updated from 18 → 5 (capped from 18)
2025-06-14 12:53:07  M980B-09: Updated from 17 → 5 (capped from 17)
2025-06-14 12:53:13  B678A-12: Updated from 17 → 5 (capped from 17)
2025-06-14 12:53:14  M620A-13: Updated from 17 → 5 (capped from 17)
2025-06-14 12:53:15  M631A-46: Updated from 17 → 5 (capped from 17)
2025-06-14 12:53:15  M450A-08: Updated from 12 → 5 (capped from 12)
2025-06-14 12:53:16  M265A-39: Updated from 17 → 5 (capped from 17)
2025-06-14 12:53:24  L994A-08: Updated from 17 → 5 (capped from 17)
2025-06-14 12:53:25  L531A-03: Updated from 17 → 5 (capped from 17)
2025-06-14 12:53:36  G723AP-05: Updated from 17 → 5 (capped from 17)
2025-06-14 12:53:42  L320A-03: Updated from 8 → 5 (capped from 8)
2025-06-14 12:53:43  M822B-44: Updated from 17 → 5 (capped from 17)
2025-06-14 12:53:45  L310BGM-04: Updated from 17 → 5 (capped from 17)
2025-06-14 12:53:52  M980B-10: Updated from 7 → 5 (capped from 7)
2025-06-14 12:53:52  M631A-42: Updated from 17 → 5 (capped from 17)
2025-06-14 12:53:54  M409A-08: Updated from 17 → 5 (capped from 17)
2025-06-14 12:53:55  M627A-09: Updated from 17 → 5 (capped from 17)
2025-06-14 12:54:01  T733F-11: Updated from 17 → 5 (capped from 17)
2025-06-14 12:54:01  M591CS-09: Updated from 12 → 5 (capped from 12)
2025-06-14 12:54:02  L515A-04: Updated from 17 → 5 (capped from 17)
2025-06-14 12:54:05  M278A-13: Updated from 16 → 5 (capped from 16)
2025-06-14 12:54:06  0128161-MADRID-45: Updated from 6 → 5 (capped from 6)
2025-06-14 12:54:12  M265A-40: Updated from 17 → 5 (capped from 17)
2025-06-14 12:54:15  M404B-12: Updated from 18 → 5 (capped from 18)
2025-06-14 12:54:21  L988A-06: Updated from 17 → 5 (capped from 17)
2025-06-14 12:54:23  M620A-11: Updated from 18 → 5 (capped from 18)
2025-06-14 12:54:30  Progress: 1800/3061 processed, 599 updated
2025-06-14 12:54:31  L9558AP-03: Updated from 7 → 5 (capped from 7)
2025-06-14 12:54:45  T749C-12: Updated from 17 → 5 (capped from 17)
2025-06-14 12:54:51  L402C-07: Updated from 17 → 5 (capped from 17)
2025-06-14 12:54:52  M984A-13: Updated from 17 → 5 (capped from 17)
2025-06-14 12:54:54  M900BD-07: Updated from 17 → 5 (capped from 17)
2025-06-14 12:54:54  LS339S-06: Updated from 17 → 5 (capped from 17)
2025-06-14 12:55:02  T198G-06: Updated from 8 → 5 (capped from 8)
2025-06-14 12:55:03  M291AP-07: Updated from 18 → 5 (capped from 18)
2025-06-14 12:55:05  T756A-10: Updated from 17 → 5 (capped from 17)
2025-06-14 12:55:12  FLE030-IVES-BLACKSOLE-04: Updated from 18 → 5 (capped from 18)
2025-06-14 12:55:13  M980B-08: Updated from 17 → 5 (capped from 17)
2025-06-14 12:55:20  L320A-08: Updated from 17 → 5 (capped from 17)
2025-06-14 12:55:21  L5041A-05: Updated from 17 → 5 (capped from 17)
2025-06-14 12:55:31  M478A-07: Updated from 17 → 5 (capped from 17)
2025-06-14 12:55:41  T733F-10: Updated from 14 → 5 (capped from 14)
2025-06-14 12:55:41  L9558AP-05: Updated from 17 → 5 (capped from 17)
2025-06-14 12:55:43  M014A-11: Updated from 17 → 5 (capped from 17)
2025-06-14 12:55:43  L963AP-07: Updated from 17 → 5 (capped from 17)
2025-06-14 12:55:44  L515FS-05: Updated from 17 → 5 (capped from 17)
2025-06-14 12:55:50  M351A-12: Updated from 17 → 5 (capped from 17)
2025-06-14 12:55:51  L307BT-07: Updated from 7 → 5 (capped from 7)
2025-06-14 12:55:52  M607B-08: Updated from 17 → 5 (capped from 17)
2025-06-14 12:55:53  M496TS-10: Updated from 17 → 5 (capped from 17)
2025-06-14 12:55:55  M186WB-07: Updated from 17 → 5 (capped from 17)
2025-06-14 12:56:01  M822B-42: Updated from 17 → 5 (capped from 17)
2025-06-14 12:56:02  L9552NC-03: Updated from 17 → 5 (capped from 17)
2025-06-14 12:56:04  T198A-13: Updated from 18 → 5 (capped from 18)
2025-06-14 12:56:14  M450A-15: Updated from 13 → 5 (capped from 13)
2025-06-14 12:56:14  L948A-05: Updated from 11 → 5 (capped from 11)
2025-06-14 12:56:20  L531A-04: Updated from 17 → 5 (capped from 17)
2025-06-14 12:56:21  M579CN-10: Updated from 17 → 5 (capped from 17)
2025-06-14 12:56:21  M163BT-12: Updated from 17 → 5 (capped from 17)
2025-06-14 12:56:23  Progress: 1900/3061 processed, 631 updated
2025-06-14 12:56:25  T198G-07: Updated from 17 → 5 (capped from 17)
2025-06-14 12:56:33  JLH950-BLAZE-NUDE-08: Updated from 6 → 5 (capped from 6)
2025-06-14 12:56:41  L307BT-08: Updated from 10 → 5 (capped from 10)
2025-06-14 12:56:43  L532A-03: Updated from 7 → 5 (capped from 7)
2025-06-14 12:56:43  M410A-07: Updated from 17 → 5 (capped from 17)
2025-06-14 12:56:44  M014A-07: Updated from 17 → 5 (capped from 17)
2025-06-14 12:56:50  M620A-03: Updated from 17 → 5 (capped from 17)
2025-06-14 12:56:54  B697A-13: Updated from 17 → 5 (capped from 17)
2025-06-14 12:56:55  L932C-07: Updated from 16 → 5 (capped from 16)
2025-06-14 12:57:02  M968BC-06: Updated from 20 → 5 (capped from 20)
2025-06-14 12:57:03  L9539CF-07: Updated from 10 → 5 (capped from 10)
2025-06-14 12:57:12  M268A-39: Updated from 17 → 5 (capped from 17)
2025-06-14 12:57:12  L994A-07: Updated from 17 → 5 (capped from 17)
2025-06-14 12:57:14  XM620A-12: Updated from 18 → 5 (capped from 18)
2025-06-14 12:57:20  M327TS-06: Updated from 14 → 5 (capped from 14)
2025-06-14 12:57:32  L532A-07: Updated from 13 → 5 (capped from 13)
2025-06-14 12:57:33  M601A-08: Updated from 17 → 5 (capped from 17)
2025-06-14 12:57:40  L320A-05: Updated from 17 → 5 (capped from 17)
2025-06-14 12:57:41  M450A-11: Updated from 17 → 5 (capped from 17)
2025-06-14 12:57:41  L310LFM-06: Updated from 17 → 5 (capped from 17)
2025-06-14 12:57:42  M9579LT-09: Updated from 17 → 5 (capped from 17)
2025-06-14 12:57:43  T746F-08: Updated from 17 → 5 (capped from 17)
2025-06-14 12:57:50  M900BD-10: Updated from 17 → 5 (capped from 17)
2025-06-14 12:57:51  L924A-09: Updated from 17 → 5 (capped from 17)
2025-06-14 12:57:53  T755G-08: Updated from 17 → 5 (capped from 17)
2025-06-14 12:57:55  L5041A-09: Updated from 7 → 5 (capped from 7)
2025-06-14 12:58:02  M278A-07: Updated from 17 → 5 (capped from 17)
2025-06-14 12:58:03  M327TS-07: Updated from 17 → 5 (capped from 17)
2025-06-14 12:58:04  T702A-12: Updated from 17 → 5 (capped from 17)
2025-06-14 12:58:13  T247A-09: Updated from 17 → 5 (capped from 17)
2025-06-14 12:58:13  L389A-03: Updated from 17 → 5 (capped from 17)
2025-06-14 12:58:14  T647F-07: Updated from 17 → 5 (capped from 17)
2025-06-14 12:58:21  M291AP-12: Updated from 18 → 5 (capped from 18)
2025-06-14 12:58:21  Progress: 2000/3061 processed, 664 updated
2025-06-14 12:58:25  M900BD-08: Updated from 17 → 5 (capped from 17)
2025-06-14 12:58:31  SUINTARTL-04: Updated from 17 → 5 (capped from 17)
2025-06-14 12:58:32  C732A-06: Updated from 17 → 5 (capped from 17)
2025-06-14 12:58:33  FLE030-IVES-BLACK-04: Updated from 7 → 5 (capped from 7)
2025-06-14 12:58:33  B697A-05: Updated from 17 → 5 (capped from 17)
2025-06-14 12:58:34  L443FS-04: Updated from 17 → 5 (capped from 17)
2025-06-14 12:58:35  M579BN-08: Updated from 17 → 5 (capped from 17)
2025-06-14 12:58:41  B710AP-10: Updated from 19 → 5 (capped from 19)
2025-06-14 12:58:42  L515C-06: Updated from 17 → 5 (capped from 17)
2025-06-14 12:58:43  T198A-09: Updated from 18 → 5 (capped from 18)
2025-06-14 12:58:44  M625A-46: Updated from 9 → 5 (capped from 9)
2025-06-14 12:58:51  M710AP-07: Updated from 18 → 5 (capped from 18)
2025-06-14 12:58:51  M409A-09: Updated from 18 → 5 (capped from 18)
2025-06-14 12:58:52  M516B-08: Updated from 17 → 5 (capped from 17)
2025-06-14 12:58:53  L515G-03: Updated from 17 → 5 (capped from 17)
2025-06-14 12:59:01  L932FS-05: Updated from 17 → 5 (capped from 17)
2025-06-14 12:59:03  M081B-42: Updated from 9 → 5 (capped from 9)
2025-06-14 12:59:04  FLE030-IVES-GREY-07: Updated from 12 → 5 (capped from 12)
2025-06-14 12:59:04  L439A-09: Updated from 17 → 5 (capped from 17)
2025-06-14 12:59:11  L515G-04: Updated from 17 → 5 (capped from 17)
2025-06-14 12:59:11  L402C-05: Updated from 18 → 5 (capped from 18)
2025-06-14 12:59:14  L625F-05: Updated from 17 → 5 (capped from 17)
2025-06-14 12:59:25  M163BT-08: Updated from 17 → 5 (capped from 17)
2025-06-14 12:59:33  T657GLC-04: Updated from 17 → 5 (capped from 17)
2025-06-14 12:59:34  L498C-05: Updated from 17 → 5 (capped from 17)
2025-06-14 12:59:40  L174A-06: Updated from 17 → 5 (capped from 17)
2025-06-14 12:59:41  M591CS-10: Updated from 10 → 5 (capped from 10)
2025-06-14 12:59:42  M601A-12: Updated from 9 → 5 (capped from 9)
2025-06-14 12:59:50  C732A-12: Updated from 17 → 5 (capped from 17)
2025-06-14 13:00:01  M202A-11: Updated from 17 → 5 (capped from 17)
2025-06-14 13:00:02  Starting inventory sync for 3061 products...
2025-06-14 13:00:02  M364BT-07: Updated from 17 → 5 (capped from 17)
2025-06-14 13:00:09  L310BGM-07: Updated from 17 → 5 (capped from 17)
2025-06-14 13:00:09  L948A-06: Updated from 8 → 5 (capped from 8)
2025-06-14 13:00:16  M247A-07: Updated from 12 → 5 (capped from 12)
2025-06-14 13:00:28  T164G-08: Updated from 17 → 5 (capped from 17)
2025-06-14 13:00:29  M179A-12: Updated from 7 → 5 (capped from 7)
2025-06-14 13:00:36  M496TS-12: Updated from 7 → 5 (capped from 7)
2025-06-14 13:00:36  Progress: 2100/3061 processed, 701 updated
2025-06-14 13:00:43  L515C-08: Updated from 17 → 5 (capped from 17)
2025-06-14 13:00:50  T852A-01: Updated from 17 → 5 (capped from 17)
2025-06-14 13:00:57  T755G-05: Updated from 17 → 5 (capped from 17)
2025-06-14 13:01:03  M327TS-12: Updated from 12 → 5 (capped from 12)
2025-06-14 13:01:10  T683C-02: Updated from 17 → 5 (capped from 17)
2025-06-14 13:01:23  M410A-09: Updated from 17 → 5 (capped from 17)
2025-06-14 13:01:24  L924A-04: Updated from 13 → 5 (capped from 13)
2025-06-14 13:01:30  B678A-02: Updated from 17 → 5 (capped from 17)
2025-06-14 13:01:30  M252C-06: Updated from 17 → 5 (capped from 17)
2025-06-14 13:01:36  M364BT-06: Updated from 6 → 5 (capped from 6)
2025-06-14 13:01:37  FLE030-IVES-GREY-06: Updated from 27 → 5 (capped from 27)
2025-06-14 13:01:45  M404B-14: Updated from 12 → 5 (capped from 12)
2025-06-14 13:01:52  L174A-05: Updated from 17 → 5 (capped from 17)
2025-06-14 13:01:58  M291AP-11: Updated from 19 → 5 (capped from 19)
2025-06-14 13:02:11  M408BT-10: Updated from 17 → 5 (capped from 17)
2025-06-14 13:02:18  L307BT-06: Updated from 17 → 5 (capped from 17)
2025-06-14 13:02:31  LS339S-03: Updated from 14 → 5 (capped from 14)
2025-06-14 13:02:46  T702A-02: Updated from 17 → 5 (capped from 17)
2025-06-14 13:02:51  L310ABM-04: Updated from 14 → 5 (capped from 14)
2025-06-14 13:02:58  M343C-08: Updated from 17 → 5 (capped from 17)
2025-06-14 13:02:59  L948G-04: Updated from 8 → 5 (capped from 8)
2025-06-14 13:03:11  0128161-MADRID-43: Updated from 6 → 5 (capped from 6)
2025-06-14 13:03:17  Progress: 100/3061 processed, 0 updated
2025-06-14 13:03:18  M450A-07: Updated from 9 → 5 (capped from 9)
2025-06-14 13:03:25  T187A-11: Updated from 17 → 5 (capped from 17)
2025-06-14 13:03:31  T757C-03: Updated from 14 → 5 (capped from 14)
2025-06-14 13:03:32  M516B-13: Updated from 17 → 5 (capped from 17)
2025-06-14 13:03:33  LS339S-04: Updated from 17 → 5 (capped from 17)
2025-06-14 13:03:45  FLE030-IVES-MIDBLUE-07: Updated from 8 → 5 (capped from 8)
2025-06-14 13:03:46  M627A-06: Updated from 17 → 5 (capped from 17)
2025-06-14 13:03:53  L402C-06: Updated from 17 → 5 (capped from 17)
2025-06-14 13:03:59  L515A-05: Updated from 17 → 5 (capped from 17)
2025-06-14 13:04:06  T657AM-04: Updated from 13 → 5 (capped from 13)
2025-06-14 13:04:19  M143BT-08: Updated from 17 → 5 (capped from 17)
2025-06-14 13:04:19  L944F-07: Updated from 17 → 5 (capped from 17)
2025-06-14 13:04:20  T247A-08: Updated from 17 → 5 (capped from 17)
2025-06-14 13:04:26  M812A-07: Updated from 11 → 5 (capped from 11)
2025-06-14 13:04:33  Progress: 2200/3061 processed, 737 updated
2025-06-14 13:04:35  FLE030-IVES-NAVY-BLUE-06: Updated from 20 → 5 (capped from 20)
2025-06-14 13:04:46  M710AP-08: Updated from 16 → 5 (capped from 17)
2025-06-14 13:04:53  JLH950-BLAZE-NUDE-07: Updated from 10 → 5 (capped from 10)
2025-06-14 13:05:00  SHAKE-II-BLACK-6EXF: Updated from 6 → 5 (capped from 6)
2025-06-14 13:05:01  T837G-09: Updated from 13 → 5 (capped from 13)
2025-06-14 13:05:07  M710AP-09: Updated from 18 → 5 (capped from 18)
2025-06-14 13:05:13  T198A-07: Updated from 17 → 5 (capped from 17)
2025-06-14 13:05:20  T683C-01: Updated from 17 → 5 (capped from 17)
2025-06-14 13:05:26  L443FS-06: Updated from 17 → 5 (capped from 17)
2025-06-14 13:05:28  T647PK-07: Updated from 17 → 5 (capped from 17)
2025-06-14 13:05:49  1014934-ZERMATT-41: Updated from 9 → 5 (capped from 9)
2025-06-14 13:05:55  T746F-09: Updated from 17 → 5 (capped from 17)
2025-06-14 13:06:01  M186WB-12: Updated from 18 → 5 (capped from 18)
2025-06-14 13:06:07  1017721-BEND-37: Updated from 0 → 2
2025-06-14 13:06:08  M163BT-10: Updated from 17 → 5 (capped from 17)
2025-06-14 13:06:15  FLE030-IVES-WHITE-07: Updated from 46 → 5 (capped from 46)
2025-06-14 13:06:21  L988A-08: Updated from 7 → 5 (capped from 7)
2025-06-14 13:06:27  T198G-12: Updated from 17 → 5 (capped from 17)
2025-06-14 13:06:28  M267BT-09: Updated from 17 → 5 (capped from 17)
2025-06-14 13:06:35  Progress: 200/3061 processed, 0 updated
2025-06-14 13:06:35  L480G-05: Updated from 17 → 5 (capped from 17)
2025-06-14 13:06:42  L9558AP-07: Updated from 17 → 5 (capped from 17)
2025-06-14 13:06:55  T586TS-07: Updated from 17 → 5 (capped from 17)
2025-06-14 13:06:55  XM620A-13: Updated from 17 → 5 (capped from 17)
2025-06-14 13:07:15  M343C-05: Updated from 17 → 5 (capped from 17)
2025-06-14 13:07:16  M984A-08: Updated from 17 → 5 (capped from 17)
2025-06-14 13:07:29  L377EF-07: Updated from 17 → 5 (capped from 17)
2025-06-14 13:07:43  M496TS-09: Updated from 11 → 5 (capped from 11)
2025-06-14 13:07:43  B710AP-12: Updated from 18 → 5 (capped from 18)
2025-06-14 13:07:49  0129421-ARIZONA-46: Updated from 4 → 3
2025-06-14 13:07:55  M365AP-09: Updated from 17 → 5 (capped from 17)
2025-06-14 13:08:03  M627A-07: Updated from 17 → 5 (capped from 17)
2025-06-14 13:08:15  M014A-12: Updated from 18 → 5 (capped from 18)
2025-06-14 13:08:22  M631A-44: Updated from 17 → 5 (capped from 17)
2025-06-14 13:08:23  L932A-04: Updated from 7 → 5 (capped from 7)
2025-06-14 13:08:29  M607B-06: Updated from 6 → 5 (capped from 6)
2025-06-14 13:08:29  Progress: 2300/3061 processed, 771 updated
2025-06-14 13:08:36  L872A-08: Updated from 13 → 5 (capped from 13)
2025-06-14 13:08:37  T852A-02: Updated from 17 → 5 (capped from 17)
2025-06-14 13:08:43  M025BN-42: Updated from 17 → 5 (capped from 17)
2025-06-14 13:08:56  M478A-10: Updated from 17 → 5 (capped from 17)
2025-06-14 13:09:02  T734F-05: Updated from 17 → 5 (capped from 17)
2025-06-14 13:09:09  M499B-09: Updated from 17 → 5 (capped from 17)
2025-06-14 13:09:09  T657AM-05: Updated from 17 → 5 (capped from 17)
2025-06-14 13:09:16  M001BT-09: Updated from 17 → 5 (capped from 17)
2025-06-14 13:09:37  M024B-09: Updated from 18 → 5 (capped from 18)
2025-06-14 13:09:44  M351A-09: Updated from 17 → 5 (capped from 17)
2025-06-14 13:09:49  M839A-09: Updated from 17 → 5 (capped from 17)
2025-06-14 13:09:56  Progress: 300/3061 processed, 1 updated
2025-06-14 13:09:58  L515C-07: Updated from 17 → 5 (capped from 17)
2025-06-14 13:10:04  M625A-44: Updated from 17 → 5 (capped from 17)
2025-06-14 13:10:11  M984A-12: Updated from 17 → 5 (capped from 17)
2025-06-14 13:10:17  T702A-03: Updated from 17 → 5 (capped from 17)
2025-06-14 13:10:23  M179A-11: Updated from 17 → 5 (capped from 17)
2025-06-14 13:10:38  M607B-12: Updated from 12 → 5 (capped from 12)
2025-06-14 13:10:51  L515FS-08: Updated from 17 → 5 (capped from 17)
2025-06-14 13:10:58  T586AS-05: Updated from 17 → 5 (capped from 17)
2025-06-14 13:11:12  B820GB-05: Updated from 17 → 5 (capped from 17)
2025-06-14 13:11:25  M037A-09: Updated from 17 → 5 (capped from 17)
2025-06-14 13:11:31  L415A-08: Updated from 17 → 5 (capped from 17)
2025-06-14 13:11:39  L963AP-08: Updated from 17 → 5 (capped from 17)
2025-06-14 13:11:52  M247A-08: Updated from 13 → 5 (capped from 13)
2025-06-14 13:11:58  M579BN-10: Updated from 17 → 5 (capped from 17)
2025-06-14 13:12:11  M620A-05: Updated from 18 → 5 (capped from 18)
2025-06-14 13:12:12  Progress: 2400/3061 processed, 797 updated
2025-06-14 13:12:18  1019723-BEND-39: Updated from 25 → 2
2025-06-14 13:12:19  T852A-11: Updated from 17 → 5 (capped from 17)
2025-06-14 13:13:05  G723AP-02: Updated from 17 → 5 (capped from 17)
2025-06-14 13:13:13  Progress: 400/3061 processed, 1 updated
2025-06-14 13:13:13  MS161TS-08: Updated from 17 → 5 (capped from 17)
2025-06-14 13:13:20  MS161TS-06: Updated from 17 → 5 (capped from 17)
2025-06-14 13:13:26  L777TS-08: Updated from 17 → 5 (capped from 17)
2025-06-14 13:13:33  T748LF-07: Updated from 17 → 5 (capped from 17)
2025-06-14 13:13:40  M409A-12: Updated from 17 → 5 (capped from 17)
2025-06-14 13:13:53  M182A-08: Updated from 16 → 5 (capped from 16)
2025-06-14 13:13:59  M496TS-06: Updated from 17 → 5 (capped from 17)
2025-06-14 13:14:00  M551C-12: Updated from 18 → 5 (capped from 18)
2025-06-14 13:14:08  L515C-04: Updated from 17 → 5 (capped from 17)
2025-06-14 13:14:14  L625F-07: Updated from 17 → 5 (capped from 17)
2025-06-14 13:14:14  M627A-04: Updated from 9 → 5 (capped from 9)
2025-06-14 13:14:20  M252C-10: Updated from 17 → 5 (capped from 17)
2025-06-14 13:14:28  L810NC-07: Updated from 17 → 5 (capped from 17)
2025-06-14 13:14:34  M627A-12: Updated from 17 → 5 (capped from 17)
2025-06-14 13:14:46  M478A-08: Updated from 18 → 5 (capped from 18)
2025-06-14 13:14:47  M546CN-08: Updated from 17 → 5 (capped from 17)
2025-06-14 13:14:53  FLE030-IVES-WHITE-05: Updated from 35 → 5 (capped from 35)
2025-06-14 13:14:59  0034701-MILANO-42: Updated from 4 → 3
2025-06-14 13:14:59  L625F-03: Updated from 17 → 5 (capped from 17)
2025-06-14 13:15:00  B697A-10: Updated from 8 → 5 (capped from 8)
2025-06-14 13:15:01  M984A-10: Updated from 17 → 5 (capped from 17)
2025-06-14 13:15:21  M196A-10: Updated from 19 → 5 (capped from 19)
2025-06-14 13:15:27  M298A-12: Updated from 17 → 5 (capped from 17)
2025-06-14 13:15:28  L9540CF-06: Updated from 17 → 5 (capped from 17)
2025-06-14 13:15:35  L515A-08: Updated from 17 → 5 (capped from 17)
2025-06-14 13:15:40  M546CN-12: Updated from 6 → 5 (capped from 6)
2025-06-14 13:16:01  Progress: 2500/3061 processed, 825 updated
2025-06-14 13:16:08  M404A-13: Updated from 17 → 5 (capped from 17)
2025-06-14 13:16:28  FLE030-IVES-GREY-04: Updated from 13 → 5 (capped from 13)
2025-06-14 13:16:34  M516B-07: Updated from 17 → 5 (capped from 17)
2025-06-14 13:16:35  Progress: 500/3061 processed, 2 updated
2025-06-14 13:16:42  M265A-41: Updated from 17 → 5 (capped from 17)
2025-06-14 13:16:49  T852A-07: Updated from 17 → 5 (capped from 17)
2025-06-14 13:16:55  L377PK-07: Updated from 17 → 5 (capped from 17)
2025-06-14 13:16:57  T164A-09: Updated from 17 → 5 (capped from 17)
2025-06-14 13:17:09  FLE030-IVES-NAVY-BLUE-04: Updated from 18 → 5 (capped from 18)
2025-06-14 13:17:15  T832AE-13: Updated from 17 → 5 (capped from 17)
2025-06-14 13:17:36  T657GLC-07: Updated from 17 → 5 (capped from 17)
2025-06-14 13:17:41  C732A-07: Updated from 17 → 5 (capped from 17)
2025-06-14 13:17:42  XM620A-07: Updated from 18 → 5 (capped from 18)
2025-06-14 13:17:49  M710AP-14: Updated from 17 → 5 (capped from 17)
2025-06-14 13:18:03  T586TS-10: Updated from 17 → 5 (capped from 17)
2025-06-14 13:18:09  M286A-07: Updated from 11 → 5 (capped from 11)
2025-06-14 13:18:15  L310BGM-05: Updated from 17 → 5 (capped from 17)
2025-06-14 13:18:29  L310AA-06: Updated from 17 → 5 (capped from 17)
2025-06-14 13:18:35  L944G-07: Updated from 17 → 5 (capped from 17)
2025-06-14 13:18:36  C732A-10: Updated from 17 → 5 (capped from 17)
2025-06-14 13:18:42  M024B-07: Updated from 9 → 5 (capped from 9)
2025-06-14 13:18:49  M186WB-09: Updated from 17 → 5 (capped from 17)
2025-06-14 13:18:55  M496TS-07: Updated from 17 → 5 (capped from 17)
2025-06-14 13:18:57  M343C-04: Updated from 11 → 5 (capped from 11)
2025-06-14 13:19:03  L174A-04: Updated from 18 → 5 (capped from 18)
2025-06-14 13:19:10  FLE030-IVES-WHITE-04: Updated from 38 → 5 (capped from 38)
2025-06-14 13:19:16  M127B-42: Updated from 8 → 5 (capped from 8)
2025-06-14 13:19:29  L498C-06: Updated from 17 → 5 (capped from 17)
2025-06-14 13:19:30  L963AP-03: Updated from 17 → 5 (capped from 17)
2025-06-14 13:19:43  M606A-10: Updated from 17 → 5 (capped from 17)
2025-06-14 13:19:49  Progress: 2600/3061 processed, 854 updated
2025-06-14 13:19:50  T686F-12: Updated from 17 → 5 (capped from 17)
2025-06-14 13:19:56  Progress: 600/3061 processed, 2 updated
2025-06-14 13:19:58  M900BD-09: Updated from 17 → 5 (capped from 17)
2025-06-14 13:20:17  T198A-11: Updated from 19 → 5 (capped from 19)
2025-06-14 13:20:24  M186WB-13: Updated from 19 → 5 (capped from 19)
2025-06-14 13:20:30  L944A-06: Updated from 17 → 5 (capped from 17)
2025-06-14 13:20:44  T647PK-08: Updated from 17 → 5 (capped from 17)
2025-06-14 13:20:50  L944G-06: Updated from 17 → 5 (capped from 17)
2025-06-14 13:20:52  0143623-GIZEH-38: Updated from 1 → 0
2025-06-14 13:20:58  M278A-10: Updated from 17 → 5 (capped from 17)
2025-06-14 13:20:59  M839B-08: Updated from 17 → 5 (capped from 17)
2025-06-14 13:21:05  1019051-ARIZONA-42: Updated from 2 → 1
2025-06-14 13:21:05  L777TS-05: Updated from 17 → 5 (capped from 17)
2025-06-14 13:21:11  M710AP-13: Updated from 18 → 5 (capped from 18)
2025-06-14 13:21:12  FLE030-IVES-BLACKSOLE-03: Updated from 6 → 5 (capped from 6)
2025-06-14 13:21:18  L714FM-04: Updated from 17 → 5 (capped from 17)
2025-06-14 13:21:25  M365AP-08: Updated from 17 → 5 (capped from 17)
2025-06-14 13:21:31  XM620A-08: Updated from 18 → 5 (capped from 18)
2025-06-14 13:21:37  L310LFM-08: Updated from 17 → 5 (capped from 17)
2025-06-14 13:21:38  L872A-03: Updated from 7 → 5 (capped from 7)
2025-06-14 13:21:44  M410A-08: Updated from 17 → 5 (capped from 17)
2025-06-14 13:21:45  T247A-07: Updated from 17 → 5 (capped from 17)
2025-06-14 13:21:59  M620A-10: Updated from 18 → 5 (capped from 18)
2025-06-14 13:22:05  M378BS-12: Updated from 15 → 5 (capped from 15)
2025-06-14 13:22:06  L174A-07: Updated from 18 → 5 (capped from 18)
2025-06-14 13:22:12  T164G-11: Updated from 17 → 5 (capped from 17)
2025-06-14 13:22:13  B678A-03: Updated from 17 → 5 (capped from 17)
2025-06-14 13:22:19  1017724-BEND-37: Updated from 2 → 1
2025-06-14 13:22:19  T647PK-06: Updated from 17 → 5 (capped from 17)
2025-06-14 13:22:25  M291AP-06: Updated from 18 → 5 (capped from 18)
2025-06-14 13:22:25  L872A-06: Updated from 17 → 5 (capped from 17)
2025-06-14 13:22:32  M001BT-08: Updated from 17 → 5 (capped from 17)
2025-06-14 13:22:46  L810NC-05: Updated from 17 → 5 (capped from 17)
2025-06-14 13:23:06  L310AA-04: Updated from 17 → 5 (capped from 17)
2025-06-14 13:23:12  M9556B-15: Updated from 17 → 5 (capped from 17)
2025-06-14 13:23:19  Progress: 700/3061 processed, 5 updated
2025-06-14 13:23:33  T757C-05: Updated from 17 → 5 (capped from 17)
2025-06-14 13:23:40  M037A-08: Updated from 10 → 5 (capped from 10)
2025-06-14 13:23:40  L537BT-05: Updated from 6 → 5 (capped from 6)
2025-06-14 13:23:40  Progress: 2700/3061 processed, 888 updated
2025-06-14 13:23:48  L515FS-06: Updated from 17 → 5 (capped from 17)
2025-06-14 13:23:54  M499B-12: Updated from 14 → 5 (capped from 14)
2025-06-14 13:24:06  FLE030-IVES-MIDBLUE-05: Updated from 11 → 5 (capped from 11)
2025-06-14 13:24:14  M378BS-11: Updated from 17 → 5 (capped from 17)
2025-06-14 13:24:15  L981A-04: Updated from 17 → 5 (capped from 17)
2025-06-14 13:24:27  T852A-13: Updated from 17 → 5 (capped from 17)
2025-06-14 13:24:35  G716A-01: Updated from 17 → 5 (capped from 17)
2025-06-14 13:24:40  T749C-11: Updated from 17 → 5 (capped from 17)
2025-06-14 13:24:48  M278A-08: Updated from 17 → 5 (capped from 17)
2025-06-14 13:24:54  L310AA-05: Updated from 17 → 5 (capped from 17)
2025-06-14 13:25:21  M179A-07: Updated from 7 → 5 (capped from 7)
2025-06-14 13:25:27  M410A-10: Updated from 18 → 5 (capped from 18)
2025-06-14 13:25:34  M601A-10: Updated from 17 → 5 (capped from 17)
2025-06-14 13:25:42  M627A-08: Updated from 17 → 5 (capped from 17)
2025-06-14 13:25:49  L498C-03: Updated from 17 → 5 (capped from 17)
2025-06-14 13:25:55  L872A-04: Updated from 17 → 5 (capped from 17)
2025-06-14 13:25:56  T746F-11: Updated from 17 → 5 (capped from 17)
2025-06-14 13:26:01  M404B-09: Updated from 18 → 5 (capped from 18)
2025-06-14 13:26:08  M900BD-06: Updated from 8 → 5 (capped from 8)
2025-06-14 13:26:08  L389A-07: Updated from 17 → 5 (capped from 17)
2025-06-14 13:26:15  L948G-07: Updated from 10 → 5 (capped from 10)
2025-06-14 13:26:22  MS161TS-09: Updated from 17 → 5 (capped from 17)
2025-06-14 13:26:28  M028B-07: Updated from 8 → 5 (capped from 8)
2025-06-14 13:26:41  Progress: 800/3061 processed, 5 updated
2025-06-14 13:26:43  T686F-11: Updated from 17 → 5 (capped from 17)
2025-06-14 13:26:49  T702A-01: Updated from 17 → 5 (capped from 17)
2025-06-14 13:26:56  FLE030-IVES-BLACK-06: Updated from 16 → 5 (capped from 16)
2025-06-14 13:27:02  MS161TS-12: Updated from 17 → 5 (capped from 17)
2025-06-14 13:27:15  M627A-14: Updated from 17 → 5 (capped from 17)
2025-06-14 13:27:22  T757LC-03: Updated from 17 → 5 (capped from 17)
2025-06-14 13:27:22  FLE030-IVES-BEIGE-04: Updated from 21 → 5 (capped from 21)
2025-06-14 13:27:28  L944G-08: Updated from 17 → 5 (capped from 17)
2025-06-14 13:27:29  M186WB-06: Updated from 17 → 5 (capped from 17)
2025-06-14 13:27:35  1019723-BEND-40: Updated from 21 → 2
2025-06-14 13:27:35  Progress: 2800/3061 processed, 921 updated
2025-06-14 13:27:42  L712A-06: Updated from 17 → 5 (capped from 17)
2025-06-14 13:27:43  T647PK-04: Updated from 17 → 5 (capped from 17)
2025-06-14 13:27:44  T586AS-12: Updated from 17 → 5 (capped from 17)
2025-06-14 13:27:56  M516B-06: Updated from 17 → 5 (capped from 17)
2025-06-14 13:28:02  T686F-09: Updated from 17 → 5 (capped from 17)
2025-06-14 13:28:09  T756A-07: Updated from 17 → 5 (capped from 17)
2025-06-14 13:28:16  M364BT-13: Updated from 12 → 5 (capped from 12)
2025-06-14 13:28:22  L981A-07: Updated from 17 → 5 (capped from 17)
2025-06-14 13:28:23  SUINTARTL-07: Updated from 17 → 5 (capped from 17)
2025-06-14 13:28:50  M252C-11: Updated from 17 → 5 (capped from 17)
2025-06-14 13:28:56  M163BT-07: Updated from 17 → 5 (capped from 17)
2025-06-14 13:28:56  L310BGM-09: Updated from 17 → 5 (capped from 17)
2025-06-14 13:29:10  T852A-12: Updated from 17 → 5 (capped from 17)
2025-06-14 13:29:16  T702A-04: Updated from 17 → 5 (capped from 17)
2025-06-14 13:29:17  LS339NC-03: Updated from 17 → 5 (capped from 17)
2025-06-14 13:29:22  M606A-09: Updated from 17 → 5 (capped from 17)
2025-06-14 13:29:24  M404A-07: Updated from 18 → 5 (capped from 18)
2025-06-14 13:29:30  M024B-08: Updated from 18 → 5 (capped from 18)
2025-06-14 13:29:43  L213A-07: Updated from 17 → 5 (capped from 17)
2025-06-14 13:29:49  M546CN-09: Updated from 17 → 5 (capped from 17)
2025-06-14 13:29:50  L712A-08: Updated from 17 → 5 (capped from 17)
2025-06-14 13:29:56  L948G-05: Updated from 17 → 5 (capped from 17)
2025-06-14 13:29:57  Progress: 900/3061 processed, 5 updated
2025-06-14 13:29:57  M196A-08: Updated from 18 → 5 (capped from 18)
2025-06-14 13:30:23  M265A-44: Updated from 17 → 5 (capped from 17)
2025-06-14 13:30:24  T187G-09: Updated from 17 → 5 (capped from 17)
2025-06-14 13:30:37  T164A-11: Updated from 17 → 5 (capped from 17)
2025-06-14 13:30:38  M265A-43: Updated from 17 → 5 (capped from 17)
2025-06-14 13:30:50  M268A-42: Updated from 17 → 5 (capped from 17)
2025-06-14 13:30:57  L712A-05: Updated from 17 → 5 (capped from 17)
2025-06-14 13:30:58  M327TS-11: Updated from 17 → 5 (capped from 17)
2025-06-14 13:31:04  T756A-09: Updated from 17 → 5 (capped from 17)
2025-06-14 13:31:11  L213A-04: Updated from 18 → 5 (capped from 18)
2025-06-14 13:31:11  L944F-08: Updated from 17 → 5 (capped from 17)
2025-06-14 13:31:24  FLE030-IVES-MIDBLUE-06: Updated from 22 → 5 (capped from 22)
2025-06-14 13:31:30  M196A-14: Updated from 17 → 5 (capped from 17)
2025-06-14 13:31:30  Progress: 2900/3061 processed, 956 updated
2025-06-14 13:31:30  M351A-07: Updated from 17 → 5 (capped from 17)
2025-06-14 13:31:38  M182A-10: Updated from 17 → 5 (capped from 17)
2025-06-14 13:31:44  L515G-08: Updated from 17 → 5 (capped from 17)
2025-06-14 13:31:45  M278A-12: Updated from 17 → 5 (capped from 17)
2025-06-14 13:31:57  L439A-07: Updated from 17 → 5 (capped from 17)
2025-06-14 13:32:05  M968BC-12: Updated from 19 → 5 (capped from 19)
2025-06-14 13:32:18  B697A-02: Updated from 17 → 5 (capped from 17)
2025-06-14 13:32:24  B697A-12: Updated from 17 → 5 (capped from 17)
2025-06-14 13:32:30  T683C-12: Updated from 17 → 5 (capped from 17)
2025-06-14 13:32:32  T702A-10: Updated from 17 → 5 (capped from 17)
2025-06-14 13:32:38  T757LC-05: Updated from 17 → 5 (capped from 17)
2025-06-14 13:32:58  L439A-06: Updated from 17 → 5 (capped from 17)
2025-06-14 13:33:18  Progress: 1000/3061 processed, 5 updated
2025-06-14 13:33:24  M620A-06: Updated from 18 → 5 (capped from 18)
2025-06-14 13:33:25  T164A-04: Updated from 17 → 5 (capped from 17)
2025-06-14 13:33:32  T686F-07: Updated from 17 → 5 (capped from 17)
2025-06-14 13:33:33  M327TS-08: Updated from 17 → 5 (capped from 17)
2025-06-14 13:33:46  M607B-07: Updated from 17 → 5 (capped from 17)
2025-06-14 13:33:52  XM620A-14: Updated from 14 → 5 (capped from 14)
2025-06-14 13:33:58  M196A-11: Updated from 19 → 5 (capped from 19)
2025-06-14 13:34:06  T852A-06: Updated from 17 → 5 (capped from 17)
2025-06-14 13:34:12  T683C-10: Updated from 17 → 5 (capped from 17)
2025-06-14 13:34:19  M268A-44: Updated from 17 → 5 (capped from 17)
2025-06-14 13:34:25  T586TS-08: Updated from 17 → 5 (capped from 17)
2025-06-14 13:34:27  M410A-06: Updated from 10 → 5 (capped from 10)
2025-06-14 13:34:34  M620A-09: Updated from 18 → 5 (capped from 18)
2025-06-14 13:34:46  M247A-11: Updated from 17 → 5 (capped from 17)
2025-06-14 13:34:52  M364BT-09: Updated from 17 → 5 (capped from 17)
2025-06-14 13:34:53  L433A-05: Updated from 11 → 5 (capped from 11)
2025-06-14 13:35:07  L932A-08: Updated from 6 → 5 (capped from 6)
2025-06-14 13:35:19  SHAKE-II-BLACK-6.5EXF: Updated from 6 → 5 (capped from 6)
2025-06-14 13:35:19  Progress: 3000/3061 processed, 986 updated
2025-06-14 13:35:20  M579CN-06: Updated from 7 → 5 (capped from 7)
2025-06-14 13:35:27  L310AA-08: Updated from 17 → 5 (capped from 17)
2025-06-14 13:35:33  FLE030-IVES-WHITE-08: Updated from 26 → 5 (capped from 26)
2025-06-14 13:35:34  M606A-11: Updated from 17 → 5 (capped from 17)
2025-06-14 13:35:47  M9556B-13: Updated from 17 → 5 (capped from 17)
2025-06-14 13:36:00  L377EF-09: Updated from 13 → 5 (capped from 13)
2025-06-14 13:36:00  T749C-09: Updated from 17 → 5 (capped from 17)
2025-06-14 13:36:07  L963AP-04: Updated from 17 → 5 (capped from 17)
2025-06-14 13:36:20  M496TS-08: Updated from 17 → 5 (capped from 17)
2025-06-14 13:36:28  LS339NC-09: Updated from 17 → 5 (capped from 17)
2025-06-14 13:36:34  T586TS-05: Updated from 11 → 5 (capped from 11)
2025-06-14 13:36:34  T727G-12: Updated from 17 → 5 (capped from 17)
2025-06-14 13:36:35  Progress: 1100/3061 processed, 5 updated
2025-06-14 13:36:42  M025BN-43: Updated from 17 → 5 (capped from 17)
2025-06-14 13:36:48  M551C-06: Updated from 18 → 5 (capped from 18)
2025-06-14 13:36:55  M9556B-10: Updated from 17 → 5 (capped from 17)
2025-06-14 13:37:01  M081B-46: Updated from 6 → 5 (capped from 6)
2025-06-14 13:37:07  B678A-11: Updated from 8 → 5 (capped from 8)
2025-06-14 13:37:14  LS339S-08: Updated from 17 → 5 (capped from 17)
2025-06-14 13:37:14  M267BT-08: Updated from 17 → 5 (capped from 17)
2025-06-14 13:37:22  M364BT-08: Updated from 17 → 5 (capped from 17)
2025-06-14 13:37:27  B678A-10: Updated from 6 → 5 (capped from 6)
2025-06-14 13:37:35  M410B-08: Updated from 18 → 5 (capped from 18)
2025-06-14 13:37:36  C732A-01: Updated from 17 → 5 (capped from 17)
2025-06-14 13:37:41  M265B-42: Updated from 17 → 5 (capped from 17)
2025-06-14 13:37:48  Inventory sync completed — items updated: 1010, mode: full
2025-06-14 13:38:50  Progress: 1200/3061 processed, 5 updated
2025-06-14 13:40:34  Progress: 1300/3061 processed, 5 updated
2025-06-14 13:42:03  0071051-MAYARI-38: Updated from 1 → 0
2025-06-14 13:42:14  Progress: 1400/3061 processed, 6 updated
2025-06-14 13:43:46  0040733-MADRID-39: Updated from 2 → 1
2025-06-14 13:43:53  Progress: 1500/3061 processed, 7 updated
2025-06-14 13:44:42  1005299-GIZEH-40: Updated from 2 → 0
2025-06-14 13:45:33  Progress: 1600/3061 processed, 8 updated
2025-06-14 13:47:12  Progress: 1700/3061 processed, 8 updated
2025-06-14 13:48:55  Progress: 1800/3061 processed, 8 updated
2025-06-14 13:50:34  Progress: 1900/3061 processed, 8 updated
2025-06-14 13:51:13  0034701-MILANO-47: Updated from 4 → 3
2025-06-14 13:52:13  Progress: 2000/3061 processed, 9 updated
2025-06-14 13:53:20  1014932-ZERMATT-35: Updated from 2 → 0
2025-06-14 13:53:48  JLH276-RENOIR-BLACK-05: Updated from 2 → 1
2025-06-14 13:53:57  Progress: 2100/3061 processed, 11 updated
2025-06-14 13:55:36  Progress: 2200/3061 processed, 11 updated
2025-06-14 13:56:16  1017721-BEND-37: Updated from 0 → 2
2025-06-14 13:57:15  Progress: 2300/3061 processed, 12 updated
2025-06-14 13:58:54  Progress: 2400/3061 processed, 12 updated
2025-06-14 14:00:34  Progress: 2500/3061 processed, 12 updated
2025-06-14 14:00:42  1029751-FLORIDA-41: Updated from 1 → 0
2025-06-14 14:02:13  Progress: 2600/3061 processed, 13 updated
2025-06-14 14:03:53  Progress: 2700/3061 processed, 13 updated
2025-06-14 14:05:32  Progress: 2800/3061 processed, 13 updated
2025-06-14 14:07:16  Progress: 2900/3061 processed, 13 updated
2025-06-14 14:08:56  Progress: 3000/3061 processed, 13 updated
2025-06-14 14:09:57  Inventory sync completed — items updated: 13, mode: full
2025-06-14 17:00:02  Starting inventory sync for 3061 products...
2025-06-14 17:01:23  Progress: 100/3061 processed, 0 updated
2025-06-14 17:03:05  Progress: 200/3061 processed, 0 updated
2025-06-14 17:04:41  Progress: 300/3061 processed, 0 updated
2025-06-14 17:05:29  1017723-BEND-38: Updated from 0 → 1
2025-06-14 17:06:22  Progress: 400/3061 processed, 1 updated
2025-06-14 17:08:03  Progress: 500/3061 processed, 1 updated
2025-06-14 17:09:44  Progress: 600/3061 processed, 1 updated
2025-06-14 17:11:25  Progress: 700/3061 processed, 1 updated
2025-06-14 17:13:03  Progress: 800/3061 processed, 1 updated
2025-06-14 17:14:42  Progress: 900/3061 processed, 1 updated
2025-06-14 17:14:54  1017724-BEND-38: Updated from 0 → 1
2025-06-14 17:16:21  Progress: 1000/3061 processed, 2 updated
2025-06-14 17:18:06  Progress: 1100/3061 processed, 2 updated
2025-06-14 17:19:45  Progress: 1200/3061 processed, 2 updated
2025-06-14 17:21:24  Progress: 1300/3061 processed, 2 updated
2025-06-14 17:23:03  Progress: 1400/3061 processed, 2 updated
2025-06-14 17:24:04  1005292-ARIZONA-41: Updated from 0 → 1
2025-06-14 17:24:42  Progress: 1500/3061 processed, 3 updated
2025-06-14 17:26:26  Progress: 1600/3061 processed, 3 updated
2025-06-14 17:28:06  Progress: 1700/3061 processed, 3 updated
2025-06-14 17:29:45  Progress: 1800/3061 processed, 3 updated
2025-06-14 17:31:24  Progress: 1900/3061 processed, 3 updated
2025-06-14 17:33:03  Progress: 2000/3061 processed, 3 updated
2025-06-14 17:34:10  1014932-ZERMATT-35: Updated from 2 → 0
2025-06-14 17:34:41  Progress: 2100/3061 processed, 4 updated
2025-06-14 17:36:25  Progress: 2200/3061 processed, 4 updated
2025-06-14 17:37:04  1017721-BEND-37: Updated from 0 → 2
2025-06-14 17:38:04  Progress: 2300/3061 processed, 5 updated
2025-06-14 17:39:42  Progress: 2400/3061 processed, 5 updated
2025-06-14 17:39:51  1005294-ARIZONA-41: Updated from 3 → 4
2025-06-14 17:41:18  1015080-ZERMATT-45: Updated from 0 → 1
2025-06-14 17:41:26  Progress: 2500/3061 processed, 7 updated
2025-06-14 17:43:05  Progress: 2600/3061 processed, 7 updated
2025-06-14 17:44:44  Progress: 2700/3061 processed, 7 updated
2025-06-14 17:46:22  Progress: 2800/3061 processed, 7 updated
2025-06-14 17:48:06  Progress: 2900/3061 processed, 7 updated
2025-06-14 17:49:45  Progress: 3000/3061 processed, 7 updated
2025-06-14 17:50:46  Inventory sync completed — items updated: 7, mode: full
