2025-06-16 06:00:02  Starting inventory sync for 3039 products...
2025-06-16 06:01:23  Progress: 100/3039 processed, 0 updated, 0 failed
2025-06-16 06:03:05  Progress: 200/3039 processed, 0 updated, 0 failed
2025-06-16 06:04:45  Progress: 300/3039 processed, 0 updated, 0 failed
2025-06-16 06:06:24  Progress: 400/3039 processed, 0 updated, 0 failed
2025-06-16 06:08:04  Progress: 500/3039 processed, 0 updated, 0 failed
2025-06-16 06:09:43  Progress: 600/3039 processed, 0 updated, 0 failed
2025-06-16 06:11:21  Progress: 700/3039 processed, 0 updated, 0 failed
2025-06-16 06:12:00  B710AP-03: ⚠️  No inventory_item_id found
2025-06-16 06:13:04  Progress: 800/3039 processed, 0 updated, 0 failed
2025-06-16 06:14:42  Progress: 900/3039 processed, 0 updated, 0 failed
2025-06-16 06:15:07  B710AP-04: ⚠️  No inventory_item_id found
2025-06-16 06:16:21  Progress: 1000/3039 processed, 0 updated, 0 failed
2025-06-16 06:18:03  Progress: 1100/3039 processed, 0 updated, 0 failed
2025-06-16 06:19:41  Progress: 1200/3039 processed, 0 updated, 0 failed
2025-06-16 06:21:23  Progress: 1300/3039 processed, 0 updated, 0 failed
2025-06-16 06:23:01  Progress: 1400/3039 processed, 0 updated, 0 failed
2025-06-16 06:24:45  Progress: 1500/3039 processed, 0 updated, 0 failed
2025-06-16 06:26:23  Progress: 1600/3039 processed, 0 updated, 0 failed
2025-06-16 06:28:05  Progress: 1700/3039 processed, 0 updated, 0 failed
2025-06-16 06:29:42  Progress: 1800/3039 processed, 0 updated, 0 failed
2025-06-16 06:29:46  B710AP-05: ⚠️  No inventory_item_id found
2025-06-16 06:31:21  Progress: 1900/3039 processed, 0 updated, 0 failed
2025-06-16 06:33:05  Progress: 2000/3039 processed, 0 updated, 0 failed
2025-06-16 06:33:51  1014932-ZERMATT-35: Attempting update from 2 → 0 (inventory_item_id: 42733480804411)
2025-06-16 06:33:52  1014932-ZERMATT-35: ✅ Updated from 2 → 0
2025-06-16 06:34:12  0040393-MADRID-37: Attempting update from 0 → 1 (inventory_item_id: 53421235175810)
2025-06-16 06:34:13  0040393-MADRID-37: ✅ Updated from 0 → 1
2025-06-16 06:34:16  JLH276-RENOIR-BLACK-05: Attempting update from 1 → 0 (inventory_item_id: 43391350898747)
2025-06-16 06:34:18  JLH276-RENOIR-BLACK-05: ✅ Updated from 1 → 0
2025-06-16 06:34:46  Progress: 2100/3039 processed, 3 updated, 0 failed
2025-06-16 06:36:25  Progress: 2200/3039 processed, 3 updated, 0 failed
2025-06-16 06:36:45  1017721-BEND-37: Attempting update from 0 → 2 (inventory_item_id: 42733480804411)
2025-06-16 06:36:47  1017721-BEND-37: ✅ Updated from 0 → 2
2025-06-16 06:36:49  1014938-ZERMATT-44: Attempting update from 1 → 0 (inventory_item_id: 43372347719739)
2025-06-16 06:36:50  1014938-ZERMATT-44: ✅ Updated from 1 → 0
2025-06-16 06:38:06  Progress: 2300/3039 processed, 5 updated, 0 failed
2025-06-16 06:39:33  0143623-GIZEH-37: Attempting update from 1 → 0 (inventory_item_id: 53458940625282)
2025-06-16 06:39:34  0143623-GIZEH-37: ✅ Updated from 1 → 0
2025-06-16 06:39:51  Progress: 2400/3039 processed, 6 updated, 0 failed
2025-06-16 06:40:47  B710AP-02: ⚠️  No inventory_item_id found
2025-06-16 06:41:12  B710AP-01: ⚠️  No inventory_item_id found
2025-06-16 06:41:29  Progress: 2500/3039 processed, 6 updated, 0 failed
2025-06-16 06:42:30  SU100A-BLK-00: ⚠️  Could not retrieve current Shopify stock
2025-06-16 06:43:09  Progress: 2600/3039 processed, 6 updated, 0 failed
2025-06-16 06:44:48  Progress: 2700/3039 processed, 6 updated, 0 failed
2025-06-16 06:46:28  Progress: 2800/3039 processed, 6 updated, 0 failed
2025-06-16 06:48:07  Progress: 2900/3039 processed, 6 updated, 0 failed
2025-06-16 06:49:46  Progress: 3000/3039 processed, 6 updated, 0 failed
2025-06-16 06:50:16  T764A-09: ⚠️  No inventory_item_id found
2025-06-16 06:50:27  Inventory sync completed — items updated: 6, failed: 0, mode: full
2025-06-16 13:00:02  Starting inventory sync for 3039 products...
2025-06-16 13:00:06  M579CN-11: Attempting update from 1 → 2 (inventory_item_id: 43723532271675)
2025-06-16 13:00:07  M579CN-11: ✅ Updated from 1 → 2
2025-06-16 13:00:17  43753-60-42: Attempting update from 1 → 0 (inventory_item_id: 53471764906370)
2025-06-16 13:00:18  43753-60-42: ✅ Updated from 1 → 0
2025-06-16 13:01:11  659C7-24-39: Attempting update from 2 → 1 (inventory_item_id: 53546358931842)
2025-06-16 13:01:17  659C7-24-39: ✅ Updated from 2 → 1
2025-06-16 13:01:28  Progress: 100/3039 processed, 3 updated, 0 failed
2025-06-16 13:02:11  JLH950-BLAZE-BLACK-03: Attempting update from 0 → 3 (inventory_item_id: 43384606490683)
2025-06-16 13:02:12  JLH950-BLAZE-BLACK-03: ✅ Updated from 0 → 3
2025-06-16 13:03:08  FLE030-IVES-NAVY-BLUE-03: Attempting update from 0 → 3 (inventory_item_id: 42733585956923)
2025-06-16 13:03:09  FLE030-IVES-NAVY-BLUE-03: ✅ Updated from 0 → 3
2025-06-16 13:03:09  Progress: 200/3039 processed, 5 updated, 0 failed
2025-06-16 13:03:26  L9539CF-08: Attempting update from 3 → 4 (inventory_item_id: 42976176111675)
2025-06-16 13:03:32  L9539CF-08: ✅ Updated from 3 → 4
2025-06-16 13:04:21  L377EF-03: Attempting update from 4 → 1 (inventory_item_id: 42733853081659)
2025-06-16 13:04:22  L377EF-03: ✅ Updated from 4 → 1
2025-06-16 13:04:24  M378BS-06: Attempting update from 4 → 5 (inventory_item_id: 42976426393659)
2025-06-16 13:04:25  M378BS-06: ✅ Updated from 4 → 5
2025-06-16 13:04:26  T586TS-11: Attempting update from 4 → 5 (inventory_item_id: 42976503136315)
2025-06-16 13:04:27  T586TS-11: ✅ Updated from 4 → 5
2025-06-16 13:04:51  Progress: 300/3039 processed, 9 updated, 0 failed
2025-06-16 13:06:16  M265B-46: Attempting update from 0 → 1 (inventory_item_id: 42976417710139)
2025-06-16 13:06:17  M265B-46: ✅ Updated from 0 → 1
2025-06-16 13:06:35  Progress: 400/3039 processed, 10 updated, 0 failed
2025-06-16 13:06:37  L377PK-09: Attempting update from 2 → 3 (inventory_item_id: 42733853507643)
2025-06-16 13:06:39  L377PK-09: ✅ Updated from 2 → 3
2025-06-16 13:06:47  M579CN-12: Attempting update from 1 → 2 (inventory_item_id: 43723532304443)
2025-06-16 13:06:48  M579CN-12: ✅ Updated from 1 → 2
2025-06-16 13:06:50  T647PK-03: Attempting update from 0 → 1 (inventory_item_id: 42976503857211)
2025-06-16 13:06:51  T647PK-03: ✅ Updated from 0 → 1
2025-06-16 13:07:13  M1655-14-37: Attempting update from 0 → 1 (inventory_item_id: 43745044332603)
2025-06-16 13:07:14  M1655-14-37: ✅ Updated from 0 → 1
2025-06-16 13:07:51  M143BT-12: Attempting update from 1 → 2 (inventory_item_id: 42976406863931)
2025-06-16 13:07:52  M143BT-12: ✅ Updated from 1 → 2
2025-06-16 13:08:17  Progress: 500/3039 processed, 15 updated, 0 failed
2025-06-16 13:08:39  L944A-03: Attempting update from 0 → 1 (inventory_item_id: 43729997070395)
2025-06-16 13:08:40  L944A-03: ✅ Updated from 0 → 1
2025-06-16 13:08:53  M980B-06: Attempting update from 3 → 4 (inventory_item_id: 43935672205371)
2025-06-16 13:08:54  M980B-06: ✅ Updated from 3 → 4
2025-06-16 13:08:55  L714FM-08: Attempting update from 2 → 3 (inventory_item_id: 43732622016571)
2025-06-16 13:08:56  L714FM-08: ✅ Updated from 2 → 3
2025-06-16 13:10:03  Progress: 600/3039 processed, 18 updated, 0 failed
2025-06-16 13:10:51  T586AS-04: Attempting update from 2 → 3 (inventory_item_id: 42976502612027)
2025-06-16 13:10:52  T586AS-04: ✅ Updated from 2 → 3
2025-06-16 13:11:39  M369F-07: Attempting update from 4 → 5 (inventory_item_id: 42976196591675)
2025-06-16 13:11:40  M369F-07: ✅ Updated from 4 → 5
2025-06-16 13:11:43  Progress: 700/3039 processed, 20 updated, 0 failed
2025-06-16 13:12:18  B710AP-03: ⚠️  No inventory_item_id found
2025-06-16 13:12:51  JLH950-BLAZE-NAVY-06: Attempting update from 1 → 5 (inventory_item_id: 43384609833019)
2025-06-16 13:12:52  JLH950-BLAZE-NAVY-06: ✅ Updated from 1 → 5 (capped from 6)
2025-06-16 13:13:25  Progress: 800/3039 processed, 21 updated, 0 failed
2025-06-16 13:14:10  M369F-06: Attempting update from 1 → 2 (inventory_item_id: 42976196558907)
2025-06-16 13:14:11  M369F-06: ✅ Updated from 1 → 2
2025-06-16 13:14:44  M631A-40: Attempting update from 1 → 2 (inventory_item_id: 43834412728379)
2025-06-16 13:14:45  M631A-40: ✅ Updated from 1 → 2
2025-06-16 13:15:08  Progress: 900/3039 processed, 23 updated, 0 failed
2025-06-16 13:15:34  B710AP-04: ⚠️  No inventory_item_id found
2025-06-16 13:16:44  Progress: 1000/3039 processed, 23 updated, 0 failed
2025-06-16 13:17:17  M812A-12: Attempting update from 2 → 3 (inventory_item_id: 42976554385467)
2025-06-16 13:17:18  M812A-12: ✅ Updated from 2 → 3
2025-06-16 13:17:30  L777TS-03: Attempting update from 4 → 5 (inventory_item_id: 42976344670267)
2025-06-16 13:17:32  L777TS-03: ✅ Updated from 4 → 5
2025-06-16 13:17:32  M822B-46: Attempting update from 1 → 2 (inventory_item_id: 42976459423803)
2025-06-16 13:17:33  M822B-46: ✅ Updated from 1 → 2
2025-06-16 13:17:53  T832AE-01: Attempting update from 4 → 5 (inventory_item_id: 42976509395003)
2025-06-16 13:17:54  T832AE-01: ✅ Updated from 4 → 5
2025-06-16 13:18:29  Progress: 1100/3039 processed, 27 updated, 0 failed
2025-06-16 13:19:03  M839B-06: Attempting update from 4 → 5 (inventory_item_id: 42976461389883)
2025-06-16 13:19:04  M839B-06: ✅ Updated from 4 → 5
2025-06-16 13:19:59  T837G-07: Attempting update from 3 → 4 (inventory_item_id: 42976510738491)
2025-06-16 13:20:00  T837G-07: ✅ Updated from 3 → 4
2025-06-16 13:20:11  Progress: 1200/3039 processed, 29 updated, 0 failed
2025-06-16 13:20:23  JLH950-BLAZE-NAVY-05: Attempting update from 1 → 3 (inventory_item_id: 43384609800251)
2025-06-16 13:20:24  JLH950-BLAZE-NAVY-05: ✅ Updated from 1 → 3
2025-06-16 13:20:34  L310ABM-07: Attempting update from 3 → 4 (inventory_item_id: 42733598605371)
2025-06-16 13:20:35  L310ABM-07: ✅ Updated from 3 → 4
2025-06-16 13:21:54  Progress: 1300/3039 processed, 31 updated, 0 failed
2025-06-16 13:22:05  M409A-07: Attempting update from 4 → 5 (inventory_item_id: 42976430915643)
2025-06-16 13:22:06  M409A-07: ✅ Updated from 4 → 5
2025-06-16 13:22:07  N42T0-14-38: Attempting update from 2 → 1 (inventory_item_id: 43227570405435)
2025-06-16 13:22:08  N42T0-14-38: ✅ Updated from 2 → 1
2025-06-16 13:22:19  L515C-09: Attempting update from 2 → 3 (inventory_item_id: 42976308101179)
2025-06-16 13:22:21  L515C-09: ✅ Updated from 2 → 3
2025-06-16 13:22:41  JLH331-MARIELLA-BEIGE-05: Attempting update from 2 → 3 (inventory_item_id: 43695263088699)
2025-06-16 13:22:43  JLH331-MARIELLA-BEIGE-05: ✅ Updated from 2 → 3
2025-06-16 13:22:56  T727G-07: Attempting update from 3 → 4 (inventory_item_id: 42976200130619)
2025-06-16 13:22:57  T727G-07: ✅ Updated from 3 → 4
2025-06-16 13:22:57  L810NC-03: Attempting update from 4 → 5 (inventory_item_id: 43277530824763)
2025-06-16 13:22:58  L810NC-03: ✅ Updated from 4 → 5
2025-06-16 13:23:32  43753-60-38: Attempting update from 1 → 0 (inventory_item_id: 43748103159867)
2025-06-16 13:23:33  43753-60-38: ✅ Updated from 1 → 0
2025-06-16 13:23:41  Progress: 1400/3039 processed, 38 updated, 0 failed
2025-06-16 13:23:53  M227B-46: Attempting update from 1 → 2 (inventory_item_id: 42976414040123)
2025-06-16 13:23:55  M227B-46: ✅ Updated from 1 → 2
2025-06-16 13:24:16  M143BT-06: Attempting update from 4 → 5 (inventory_item_id: 42976406667323)
2025-06-16 13:24:17  M143BT-06: ✅ Updated from 4 → 5
2025-06-16 13:24:33  JLH950-BLAZE-NUDE-04: Attempting update from 3 → 5 (inventory_item_id: 43384613830715)
2025-06-16 13:24:39  JLH950-BLAZE-NUDE-04: ✅ Updated from 3 → 5
2025-06-16 13:24:46  JLH950-BLAZE-NAVY-04: Attempting update from 0 → 4 (inventory_item_id: 43384609767483)
2025-06-16 13:24:47  JLH950-BLAZE-NAVY-04: ✅ Updated from 0 → 4
2025-06-16 13:25:26  L537BT-08: Attempting update from 1 → 2 (inventory_item_id: 43869237674043)
2025-06-16 13:25:27  L537BT-08: ✅ Updated from 1 → 2
2025-06-16 13:25:27  Progress: 1500/3039 processed, 43 updated, 0 failed
2025-06-16 13:27:07  Progress: 1600/3039 processed, 43 updated, 0 failed
2025-06-16 13:27:12  L531A-02: Attempting update from 0 → 1 (inventory_item_id: 42976310951995)
2025-06-16 13:27:18  L531A-02: ✅ Updated from 0 → 1
2025-06-16 13:27:33  L515FS-09: Attempting update from 4 → 5 (inventory_item_id: 42976309542971)
2025-06-16 13:27:35  L515FS-09: ✅ Updated from 4 → 5
2025-06-16 13:27:55  L944F-03: Attempting update from 4 → 5 (inventory_item_id: 43729998872635)
2025-06-16 13:27:56  L944F-03: ✅ Updated from 4 → 5
2025-06-16 13:28:12  L924A-07: Attempting update from 2 → 3 (inventory_item_id: 42976352010299)
2025-06-16 13:28:13  L924A-07: ✅ Updated from 2 → 3
2025-06-16 13:28:30  JLH950-BLAZE-BLACK-08: Attempting update from 1 → 3 (inventory_item_id: 43384606654523)
2025-06-16 13:28:31  JLH950-BLAZE-BLACK-08: ✅ Updated from 1 → 3
2025-06-16 13:28:52  Progress: 1700/3039 processed, 48 updated, 0 failed
2025-06-16 13:28:56  L988A-03: Attempting update from 3 → 4 (inventory_item_id: 42976140329019)
2025-06-16 13:28:57  L988A-03: ✅ Updated from 3 → 4
2025-06-16 13:29:20  M606A-06: Attempting update from 4 → 5 (inventory_item_id: 43742449729595)
2025-06-16 13:29:21  M606A-06: ✅ Updated from 4 → 5
2025-06-16 13:29:57  0128161-MADRID-45: Attempting update from 4 → 5 (inventory_item_id: 53650871386498)
2025-06-16 13:29:58  0128161-MADRID-45: ✅ Updated from 4 → 5
2025-06-16 13:30:04  M546CN-07: Attempting update from 0 → 1 (inventory_item_id: 43721604268091)
2025-06-16 13:30:05  M546CN-07: ✅ Updated from 0 → 1
2025-06-16 13:30:22  M267BT-11: Attempting update from 1 → 2 (inventory_item_id: 43935666569275)
2025-06-16 13:30:23  M267BT-11: ✅ Updated from 1 → 2
2025-06-16 13:30:33  L307BT-03: Attempting update from 1 → 2 (inventory_item_id: 42976270843963)
2025-06-16 13:30:39  L307BT-03: ✅ Updated from 1 → 2
2025-06-16 13:30:39  Progress: 1800/3039 processed, 54 updated, 0 failed
2025-06-16 13:30:43  B710AP-05: ⚠️  No inventory_item_id found
2025-06-16 13:30:56  JLH950-BLAZE-NUDE-03: Attempting update from 2 → 1 (inventory_item_id: 43384613797947)
2025-06-16 13:30:57  JLH950-BLAZE-NUDE-03: ✅ Updated from 2 → 1
2025-06-16 13:31:09  L932A-03: Attempting update from 4 → 5 (inventory_item_id: 42976172539963)
2025-06-16 13:31:10  L932A-03: ✅ Updated from 4 → 5
2025-06-16 13:32:07  G716A-11: Attempting update from 4 → 5 (inventory_item_id: 43914999660603)
2025-06-16 13:32:08  G716A-11: ✅ Updated from 4 → 5
2025-06-16 13:32:18  Progress: 1900/3039 processed, 57 updated, 0 failed
2025-06-16 13:32:42  0034701-MILANO-47: Attempting update from 2 → 3 (inventory_item_id: 43932210561083)
2025-06-16 13:32:43  0034701-MILANO-47: ✅ Updated from 2 → 3
2025-06-16 13:33:06  M298A-07: Attempting update from 3 → 4 (inventory_item_id: 42733874708539)
2025-06-16 13:33:07  M298A-07: ✅ Updated from 3 → 4
2025-06-16 13:33:18  L310ABM-03: Attempting update from 3 → 4 (inventory_item_id: 42733598474299)
2025-06-16 13:33:19  L310ABM-03: ✅ Updated from 3 → 4
2025-06-16 13:33:20  T764A-02: Attempting update from 3 → 4 (inventory_item_id: 43724764643387)
2025-06-16 13:33:26  T764A-02: ✅ Updated from 3 → 4
2025-06-16 13:33:34  FLE030-IVES-RED-03: Attempting update from 1 → 0 (inventory_item_id: 42733553942587)
2025-06-16 13:33:40  FLE030-IVES-RED-03: ✅ Updated from 1 → 0
2025-06-16 13:34:05  Progress: 2000/3039 processed, 62 updated, 0 failed
2025-06-16 13:34:30  FLE030-IVES-WHITE-09: Attempting update from 0 → 5 (inventory_item_id: 43896608882747)
2025-06-16 13:34:31  FLE030-IVES-WHITE-09: ✅ Updated from 0 → 5 (capped from 6)
2025-06-16 13:34:40  FLE030-IVES-RED-06: Attempting update from 4 → 2 (inventory_item_id: 42733554040891)
2025-06-16 13:34:41  FLE030-IVES-RED-06: ✅ Updated from 4 → 2
2025-06-16 13:34:53  M127B-41: Attempting update from 0 → 1 (inventory_item_id: 53543941505410)
2025-06-16 13:34:54  M127B-41: ✅ Updated from 0 → 1
2025-06-16 13:34:55  1014932-ZERMATT-35: Attempting update from 2 → 0 (inventory_item_id: 42733480804411)
2025-06-16 13:34:56  1014932-ZERMATT-35: ✅ Updated from 2 → 0
2025-06-16 13:35:17  0040393-MADRID-37: Attempting update from 1 → 0 (inventory_item_id: 53421235175810)
2025-06-16 13:35:18  0040393-MADRID-37: ✅ Updated from 1 → 0
2025-06-16 13:35:21  B820GB-12: Attempting update from 1 → 0 (inventory_item_id: 42976231030843)
2025-06-16 13:35:22  B820GB-12: ✅ Updated from 1 → 0
2025-06-16 13:35:41  T164A-03: Attempting update from 4 → 5 (inventory_item_id: 42976495403067)
2025-06-16 13:35:42  T164A-03: ✅ Updated from 4 → 5
2025-06-16 13:35:52  L173A-03: Attempting update from 1 → 2 (inventory_item_id: 42976261144635)
2025-06-16 13:35:53  L173A-03: ✅ Updated from 1 → 2
2025-06-16 13:35:54  Progress: 2100/3039 processed, 70 updated, 0 failed
2025-06-16 13:37:33  Progress: 2200/3039 processed, 70 updated, 0 failed
2025-06-16 13:37:54  1017721-BEND-37: Attempting update from 0 → 2 (inventory_item_id: 42733480804411)
2025-06-16 13:37:56  1017721-BEND-37: ✅ Updated from 0 → 2
2025-06-16 13:39:14  Progress: 2300/3039 processed, 71 updated, 0 failed
2025-06-16 13:39:50  M179A-06: Attempting update from 4 → 5 (inventory_item_id: 42976408305723)
2025-06-16 13:39:57  M179A-06: ✅ Updated from 4 → 5
2025-06-16 13:40:01  T764A-01: Attempting update from 0 → 1 (inventory_item_id: 43724764610619)
2025-06-16 13:40:02  T764A-01: ✅ Updated from 0 → 1
2025-06-16 13:40:18  M591CS-08: Attempting update from 4 → 3 (inventory_item_id: 43721226780731)
2025-06-16 13:40:24  M591CS-08: ✅ Updated from 4 → 3
2025-06-16 13:40:36  L948G-08: Attempting update from 1 → 2 (inventory_item_id: 42976172998715)
2025-06-16 13:40:37  L948G-08: ✅ Updated from 1 → 2
2025-06-16 13:40:58  Progress: 2400/3039 processed, 75 updated, 0 failed
2025-06-16 13:41:32  L537BT-03: Attempting update from 2 → 3 (inventory_item_id: 43869237510203)
2025-06-16 13:41:33  L537BT-03: ✅ Updated from 2 → 3
2025-06-16 13:41:36  M081B-41: Attempting update from 3 → 4 (inventory_item_id: 53543941046658)
2025-06-16 13:41:37  M081B-41: ✅ Updated from 3 → 4
2025-06-16 13:41:56  659C7-24-38: Attempting update from 2 → 1 (inventory_item_id: 53546358899074)
2025-06-16 13:41:57  659C7-24-38: ✅ Updated from 2 → 1
2025-06-16 13:41:59  B710AP-02: ⚠️  No inventory_item_id found
2025-06-16 13:42:20  L307A-03: Attempting update from 1 → 2 (inventory_item_id: 42976270319675)
2025-06-16 13:42:21  L307A-03: ✅ Updated from 1 → 2
2025-06-16 13:42:24  B710AP-01: ⚠️  No inventory_item_id found
2025-06-16 13:42:42  Progress: 2500/3039 processed, 79 updated, 0 failed
2025-06-16 13:43:43  SU100A-BLK-00: ⚠️  Could not retrieve current Shopify stock
2025-06-16 13:44:14  FLE030-IVES-NAVY-BLUE-08: Attempting update from 1 → 0 (inventory_item_id: 42733586120763)
2025-06-16 13:44:15  FLE030-IVES-NAVY-BLUE-08: ✅ Updated from 1 → 0
2025-06-16 13:44:23  Progress: 2600/3039 processed, 80 updated, 0 failed
2025-06-16 13:46:02  Progress: 2700/3039 processed, 80 updated, 0 failed
2025-06-16 13:46:25  M478A-06: Attempting update from 2 → 3 (inventory_item_id: 42976437338171)
2025-06-16 13:46:26  M478A-06: ✅ Updated from 2 → 3
2025-06-16 13:47:00  FLE030-IVES-RED-05: Attempting update from 1 → 5 (inventory_item_id: 42733554008123)
2025-06-16 13:47:01  FLE030-IVES-RED-05: ✅ Updated from 1 → 5
2025-06-16 13:47:12  M196A-07: Attempting update from 0 → 1 (inventory_item_id: 42976410894395)
2025-06-16 13:47:13  M196A-07: ✅ Updated from 0 → 1
2025-06-16 13:47:37  M822B-41: Attempting update from 4 → 5 (inventory_item_id: 42976459259963)
2025-06-16 13:47:38  M822B-41: ✅ Updated from 4 → 5
2025-06-16 13:47:48  Progress: 2800/3039 processed, 84 updated, 0 failed
2025-06-16 13:48:16  T586TS-04: Attempting update from 2 → 3 (inventory_item_id: 42976502906939)
2025-06-16 13:48:17  T586TS-04: ✅ Updated from 2 → 3
2025-06-16 13:48:38  JLH950-BLAZE-NUDE-05: Attempting update from 4 → 5 (inventory_item_id: 43384613863483)
2025-06-16 13:48:39  JLH950-BLAZE-NUDE-05: ✅ Updated from 4 → 5 (capped from 7)
2025-06-16 13:49:30  Progress: 2900/3039 processed, 86 updated, 0 failed
2025-06-16 13:49:43  M408BT-12: Attempting update from 4 → 5 (inventory_item_id: 43236240392251)
2025-06-16 13:49:44  M408BT-12: ✅ Updated from 4 → 5
2025-06-16 13:49:46  JLH276-RENOIR-WHITE-06: Attempting update from 5 → 4 (inventory_item_id: 43709523591227)
2025-06-16 13:49:48  JLH276-RENOIR-WHITE-06: ✅ Updated from 5 → 4
2025-06-16 13:50:06  T733F-06: Attempting update from 1 → 2 (inventory_item_id: 42976197804091)
2025-06-16 13:50:07  T733F-06: ✅ Updated from 1 → 2
2025-06-16 13:51:12  Progress: 3000/3039 processed, 89 updated, 0 failed
2025-06-16 13:51:38  T764A-09: ⚠️  No inventory_item_id found
2025-06-16 13:51:49  Inventory sync completed — items updated: 89, failed: 0, mode: full
2025-06-16 14:33:08  Starting inventory sync for 1 products...
2025-06-16 14:33:09  0034701-MILANO-47: Attempting update from 3 → 2 (inventory_item_id: 43932210561083)
2025-06-16 14:33:10  0034701-MILANO-47: ✅ Updated from 3 → 2
2025-06-16 14:33:10  Inventory sync completed — items updated: 1, failed: 0, mode: single
2025-06-16 17:00:02  Starting inventory sync for 3052 products...
2025-06-16 17:01:22  Progress: 100/3052 processed, 0 updated, 0 failed
2025-06-16 17:03:04  Progress: 200/3052 processed, 0 updated, 0 failed
2025-06-16 17:03:06  1016570-ZERMATT-48: Attempting update from 2 → 1 (inventory_item_id: 42733480804411)
2025-06-16 17:03:08  1016570-ZERMATT-48: ✅ Updated from 2 → 1
2025-06-16 17:04:47  Progress: 300/3052 processed, 1 updated, 0 failed
2025-06-16 17:04:50  67476-10-42: Attempting update from 1 → 0 (inventory_item_id: 53573206212994)
2025-06-16 17:04:51  67476-10-42: ✅ Updated from 1 → 0
2025-06-16 17:06:21  1016570-ZERMATT-41: Attempting update from 1 → 2 (inventory_item_id: 42733480804411)
2025-06-16 17:06:22  1016570-ZERMATT-41: ✅ Updated from 1 → 2
2025-06-16 17:06:24  Progress: 400/3052 processed, 3 updated, 0 failed
2025-06-16 17:08:04  Progress: 500/3052 processed, 3 updated, 0 failed
2025-06-16 17:09:44  Progress: 600/3052 processed, 3 updated, 0 failed
2025-06-16 17:11:24  Progress: 700/3052 processed, 3 updated, 0 failed
2025-06-16 17:12:05  B710AP-03: ⚠️  No inventory_item_id found
2025-06-16 17:13:08  Progress: 800/3052 processed, 3 updated, 0 failed
2025-06-16 17:14:47  Progress: 900/3052 processed, 3 updated, 0 failed
2025-06-16 17:15:14  B710AP-04: ⚠️  No inventory_item_id found
2025-06-16 17:16:26  Progress: 1000/3052 processed, 3 updated, 0 failed
2025-06-16 17:16:41  1016570-ZERMATT-45: Attempting update from 2 → 1 (inventory_item_id: 42733480804411)
2025-06-16 17:16:47  1016570-ZERMATT-45: ✅ Updated from 2 → 1
2025-06-16 17:18:06  Progress: 1100/3052 processed, 4 updated, 0 failed
2025-06-16 17:19:45  Progress: 1200/3052 processed, 4 updated, 0 failed
2025-06-16 17:19:55  L32F1-80-42: Attempting update from 1 → 0 (inventory_item_id: 53537700741506)
2025-06-16 17:19:56  L32F1-80-42: ✅ Updated from 1 → 0
2025-06-16 17:21:25  Progress: 1300/3052 processed, 5 updated, 0 failed
2025-06-16 17:23:08  Progress: 1400/3052 processed, 5 updated, 0 failed
2025-06-16 17:23:41  1016570-ZERMATT-38: Attempting update from 1 → 2 (inventory_item_id: 42733480804411)
2025-06-16 17:23:43  1016570-ZERMATT-38: ✅ Updated from 1 → 2
2025-06-16 17:24:47  Progress: 1500/3052 processed, 6 updated, 0 failed
2025-06-16 17:26:10  1016570-ZERMATT-46: Attempting update from 2 → 1 (inventory_item_id: 42733480804411)
2025-06-16 17:26:11  1016570-ZERMATT-46: ✅ Updated from 2 → 1
2025-06-16 17:26:32  Progress: 1600/3052 processed, 7 updated, 0 failed
2025-06-16 17:28:10  Progress: 1700/3052 processed, 7 updated, 0 failed
2025-06-16 17:29:36  1016570-ZERMATT-47: Attempting update from 1 → 0 (inventory_item_id: 42733480804411)
2025-06-16 17:29:37  1016570-ZERMATT-47: ✅ Updated from 1 → 0
2025-06-16 17:29:49  Progress: 1800/3052 processed, 8 updated, 0 failed
2025-06-16 17:30:07  B710AP-05: ⚠️  No inventory_item_id found
2025-06-16 17:31:32  Progress: 1900/3052 processed, 8 updated, 0 failed
2025-06-16 17:33:10  Progress: 2000/3052 processed, 8 updated, 0 failed
2025-06-16 17:33:30  1016570-ZERMATT-37: Attempting update from 0 → 2 (inventory_item_id: 42733480804411)
2025-06-16 17:33:31  1016570-ZERMATT-37: ✅ Updated from 0 → 2
2025-06-16 17:34:08  1014932-ZERMATT-35: Attempting update from 2 → 0 (inventory_item_id: 42733480804411)
2025-06-16 17:34:09  1014932-ZERMATT-35: ✅ Updated from 2 → 0
2025-06-16 17:34:51  Progress: 2100/3052 processed, 10 updated, 0 failed
2025-06-16 17:36:34  Progress: 2200/3052 processed, 10 updated, 0 failed
2025-06-16 17:37:01  1017721-BEND-37: Attempting update from 0 → 2 (inventory_item_id: 42733480804411)
2025-06-16 17:37:02  1017721-BEND-37: ✅ Updated from 0 → 2
2025-06-16 17:38:14  Progress: 2300/3052 processed, 11 updated, 0 failed
2025-06-16 17:39:53  Progress: 2400/3052 processed, 11 updated, 0 failed
2025-06-16 17:41:01  B710AP-02: ⚠️  No inventory_item_id found
2025-06-16 17:41:29  B710AP-01: ⚠️  No inventory_item_id found
2025-06-16 17:41:31  Progress: 2500/3052 processed, 11 updated, 0 failed
2025-06-16 17:42:46  SU100A-BLK-00: ⚠️  Could not retrieve current Shopify stock
2025-06-16 17:43:14  Progress: 2600/3052 processed, 11 updated, 0 failed
2025-06-16 17:44:53  Progress: 2700/3052 processed, 11 updated, 0 failed
2025-06-16 17:46:31  Progress: 2800/3052 processed, 11 updated, 0 failed
2025-06-16 17:47:14  67476-10-37: Attempting update from 2 → 1 (inventory_item_id: 53573206049154)
2025-06-16 17:47:15  67476-10-37: ✅ Updated from 2 → 1
2025-06-16 17:48:12  Progress: 2900/3052 processed, 12 updated, 0 failed
2025-06-16 17:49:50  Progress: 3000/3052 processed, 12 updated, 0 failed
2025-06-16 17:50:31  T764A-09: ⚠️  No inventory_item_id found
2025-06-16 17:50:44  Inventory sync completed — items updated: 12, failed: 0, mode: full
