2025-06-21 06:00:02  Fetching variant information for 2984 products...
2025-06-21 06:00:43  Found variant information for 2984 out of 2984 products
2025-06-21 06:00:43  Starting inventory sync for 2984 products (database stock only)...
2025-06-21 06:00:43  T198A-08: Found variant 40881660035131 in product 'Mens Dek Orleans Fuller Trainers Touch Black' (inventory_item_id: 42976496615483)
2025-06-21 06:00:43  FLE050-MIDBLUE-EVIE-07: Found variant 54913269465474 in product 'Womens Lunar Leather Pump Shoes Mid Blue' (inventory_item_id: 53368665538946)
2025-06-21 06:00:43  M579CN-11: Found variant 41628251390011 in product 'Mens Scimitar Boat Shoes Navy' (inventory_item_id: 43723532271675)
2025-06-21 06:00:44  L213A-05: Found variant 40881428922427 in product 'Womens Grafters Cadet Leather Parade Heeled Shoes Black' (inventory_item_id: 42976265502779)
2025-06-21 06:00:44  1005294-ARIZONA-37: Found variant 41683661619259 in product 'Birkenstock Arizona Two-Strap Patent Sandals White Narrow Width' (inventory_item_id: 43778834858043)
2025-06-21 06:01:15  Progress: 100/2984 processed, 0 updated, 0 failed
2025-06-21 06:02:04  Progress: 200/2984 processed, 0 updated, 0 failed
2025-06-21 06:02:58  Progress: 300/2984 processed, 0 updated, 0 failed
2025-06-21 06:03:24  FLE030-IVES-WHITE-03: Attempting update from 0 → 1 (variant_id: 40637895016507, inventory_item_id: 42733585203259)
2025-06-21 06:03:25  FLE030-IVES-WHITE-03: ✅ Updated from 0 → 1
2025-06-21 06:03:47  Progress: 400/2984 processed, 1 updated, 0 failed
2025-06-21 06:04:36  Progress: 500/2984 processed, 1 updated, 0 failed
2025-06-21 06:05:25  Progress: 600/2984 processed, 1 updated, 0 failed
2025-06-21 06:06:14  Progress: 700/2984 processed, 1 updated, 0 failed
2025-06-21 06:07:07  Progress: 800/2984 processed, 1 updated, 0 failed
2025-06-21 06:07:56  Progress: 900/2984 processed, 1 updated, 0 failed
2025-06-21 06:08:45  Progress: 1000/2984 processed, 1 updated, 0 failed
2025-06-21 06:09:38  Progress: 1100/2984 processed, 1 updated, 0 failed
2025-06-21 06:10:27  Progress: 1200/2984 processed, 1 updated, 0 failed
2025-06-21 06:11:16  Progress: 1300/2984 processed, 1 updated, 0 failed
2025-06-21 06:12:04  Progress: 1400/2984 processed, 1 updated, 0 failed
2025-06-21 06:12:58  Progress: 1500/2984 processed, 1 updated, 0 failed
2025-06-21 06:13:47  Progress: 1600/2984 processed, 1 updated, 0 failed
2025-06-21 06:14:36  Progress: 1700/2984 processed, 1 updated, 0 failed
2025-06-21 06:15:25  Progress: 1800/2984 processed, 1 updated, 0 failed
2025-06-21 06:16:14  Progress: 1900/2984 processed, 1 updated, 0 failed
2025-06-21 06:17:08  Progress: 2000/2984 processed, 1 updated, 0 failed
2025-06-21 06:17:56  Progress: 2100/2984 processed, 1 updated, 0 failed
2025-06-21 06:18:45  Progress: 2200/2984 processed, 1 updated, 0 failed
2025-06-21 06:19:34  Progress: 2300/2984 processed, 1 updated, 0 failed
2025-06-21 06:20:28  Progress: 2400/2984 processed, 1 updated, 0 failed
2025-06-21 06:20:32  FLE030-IVES-WHITE-05: Attempting update from 4 → 5 (variant_id: 40637895082043, inventory_item_id: 42733585268795)
2025-06-21 06:20:33  FLE030-IVES-WHITE-05: ✅ Updated from 4 → 5 (database stock: 77) (capped from 77)
2025-06-21 06:21:18  Progress: 2500/2984 processed, 2 updated, 0 failed
2025-06-21 06:22:06  Progress: 2600/2984 processed, 2 updated, 0 failed
2025-06-21 06:22:55  Progress: 2700/2984 processed, 2 updated, 0 failed
2025-06-21 06:23:49  Progress: 2800/2984 processed, 2 updated, 0 failed
2025-06-21 06:24:37  Progress: 2900/2984 processed, 2 updated, 0 failed
2025-06-21 06:25:18  🔄 Starting end-of-process unfulfilled orders correction...
2025-06-21 06:25:19  📋 Retrieved 10 unfulfilled orders from Shopify
2025-06-21 06:25:19     Order BC14220: 1 line items
2025-06-21 06:25:19       - SKU: 1017724-BEND-40, Qty: 1, Product: Birkenstock Bend Low Natural Leather Trainer Style White Narrow Fit
2025-06-21 06:25:19     Order BC14219: 1 line items
2025-06-21 06:25:19       - SKU: 0071051-MAYARI-41, Qty: 1, Product: Birkenstock Mayari Birko-Flor Sandals White Regular Fit
2025-06-21 06:25:19     Order BC14218: 2 line items
2025-06-21 06:25:19       - SKU: 1017721-BEND-43, Qty: 1, Product: Birkenstock Bend Low Natural Leather Trainer Style Black Regular Fit
2025-06-21 06:25:19       - SKU: 1017723-BEND-43, Qty: 1, Product: Birkenstock Bend Low Natural Leather Trainer Style White Regular Fit
2025-06-21 06:25:19     Order BC14217: 1 line items
2025-06-21 06:25:19       - SKU: 1013075-GIZEH-37, Qty: 1, Product: Birkenstock Gizeh Sandals Patent Sand Brown Regular Fit
2025-06-21 06:25:19     Order BC14216: 1 line items
2025-06-21 06:25:19       - SKU: 0143621-GIZEH-37, Qty: 1, Product: Birkenstock Gizeh Sandals Birko-Flor Blue Regular Fit
2025-06-21 06:25:19     Order BC14215: 1 line items
2025-06-21 06:25:19       - SKU: FLE030-IVES-WHITE-05, Qty: 1, Product: Womens Lunar St Ives Leather Casual Trainer White
2025-06-21 06:25:19     Order BC14214: 1 line items
2025-06-21 06:25:19       - SKU: FLE030-IVES-WHITE-03, Qty: 1, Product: Womens Lunar St Ives Leather Casual Trainer White
2025-06-21 06:25:19     Order BC14213: 1 line items
2025-06-21 06:25:19       - SKU: 0051701-ARIZONA-39, Qty: 1, Product: Birkenstock Arizona Two-Strap Birko-Flor Sandals Regular Fit Dark Brown
2025-06-21 06:25:19     Order BC14212: 1 line items
2025-06-21 06:25:19       - SKU: FLE030-IVES-WHITE-05, Qty: 1, Product: Womens Lunar St Ives Leather Casual Trainer White
2025-06-21 06:25:19     Order BC13366: 2 line items
2025-06-21 06:25:19       - SKU: L433A-08, Qty: 1, Product: Womens Rdek Fly Knit Mesh Trainers Black
2025-06-21 06:25:19       - SKU: L944A-08, Qty: 1, Product: Womens Rdek Denim Washed Trainers Black
2025-06-21 06:25:19  📊 Total line items processed: 12
2025-06-21 06:25:19  🔍 Checking orderstatus table for these orders: ['BC14220', 'BC14219', 'BC14218', 'BC14217', 'BC14216', 'BC14215', 'BC14214', 'BC14213', 'BC14212', 'BC13366']
2025-06-21 06:25:19  📋 Found 10 orders already in orderstatus: ['BC14215', 'BC14219', 'BC14218', 'BC14220', 'BC14213', 'BC14216', 'BC14212', 'BC13366', 'BC14214', 'BC14217']
2025-06-21 06:25:19  ⏭️  Skipping order BC14220 (already in orderstatus)
2025-06-21 06:25:19  ⏭️  Skipping order BC14219 (already in orderstatus)
2025-06-21 06:25:19  ⏭️  Skipping order BC14218 (already in orderstatus)
2025-06-21 06:25:19  ⏭️  Skipping order BC14217 (already in orderstatus)
2025-06-21 06:25:19  ⏭️  Skipping order BC14216 (already in orderstatus)
2025-06-21 06:25:19  ⏭️  Skipping order BC14215 (already in orderstatus)
2025-06-21 06:25:19  ⏭️  Skipping order BC14214 (already in orderstatus)
2025-06-21 06:25:19  ⏭️  Skipping order BC14213 (already in orderstatus)
2025-06-21 06:25:19  ⏭️  Skipping order BC14212 (already in orderstatus)
2025-06-21 06:25:19  ⏭️  Skipping order BC13366 (already in orderstatus)
2025-06-21 06:25:19  📊 Final unique SKUs: 0 with total quantity: 0
2025-06-21 06:25:19  ✅ No unfulfilled orders found that aren't already in orderstatus
2025-06-21 06:25:19  ✅ No unfulfilled orders requiring correction
2025-06-21 06:25:19  Inventory sync completed — main updates: 2, unfulfilled corrections: 0, total updates: 2, failed: 0, mode: full
2025-06-21 13:00:03  Fetching variant information for 2984 products...
2025-06-21 13:00:45  Found variant information for 2984 out of 2984 products
2025-06-21 13:00:45  Starting inventory sync for 2984 products (database stock only)...
2025-06-21 13:00:45  T198A-08: Found variant 40881660035131 in product 'Mens Dek Orleans Fuller Trainers Touch Black' (inventory_item_id: 42976496615483)
2025-06-21 13:00:45  FLE050-MIDBLUE-EVIE-07: Found variant 54913269465474 in product 'Womens Lunar Leather Pump Shoes Mid Blue' (inventory_item_id: 53368665538946)
2025-06-21 13:00:45  M579CN-11: Found variant 41628251390011 in product 'Mens Scimitar Boat Shoes Navy' (inventory_item_id: 43723532271675)
2025-06-21 13:00:46  L213A-05: Found variant 40881428922427 in product 'Womens Grafters Cadet Leather Parade Heeled Shoes Black' (inventory_item_id: 42976265502779)
2025-06-21 13:00:46  1005294-ARIZONA-37: Found variant 41683661619259 in product 'Birkenstock Arizona Two-Strap Patent Sandals White Narrow Width' (inventory_item_id: 43778834858043)
2025-06-21 13:01:18  Progress: 100/2984 processed, 0 updated, 0 failed
2025-06-21 13:02:07  Progress: 200/2984 processed, 0 updated, 0 failed
2025-06-21 13:02:57  Progress: 300/2984 processed, 0 updated, 0 failed
2025-06-21 13:03:46  Progress: 400/2984 processed, 0 updated, 0 failed
2025-06-21 13:04:35  Progress: 500/2984 processed, 0 updated, 0 failed
2025-06-21 13:05:25  Progress: 600/2984 processed, 0 updated, 0 failed
2025-06-21 13:06:19  Progress: 700/2984 processed, 0 updated, 0 failed
2025-06-21 13:06:51  0129421-ARIZONA-43: Attempting update from 0 → 1 (variant_id: 55017929408898, inventory_item_id: 53473560265090)
2025-06-21 13:06:52  0129421-ARIZONA-43: ✅ Updated from 0 → 1
2025-06-21 13:07:10  Progress: 800/2984 processed, 1 updated, 0 failed
2025-06-21 13:07:59  Progress: 900/2984 processed, 1 updated, 0 failed
2025-06-21 13:08:48  Progress: 1000/2984 processed, 1 updated, 0 failed
2025-06-21 13:09:02  0128221-GIZEH-41: Attempting update from 3 → 4 (variant_id: 55137175961986, inventory_item_id: 53593155731842)
2025-06-21 13:09:03  0128221-GIZEH-41: ✅ Updated from 3 → 4
2025-06-21 13:09:39  Progress: 1100/2984 processed, 2 updated, 0 failed
2025-06-21 13:10:28  Progress: 1200/2984 processed, 2 updated, 0 failed
2025-06-21 13:10:48  1017723-BEND-42: Attempting update from 0 → 1 (variant_id: 41652739932219, inventory_item_id: 43747939123259)
2025-06-21 13:10:49  1017723-BEND-42: ✅ Updated from 0 → 1
2025-06-21 13:11:18  Progress: 1300/2984 processed, 3 updated, 0 failed
2025-06-21 13:11:32  0051103-ARIZONA-42: Attempting update from 0 → 1 (variant_id: 54950222365058, inventory_item_id: 53405695934850)
2025-06-21 13:11:33  0051103-ARIZONA-42: ✅ Updated from 0 → 1
2025-06-21 13:12:09  Progress: 1400/2984 processed, 4 updated, 0 failed
2025-06-21 13:13:03  Progress: 1500/2984 processed, 4 updated, 0 failed
2025-06-21 13:13:53  Progress: 1600/2984 processed, 4 updated, 0 failed
2025-06-21 13:14:42  Progress: 1700/2984 processed, 4 updated, 0 failed
2025-06-21 13:15:32  Progress: 1800/2984 processed, 4 updated, 0 failed
2025-06-21 13:15:36  JLH276-RENOIR-BLACK-06: Attempting update from 0 → 1 (variant_id: 41295943794747, inventory_item_id: 43391350931515)
2025-06-21 13:15:37  JLH276-RENOIR-BLACK-06: ✅ Updated from 0 → 1
2025-06-21 13:16:23  Progress: 1900/2984 processed, 5 updated, 0 failed
2025-06-21 13:17:12  Progress: 2000/2984 processed, 5 updated, 0 failed
2025-06-21 13:18:02  Progress: 2100/2984 processed, 5 updated, 0 failed
2025-06-21 13:18:51  Progress: 2200/2984 processed, 5 updated, 0 failed
2025-06-21 13:19:40  Progress: 2300/2984 processed, 5 updated, 0 failed
2025-06-21 13:20:35  Progress: 2400/2984 processed, 5 updated, 0 failed
2025-06-21 13:21:24  Progress: 2500/2984 processed, 5 updated, 0 failed
2025-06-21 13:22:13  Progress: 2600/2984 processed, 5 updated, 0 failed
2025-06-21 13:23:03  Progress: 2700/2984 processed, 5 updated, 0 failed
2025-06-21 13:23:52  Progress: 2800/2984 processed, 5 updated, 0 failed
2025-06-21 13:24:42  Progress: 2900/2984 processed, 5 updated, 0 failed
2025-06-21 13:25:23  🔄 Starting end-of-process unfulfilled orders correction...
2025-06-21 13:25:23  📋 Retrieved 15 unfulfilled orders from Shopify
2025-06-21 13:25:23     Order BC14225: 1 line items
2025-06-21 13:25:23       - SKU: 1017723-BEND-42, Qty: 1, Product: Birkenstock Bend Low Natural Leather Trainer Style White Regular Fit
2025-06-21 13:25:23     Order BC14224: 1 line items
2025-06-21 13:25:23       - SKU: 0129421-ARIZONA-43, Qty: 1, Product: Birkenstock Arizona EVA Sandals Black Regular Fit
2025-06-21 13:25:23     Order BC14223: 1 line items
2025-06-21 13:25:23       - SKU: JLH276-RENOIR-BLACK-06, Qty: 1, Product: Womens Lunar Renoir Sandals Black
2025-06-21 13:25:23     Order BC14222: 1 line items
2025-06-21 13:25:23       - SKU: 0128221-GIZEH-41, Qty: 1, Product: Birkenstock Gizeh EVA Sandals White Regular Fit
2025-06-21 13:25:23     Order BC14221: 1 line items
2025-06-21 13:25:23       - SKU: 0051103-ARIZONA-42, Qty: 1, Product: Birkenstock Arizona Two-Strap Natural Leather Sandals Narrow Width Brown
2025-06-21 13:25:23     Order BC14220: 1 line items
2025-06-21 13:25:23       - SKU: 1017724-BEND-40, Qty: 1, Product: Birkenstock Bend Low Natural Leather Trainer Style White Narrow Fit
2025-06-21 13:25:23     Order BC14219: 1 line items
2025-06-21 13:25:23       - SKU: 0071051-MAYARI-41, Qty: 1, Product: Birkenstock Mayari Birko-Flor Sandals White Regular Fit
2025-06-21 13:25:23     Order BC14218: 2 line items
2025-06-21 13:25:23       - SKU: 1017721-BEND-43, Qty: 1, Product: Birkenstock Bend Low Natural Leather Trainer Style Black Regular Fit
2025-06-21 13:25:23       - SKU: 1017723-BEND-43, Qty: 1, Product: Birkenstock Bend Low Natural Leather Trainer Style White Regular Fit
2025-06-21 13:25:23     Order BC14217: 1 line items
2025-06-21 13:25:23       - SKU: 1013075-GIZEH-37, Qty: 1, Product: Birkenstock Gizeh Sandals Patent Sand Brown Regular Fit
2025-06-21 13:25:23     Order BC14216: 1 line items
2025-06-21 13:25:23       - SKU: 0143621-GIZEH-37, Qty: 1, Product: Birkenstock Gizeh Sandals Birko-Flor Blue Regular Fit
2025-06-21 13:25:23     Order BC14215: 1 line items
2025-06-21 13:25:23       - SKU: FLE030-IVES-WHITE-05, Qty: 1, Product: Womens Lunar St Ives Leather Casual Trainer White
2025-06-21 13:25:23     Order BC14214: 1 line items
2025-06-21 13:25:23       - SKU: FLE030-IVES-WHITE-03, Qty: 1, Product: Womens Lunar St Ives Leather Casual Trainer White
2025-06-21 13:25:23     Order BC14213: 1 line items
2025-06-21 13:25:23       - SKU: 0051701-ARIZONA-39, Qty: 1, Product: Birkenstock Arizona Two-Strap Birko-Flor Sandals Regular Fit Dark Brown
2025-06-21 13:25:23     Order BC14212: 1 line items
2025-06-21 13:25:23       - SKU: FLE030-IVES-WHITE-05, Qty: 1, Product: Womens Lunar St Ives Leather Casual Trainer White
2025-06-21 13:25:23     Order BC13366: 2 line items
2025-06-21 13:25:23       - SKU: L433A-08, Qty: 1, Product: Womens Rdek Fly Knit Mesh Trainers Black
2025-06-21 13:25:23       - SKU: L944A-08, Qty: 1, Product: Womens Rdek Denim Washed Trainers Black
2025-06-21 13:25:23  📊 Total line items processed: 17
2025-06-21 13:25:24  🔍 Checking orderstatus table for these orders: ['BC14225', 'BC14224', 'BC14223', 'BC14222', 'BC14221', 'BC14220', 'BC14219', 'BC14218', 'BC14217', 'BC14216', 'BC14215', 'BC14214', 'BC14213', 'BC14212', 'BC13366']
2025-06-21 13:25:24  📋 Found 10 orders already in orderstatus: ['BC14218', 'BC14214', 'BC14216', 'BC14213', 'BC14220', 'BC14215', 'BC14212', 'BC13366', 'BC14219', 'BC14217']
2025-06-21 13:25:24  ✅ Including order BC14225 (not in orderstatus)
2025-06-21 13:25:24  ✅ Including order BC14224 (not in orderstatus)
2025-06-21 13:25:24  ✅ Including order BC14223 (not in orderstatus)
2025-06-21 13:25:24  ✅ Including order BC14222 (not in orderstatus)
2025-06-21 13:25:24  ✅ Including order BC14221 (not in orderstatus)
2025-06-21 13:25:24  ⏭️  Skipping order BC14220 (already in orderstatus)
2025-06-21 13:25:24  ⏭️  Skipping order BC14219 (already in orderstatus)
2025-06-21 13:25:24  ⏭️  Skipping order BC14218 (already in orderstatus)
2025-06-21 13:25:24  ⏭️  Skipping order BC14217 (already in orderstatus)
2025-06-21 13:25:24  ⏭️  Skipping order BC14216 (already in orderstatus)
2025-06-21 13:25:24  ⏭️  Skipping order BC14215 (already in orderstatus)
2025-06-21 13:25:24  ⏭️  Skipping order BC14214 (already in orderstatus)
2025-06-21 13:25:24  ⏭️  Skipping order BC14213 (already in orderstatus)
2025-06-21 13:25:24  ⏭️  Skipping order BC14212 (already in orderstatus)
2025-06-21 13:25:24  ⏭️  Skipping order BC13366 (already in orderstatus)
2025-06-21 13:25:24  📊 Final unique SKUs: 5 with total quantity: 5
2025-06-21 13:25:24  ✅ Final result: 5 SKUs with unfulfilled orders not in orderstatus
2025-06-21 13:25:24     - 1017723-BEND-42: 1 items
2025-06-21 13:25:24     - 0129421-ARIZONA-43: 1 items
2025-06-21 13:25:24     - JLH276-RENOIR-BLACK-06: 1 items
2025-06-21 13:25:24     - 0128221-GIZEH-41: 1 items
2025-06-21 13:25:24     - 0051103-ARIZONA-42: 1 items
2025-06-21 13:25:24  ✅ Total unfulfilled items: 5
2025-06-21 13:25:24  📋 Processing unfulfilled orders correction for 5 SKUs...
2025-06-21 13:25:24  1017723-BEND-42: Unfulfilled orders correction: 1 → 0 (pending orders: 1)
2025-06-21 13:25:25  1017723-BEND-42: ✅ Corrected for unfulfilled orders: 1 → 0
2025-06-21 13:25:25  0129421-ARIZONA-43: Unfulfilled orders correction: 1 → 0 (pending orders: 1)
2025-06-21 13:25:26  0129421-ARIZONA-43: ✅ Corrected for unfulfilled orders: 1 → 0
2025-06-21 13:25:26  JLH276-RENOIR-BLACK-06: Unfulfilled orders correction: 1 → 0 (pending orders: 1)
2025-06-21 13:25:32  JLH276-RENOIR-BLACK-06: ✅ Corrected for unfulfilled orders: 1 → 0
2025-06-21 13:25:33  0128221-GIZEH-41: Unfulfilled orders correction: 4 → 3 (pending orders: 1)
2025-06-21 13:25:34  0128221-GIZEH-41: ✅ Corrected for unfulfilled orders: 4 → 3
2025-06-21 13:25:34  0051103-ARIZONA-42: Unfulfilled orders correction: 1 → 0 (pending orders: 1)
2025-06-21 13:25:35  0051103-ARIZONA-42: ✅ Corrected for unfulfilled orders: 1 → 0
2025-06-21 13:25:35  Inventory sync completed — main updates: 5, unfulfilled corrections: 5, total updates: 10, failed: 0, mode: full
2025-06-21 17:00:02  Fetching variant information for 2984 products...
2025-06-21 17:00:46  Found variant information for 2984 out of 2984 products
2025-06-21 17:00:46  Starting inventory sync for 2984 products (database stock only)...
2025-06-21 17:00:46  T198A-08: Found variant 40881660035131 in product 'Mens Dek Orleans Fuller Trainers Touch Black' (inventory_item_id: 42976496615483)
2025-06-21 17:00:46  FLE050-MIDBLUE-EVIE-07: Found variant 54913269465474 in product 'Womens Lunar Leather Pump Shoes Mid Blue' (inventory_item_id: 53368665538946)
2025-06-21 17:00:46  M579CN-11: Found variant 41628251390011 in product 'Mens Scimitar Boat Shoes Navy' (inventory_item_id: 43723532271675)
2025-06-21 17:00:46  L213A-05: Found variant 40881428922427 in product 'Womens Grafters Cadet Leather Parade Heeled Shoes Black' (inventory_item_id: 42976265502779)
2025-06-21 17:00:46  1005294-ARIZONA-37: Found variant 41683661619259 in product 'Birkenstock Arizona Two-Strap Patent Sandals White Narrow Width' (inventory_item_id: 43778834858043)
2025-06-21 17:01:18  Progress: 100/2984 processed, 0 updated, 0 failed
2025-06-21 17:02:07  Progress: 200/2984 processed, 0 updated, 0 failed
2025-06-21 17:02:57  Progress: 300/2984 processed, 0 updated, 0 failed
2025-06-21 17:03:47  Progress: 400/2984 processed, 0 updated, 0 failed
2025-06-21 17:04:37  Progress: 500/2984 processed, 0 updated, 0 failed
2025-06-21 17:05:26  Progress: 600/2984 processed, 0 updated, 0 failed
2025-06-21 17:06:16  Progress: 700/2984 processed, 0 updated, 0 failed
2025-06-21 17:06:51  1013075-GIZEH-39: Attempting update from 3 → 4 (variant_id: 55137473462658, inventory_item_id: 53593453265282)
2025-06-21 17:06:53  1013075-GIZEH-39: ✅ Updated from 3 → 4
2025-06-21 17:06:53  0129421-ARIZONA-43: Attempting update from 0 → 1 (variant_id: 55017929408898, inventory_item_id: 53473560265090)
2025-06-21 17:06:54  0129421-ARIZONA-43: ✅ Updated from 0 → 1
2025-06-21 17:07:12  Progress: 800/2984 processed, 2 updated, 0 failed
2025-06-21 17:08:01  Progress: 900/2984 processed, 2 updated, 0 failed
2025-06-21 17:08:51  Progress: 1000/2984 processed, 2 updated, 0 failed
2025-06-21 17:09:04  0128221-GIZEH-41: Attempting update from 3 → 4 (variant_id: 55137175961986, inventory_item_id: 53593155731842)
2025-06-21 17:09:05  0128221-GIZEH-41: ✅ Updated from 3 → 4
2025-06-21 17:09:41  Progress: 1100/2984 processed, 3 updated, 0 failed
2025-06-21 17:09:45  0040793-MADRID-36: Attempting update from 1 → 2 (variant_id: 55132147745154, inventory_item_id: 53588123058562)
2025-06-21 17:09:46  0040793-MADRID-36: ✅ Updated from 1 → 2
2025-06-21 17:10:31  Progress: 1200/2984 processed, 4 updated, 0 failed
2025-06-21 17:10:47  1017723-BEND-42: Attempting update from 0 → 1 (variant_id: 41652739932219, inventory_item_id: 43747939123259)
2025-06-21 17:10:48  1017723-BEND-42: ✅ Updated from 0 → 1
2025-06-21 17:11:22  Progress: 1300/2984 processed, 5 updated, 0 failed
2025-06-21 17:11:35  0051103-ARIZONA-42: Attempting update from 0 → 1 (variant_id: 54950222365058, inventory_item_id: 53405695934850)
2025-06-21 17:11:36  0051103-ARIZONA-42: ✅ Updated from 0 → 1
2025-06-21 17:12:12  Progress: 1400/2984 processed, 6 updated, 0 failed
2025-06-21 17:13:06  Progress: 1500/2984 processed, 6 updated, 0 failed
2025-06-21 17:13:56  Progress: 1600/2984 processed, 6 updated, 0 failed
2025-06-21 17:14:45  Progress: 1700/2984 processed, 6 updated, 0 failed
2025-06-21 17:15:34  Progress: 1800/2984 processed, 6 updated, 0 failed
2025-06-21 17:15:38  JLH276-RENOIR-BLACK-06: Attempting update from 0 → 1 (variant_id: 41295943794747, inventory_item_id: 43391350931515)
2025-06-21 17:15:39  JLH276-RENOIR-BLACK-06: ✅ Updated from 0 → 1
2025-06-21 17:16:25  Progress: 1900/2984 processed, 7 updated, 0 failed
2025-06-21 17:17:14  Progress: 2000/2984 processed, 7 updated, 0 failed
2025-06-21 17:18:03  Progress: 2100/2984 processed, 7 updated, 0 failed
2025-06-21 17:18:52  Progress: 2200/2984 processed, 7 updated, 0 failed
2025-06-21 17:19:47  Progress: 2300/2984 processed, 7 updated, 0 failed
2025-06-21 17:20:36  Progress: 2400/2984 processed, 7 updated, 0 failed
2025-06-21 17:21:25  Progress: 2500/2984 processed, 7 updated, 0 failed
2025-06-21 17:22:14  Progress: 2600/2984 processed, 7 updated, 0 failed
2025-06-21 17:23:03  Progress: 2700/2984 processed, 7 updated, 0 failed
2025-06-21 17:23:52  Progress: 2800/2984 processed, 7 updated, 0 failed
2025-06-21 17:24:47  Progress: 2900/2984 processed, 7 updated, 0 failed
2025-06-21 17:25:28  🔄 Starting end-of-process unfulfilled orders correction...
2025-06-21 17:25:28  📋 Retrieved 17 unfulfilled orders from Shopify
2025-06-21 17:25:28     Order BC14227: 1 line items
2025-06-21 17:25:28       - SKU: 0040793-MADRID-36, Qty: 1, Product: Birkenstock Madrid Birko-Flor Black Narrow Fit
2025-06-21 17:25:28     Order BC14226: 1 line items
2025-06-21 17:25:28       - SKU: 1013075-GIZEH-39, Qty: 1, Product: Birkenstock Gizeh Sandals Patent Sand Brown Regular Fit
2025-06-21 17:25:28     Order BC14225: 1 line items
2025-06-21 17:25:28       - SKU: 1017723-BEND-42, Qty: 1, Product: Birkenstock Bend Low Natural Leather Trainer Style White Regular Fit
2025-06-21 17:25:28     Order BC14224: 1 line items
2025-06-21 17:25:28       - SKU: 0129421-ARIZONA-43, Qty: 1, Product: Birkenstock Arizona EVA Sandals Black Regular Fit
2025-06-21 17:25:28     Order BC14223: 1 line items
2025-06-21 17:25:28       - SKU: JLH276-RENOIR-BLACK-06, Qty: 1, Product: Womens Lunar Renoir Sandals Black
2025-06-21 17:25:28     Order BC14222: 1 line items
2025-06-21 17:25:28       - SKU: 0128221-GIZEH-41, Qty: 1, Product: Birkenstock Gizeh EVA Sandals White Regular Fit
2025-06-21 17:25:28     Order BC14221: 1 line items
2025-06-21 17:25:28       - SKU: 0051103-ARIZONA-42, Qty: 1, Product: Birkenstock Arizona Two-Strap Natural Leather Sandals Narrow Width Brown
2025-06-21 17:25:28     Order BC14220: 1 line items
2025-06-21 17:25:28       - SKU: 1017724-BEND-40, Qty: 1, Product: Birkenstock Bend Low Natural Leather Trainer Style White Narrow Fit
2025-06-21 17:25:28     Order BC14219: 1 line items
2025-06-21 17:25:28       - SKU: 0071051-MAYARI-41, Qty: 1, Product: Birkenstock Mayari Birko-Flor Sandals White Regular Fit
2025-06-21 17:25:28     Order BC14218: 2 line items
2025-06-21 17:25:28       - SKU: 1017721-BEND-43, Qty: 1, Product: Birkenstock Bend Low Natural Leather Trainer Style Black Regular Fit
2025-06-21 17:25:28       - SKU: 1017723-BEND-43, Qty: 1, Product: Birkenstock Bend Low Natural Leather Trainer Style White Regular Fit
2025-06-21 17:25:28     Order BC14217: 1 line items
2025-06-21 17:25:28       - SKU: 1013075-GIZEH-37, Qty: 1, Product: Birkenstock Gizeh Sandals Patent Sand Brown Regular Fit
2025-06-21 17:25:28     Order BC14216: 1 line items
2025-06-21 17:25:28       - SKU: 0143621-GIZEH-37, Qty: 1, Product: Birkenstock Gizeh Sandals Birko-Flor Blue Regular Fit
2025-06-21 17:25:28     Order BC14215: 1 line items
2025-06-21 17:25:28       - SKU: FLE030-IVES-WHITE-05, Qty: 1, Product: Womens Lunar St Ives Leather Casual Trainer White
2025-06-21 17:25:28     Order BC14214: 1 line items
2025-06-21 17:25:28       - SKU: FLE030-IVES-WHITE-03, Qty: 1, Product: Womens Lunar St Ives Leather Casual Trainer White
2025-06-21 17:25:28     Order BC14213: 1 line items
2025-06-21 17:25:28       - SKU: 0051701-ARIZONA-39, Qty: 1, Product: Birkenstock Arizona Two-Strap Birko-Flor Sandals Regular Fit Dark Brown
2025-06-21 17:25:28     Order BC14212: 1 line items
2025-06-21 17:25:28       - SKU: FLE030-IVES-WHITE-05, Qty: 1, Product: Womens Lunar St Ives Leather Casual Trainer White
2025-06-21 17:25:28     Order BC13366: 2 line items
2025-06-21 17:25:28       - SKU: L433A-08, Qty: 1, Product: Womens Rdek Fly Knit Mesh Trainers Black
2025-06-21 17:25:28       - SKU: L944A-08, Qty: 1, Product: Womens Rdek Denim Washed Trainers Black
2025-06-21 17:25:28  📊 Total line items processed: 19
2025-06-21 17:25:29  🔍 Checking orderstatus table for these orders: ['BC14227', 'BC14226', 'BC14225', 'BC14224', 'BC14223', 'BC14222', 'BC14221', 'BC14220', 'BC14219', 'BC14218', 'BC14217', 'BC14216', 'BC14215', 'BC14214', 'BC14213', 'BC14212', 'BC13366']
2025-06-21 17:25:29  📋 Found 10 orders already in orderstatus: ['BC13366', 'BC14212', 'BC14215', 'BC14217', 'BC14213', 'BC14218', 'BC14214', 'BC14216', 'BC14219', 'BC14220']
2025-06-21 17:25:29  ✅ Including order BC14227 (not in orderstatus)
2025-06-21 17:25:29  ✅ Including order BC14226 (not in orderstatus)
2025-06-21 17:25:29  ✅ Including order BC14225 (not in orderstatus)
2025-06-21 17:25:29  ✅ Including order BC14224 (not in orderstatus)
2025-06-21 17:25:29  ✅ Including order BC14223 (not in orderstatus)
2025-06-21 17:25:29  ✅ Including order BC14222 (not in orderstatus)
2025-06-21 17:25:29  ✅ Including order BC14221 (not in orderstatus)
2025-06-21 17:25:29  ⏭️  Skipping order BC14220 (already in orderstatus)
2025-06-21 17:25:29  ⏭️  Skipping order BC14219 (already in orderstatus)
2025-06-21 17:25:29  ⏭️  Skipping order BC14218 (already in orderstatus)
2025-06-21 17:25:29  ⏭️  Skipping order BC14217 (already in orderstatus)
2025-06-21 17:25:29  ⏭️  Skipping order BC14216 (already in orderstatus)
2025-06-21 17:25:29  ⏭️  Skipping order BC14215 (already in orderstatus)
2025-06-21 17:25:29  ⏭️  Skipping order BC14214 (already in orderstatus)
2025-06-21 17:25:29  ⏭️  Skipping order BC14213 (already in orderstatus)
2025-06-21 17:25:29  ⏭️  Skipping order BC14212 (already in orderstatus)
2025-06-21 17:25:29  ⏭️  Skipping order BC13366 (already in orderstatus)
2025-06-21 17:25:29  📊 Final unique SKUs: 7 with total quantity: 7
2025-06-21 17:25:29  ✅ Final result: 7 SKUs with unfulfilled orders not in orderstatus
2025-06-21 17:25:29     - 0040793-MADRID-36: 1 items
2025-06-21 17:25:29     - 1013075-GIZEH-39: 1 items
2025-06-21 17:25:29     - 1017723-BEND-42: 1 items
2025-06-21 17:25:29     - 0129421-ARIZONA-43: 1 items
2025-06-21 17:25:29     - JLH276-RENOIR-BLACK-06: 1 items
2025-06-21 17:25:29     - 0128221-GIZEH-41: 1 items
2025-06-21 17:25:29     - 0051103-ARIZONA-42: 1 items
2025-06-21 17:25:29  ✅ Total unfulfilled items: 7
2025-06-21 17:25:29  📋 Processing unfulfilled orders correction for 7 SKUs...
2025-06-21 17:25:29  0040793-MADRID-36: Unfulfilled orders correction: 2 → 1 (pending orders: 1)
2025-06-21 17:25:30  0040793-MADRID-36: ✅ Corrected for unfulfilled orders: 2 → 1
2025-06-21 17:25:30  1013075-GIZEH-39: Unfulfilled orders correction: 4 → 3 (pending orders: 1)
2025-06-21 17:25:31  1013075-GIZEH-39: ✅ Corrected for unfulfilled orders: 4 → 3
2025-06-21 17:25:31  1017723-BEND-42: Unfulfilled orders correction: 1 → 0 (pending orders: 1)
2025-06-21 17:25:32  1017723-BEND-42: ✅ Corrected for unfulfilled orders: 1 → 0
2025-06-21 17:25:33  0129421-ARIZONA-43: Unfulfilled orders correction: 1 → 0 (pending orders: 1)
2025-06-21 17:25:34  0129421-ARIZONA-43: ✅ Corrected for unfulfilled orders: 1 → 0
2025-06-21 17:25:34  JLH276-RENOIR-BLACK-06: Unfulfilled orders correction: 1 → 0 (pending orders: 1)
2025-06-21 17:25:35  JLH276-RENOIR-BLACK-06: ✅ Corrected for unfulfilled orders: 1 → 0
2025-06-21 17:25:35  0128221-GIZEH-41: Unfulfilled orders correction: 4 → 3 (pending orders: 1)
2025-06-21 17:25:36  0128221-GIZEH-41: ✅ Corrected for unfulfilled orders: 4 → 3
2025-06-21 17:25:36  0051103-ARIZONA-42: Unfulfilled orders correction: 1 → 0 (pending orders: 1)
2025-06-21 17:25:37  0051103-ARIZONA-42: ✅ Corrected for unfulfilled orders: 1 → 0
2025-06-21 17:25:37  Inventory sync completed — main updates: 7, unfulfilled corrections: 7, total updates: 14, failed: 0, mode: full
