2025-06-20 06:00:02  Fetching variant information for 3009 products...
2025-06-20 06:00:44  Found variant information for 3009 out of 3009 products
2025-06-20 06:00:44  Starting inventory sync for 3009 products (database stock only)...
2025-06-20 06:00:44  T198A-08: Found variant 40881660035131 in product 'Mens Dek Orleans Fuller Trainers Touch Black' (inventory_item_id: 42976496615483)
2025-06-20 06:00:44  FLE050-MIDBLUE-EVIE-07: Found variant 54913269465474 in product 'Womens Lunar Leather Pump Shoes Mid Blue' (inventory_item_id: 53368665538946)
2025-06-20 06:00:45  M579CN-11: Found variant 41628251390011 in product 'Mens Scimitar Boat Shoes Navy' (inventory_item_id: 43723532271675)
2025-06-20 06:00:45  L213A-05: Found variant 40881428922427 in product 'Womens Grafters Cadet Leather Parade Heeled Shoes Black' (inventory_item_id: 42976265502779)
2025-06-20 06:00:45  1005294-ARIZONA-37: Found variant 41683661619259 in product 'Birkenstock Arizona Two-Strap Patent Sandals White Narrow Width' (inventory_item_id: 43778834858043)
2025-06-20 06:01:17  Progress: 100/3009 processed, 0 updated, 0 failed
2025-06-20 06:02:06  Progress: 200/3009 processed, 0 updated, 0 failed
2025-06-20 06:02:55  Progress: 300/3009 processed, 0 updated, 0 failed
2025-06-20 06:03:45  Progress: 400/3009 processed, 0 updated, 0 failed
2025-06-20 06:04:38  Progress: 500/3009 processed, 0 updated, 0 failed
2025-06-20 06:05:27  Progress: 600/3009 processed, 0 updated, 0 failed
2025-06-20 06:06:16  Progress: 700/3009 processed, 0 updated, 0 failed
2025-06-20 06:07:05  Progress: 800/3009 processed, 0 updated, 0 failed
2025-06-20 06:07:54  Progress: 900/3009 processed, 0 updated, 0 failed
2025-06-20 06:08:48  Progress: 1000/3009 processed, 0 updated, 0 failed
2025-06-20 06:09:36  Progress: 1100/3009 processed, 0 updated, 0 failed
2025-06-20 06:10:25  Progress: 1200/3009 processed, 0 updated, 0 failed
2025-06-20 06:11:14  Progress: 1300/3009 processed, 0 updated, 0 failed
2025-06-20 06:12:08  Progress: 1400/3009 processed, 0 updated, 0 failed
2025-06-20 06:12:57  Progress: 1500/3009 processed, 0 updated, 0 failed
2025-06-20 06:13:45  Progress: 1600/3009 processed, 0 updated, 0 failed
2025-06-20 06:14:34  Progress: 1700/3009 processed, 0 updated, 0 failed
2025-06-20 06:15:28  Progress: 1800/3009 processed, 0 updated, 0 failed
2025-06-20 06:16:17  Progress: 1900/3009 processed, 0 updated, 0 failed
2025-06-20 06:17:06  Progress: 2000/3009 processed, 0 updated, 0 failed
2025-06-20 06:17:55  Progress: 2100/3009 processed, 0 updated, 0 failed
2025-06-20 06:18:49  Progress: 2200/3009 processed, 0 updated, 0 failed
2025-06-20 06:19:38  Progress: 2300/3009 processed, 0 updated, 0 failed
2025-06-20 06:20:27  Progress: 2400/3009 processed, 0 updated, 0 failed
2025-06-20 06:21:16  Progress: 2500/3009 processed, 0 updated, 0 failed
2025-06-20 06:22:05  Progress: 2600/3009 processed, 0 updated, 0 failed
2025-06-20 06:22:59  Progress: 2700/3009 processed, 0 updated, 0 failed
2025-06-20 06:23:47  Progress: 2800/3009 processed, 0 updated, 0 failed
2025-06-20 06:24:36  Progress: 2900/3009 processed, 0 updated, 0 failed
2025-06-20 06:25:25  Progress: 3000/3009 processed, 0 updated, 0 failed
2025-06-20 06:25:34  🔄 Starting end-of-process unfulfilled orders correction...
2025-06-20 06:25:34  📋 Retrieved 8 unfulfilled orders from Shopify
2025-06-20 06:25:34     Order BC14205: 1 line items
2025-06-20 06:25:34       - SKU: 1029470-ARIZONA-37, Qty: 1, Product: Birkenstock Arizona Two-Strap Birko-Flor Sandals Graceful Taupe Regular Width
2025-06-20 06:25:34     Order BC14204: 1 line items
2025-06-20 06:25:34       - SKU: 0040791-MADRID-40, Qty: 1, Product: Birkenstock Madrid Birko-Flor Black Regular Fit
2025-06-20 06:25:34     Order BC14203: 1 line items
2025-06-20 06:25:34       - SKU: 1005299-GIZEH-37, Qty: 1, Product: Birkenstock Gizeh Sandals Patent White Regular Fit
2025-06-20 06:25:34     Order BC14202: 1 line items
2025-06-20 06:25:34       - SKU: 0043693-GIZEH-38, Qty: 1, Product: Birkenstock Gizeh Sandals Birko-Flor Black Narrow Fit
2025-06-20 06:25:34     Order BC14201: 2 line items
2025-06-20 06:25:34       - SKU: 0051793-ARIZONA-40, Qty: 1, Product: Birkenstock Arizona Two-Strap Birko-Flor Black Narrow Fit
2025-06-20 06:25:34       - SKU: 1005294-ARIZONA-40, Qty: 1, Product: Birkenstock Arizona Two-Strap Patent Sandals White Narrow Width
2025-06-20 06:25:34     Order BC14200: 1 line items
2025-06-20 06:25:34       - SKU: 0034791-MILANO-45, Qty: 1, Product: Birkenstock Milano Birko-Flor Sandals Black Regular Fit
2025-06-20 06:25:34     Order BC14150: 2 line items
2025-06-20 06:25:34       - SKU: B710AP-13, Qty: 1, Product: Boys Goor Oxford Tie Leather Shoe Patent Black
2025-06-20 06:25:34       - SKU: B710AP-01, Qty: 1, Product: Boys Goor Oxford Tie Leather Shoe Patent Black
2025-06-20 06:25:34     Order BC13366: 2 line items
2025-06-20 06:25:34       - SKU: L433A-08, Qty: 1, Product: Womens Rdek Fly Knit Mesh Trainers Black
2025-06-20 06:25:34       - SKU: L944A-08, Qty: 1, Product: Womens Rdek Denim Washed Trainers Black
2025-06-20 06:25:34  📊 Total line items processed: 11
2025-06-20 06:25:34  🔍 Checking orderstatus table for these orders: ['BC14205', 'BC14204', 'BC14203', 'BC14202', 'BC14201', 'BC14200', 'BC14150', 'BC13366']
2025-06-20 06:25:34  📋 Found 8 orders already in orderstatus: ['BC13366', 'BC14204', 'BC14205', 'BC14203', 'BC14200', 'BC14201', 'BC14150', 'BC14202']
2025-06-20 06:25:34  ⏭️  Skipping order BC14205 (already in orderstatus)
2025-06-20 06:25:34  ⏭️  Skipping order BC14204 (already in orderstatus)
2025-06-20 06:25:34  ⏭️  Skipping order BC14203 (already in orderstatus)
2025-06-20 06:25:34  ⏭️  Skipping order BC14202 (already in orderstatus)
2025-06-20 06:25:34  ⏭️  Skipping order BC14201 (already in orderstatus)
2025-06-20 06:25:34  ⏭️  Skipping order BC14200 (already in orderstatus)
2025-06-20 06:25:34  ⏭️  Skipping order BC14150 (already in orderstatus)
2025-06-20 06:25:34  ⏭️  Skipping order BC13366 (already in orderstatus)
2025-06-20 06:25:34  📊 Final unique SKUs: 0 with total quantity: 0
2025-06-20 06:25:34  ✅ No unfulfilled orders found that aren't already in orderstatus
2025-06-20 06:25:34  ✅ No unfulfilled orders requiring correction
2025-06-20 06:25:34  Inventory sync completed — main updates: 0, unfulfilled corrections: 0, total updates: 0, failed: 0, mode: full
2025-06-20 13:00:02  Fetching variant information for 3009 products...
2025-06-20 13:00:46  Found variant information for 3009 out of 3009 products
2025-06-20 13:00:46  Starting inventory sync for 3009 products (database stock only)...
2025-06-20 13:00:46  T198A-08: Found variant 40881660035131 in product 'Mens Dek Orleans Fuller Trainers Touch Black' (inventory_item_id: 42976496615483)
2025-06-20 13:00:46  FLE050-MIDBLUE-EVIE-07: Found variant 54913269465474 in product 'Womens Lunar Leather Pump Shoes Mid Blue' (inventory_item_id: 53368665538946)
2025-06-20 13:00:46  M579CN-11: Found variant 41628251390011 in product 'Mens Scimitar Boat Shoes Navy' (inventory_item_id: 43723532271675)
2025-06-20 13:00:46  L213A-05: Found variant 40881428922427 in product 'Womens Grafters Cadet Leather Parade Heeled Shoes Black' (inventory_item_id: 42976265502779)
2025-06-20 13:00:47  1005294-ARIZONA-37: Found variant 41683661619259 in product 'Birkenstock Arizona Two-Strap Patent Sandals White Narrow Width' (inventory_item_id: 43778834858043)
2025-06-20 13:01:06  1022466-ARIZONA-41: Attempting update from 1 → 0 (variant_id: 55135132057986, inventory_item_id: 53591108845954)
2025-06-20 13:01:07  1022466-ARIZONA-41: ✅ Updated from 1 → 0
2025-06-20 13:01:20  Progress: 100/3009 processed, 1 updated, 0 failed
2025-06-20 13:01:39  FLE030-IVES-BLACKSOLE-06: Attempting update from 4 → 5 (variant_id: 40637792714811, inventory_item_id: 42733482901563)
2025-06-20 13:01:40  FLE030-IVES-BLACKSOLE-06: ✅ Updated from 4 → 5
2025-06-20 13:02:11  Progress: 200/3009 processed, 2 updated, 0 failed
2025-06-20 13:03:00  Progress: 300/3009 processed, 2 updated, 0 failed
2025-06-20 13:03:27  FLE030-IVES-WHITE-03: Attempting update from 0 → 1 (variant_id: 40637895016507, inventory_item_id: 42733585203259)
2025-06-20 13:03:28  FLE030-IVES-WHITE-03: ✅ Updated from 0 → 1
2025-06-20 13:03:32  0040391-MADRID-40: Attempting update from 0 → 1 (variant_id: 55000378442114, inventory_item_id: 53455833792898)
2025-06-20 13:03:38  0040391-MADRID-40: ✅ Updated from 0 → 1
2025-06-20 13:03:52  62950-00-40: Attempting update from 0 → 1 (variant_id: 41694669537339, inventory_item_id: 43789777502267)
2025-06-20 13:03:53  62950-00-40: ✅ Updated from 0 → 1
2025-06-20 13:03:53  Progress: 400/3009 processed, 5 updated, 0 failed
2025-06-20 13:04:42  Progress: 500/3009 processed, 5 updated, 0 failed
2025-06-20 13:05:32  Progress: 600/3009 processed, 5 updated, 0 failed
2025-06-20 13:06:22  Progress: 700/3009 processed, 5 updated, 0 failed
2025-06-20 13:07:11  Progress: 800/3009 processed, 5 updated, 0 failed
2025-06-20 13:08:01  Progress: 900/3009 processed, 5 updated, 0 failed
2025-06-20 13:08:35  0043693-GIZEH-40: Attempting update from 1 → 0 (variant_id: 54963712786818, inventory_item_id: 53419184390530)
2025-06-20 13:08:36  0043693-GIZEH-40: ✅ Updated from 1 → 0
2025-06-20 13:08:56  Progress: 1000/3009 processed, 6 updated, 0 failed
2025-06-20 13:09:11  FLE030-IVES-NAVY-BLUE-07: Attempting update from 0 → 1 (variant_id: 40637895901243, inventory_item_id: 42733586087995)
2025-06-20 13:09:12  FLE030-IVES-NAVY-BLUE-07: ✅ Updated from 0 → 1
2025-06-20 13:09:28  FLE030-IVES-BLACKSOLE-08: Attempting update from 0 → 1 (variant_id: 40637792780347, inventory_item_id: 42733482967099)
2025-06-20 13:09:29  FLE030-IVES-BLACKSOLE-08: ✅ Updated from 0 → 1
2025-06-20 13:09:48  Progress: 1100/3009 processed, 8 updated, 0 failed
2025-06-20 13:10:37  Progress: 1200/3009 processed, 8 updated, 0 failed
2025-06-20 13:11:02  1025046-ARIZONA-42: Attempting update from 1 → 0 (variant_id: 41671605616699, inventory_item_id: 43766761947195)
2025-06-20 13:11:04  1025046-ARIZONA-42: ✅ Updated from 1 → 0
2025-06-20 13:11:28  Progress: 1300/3009 processed, 9 updated, 0 failed
2025-06-20 13:12:18  Progress: 1400/3009 processed, 9 updated, 0 failed
2025-06-20 13:12:56  0034701-MILANO-39: Attempting update from 2 → 1 (variant_id: 55012290724226, inventory_item_id: 53467808563586)
2025-06-20 13:12:57  0034701-MILANO-39: ✅ Updated from 2 → 1
2025-06-20 13:13:09  Progress: 1500/3009 processed, 10 updated, 0 failed
2025-06-20 13:13:58  Progress: 1600/3009 processed, 10 updated, 0 failed
2025-06-20 13:14:22  JLH950-BLAZE-NAVY-03: Attempting update from 4 → 3 (variant_id: 41289213149243, inventory_item_id: 43384609734715)
2025-06-20 13:14:23  JLH950-BLAZE-NAVY-03: ✅ Updated from 4 → 3
2025-06-20 13:14:48  Progress: 1700/3009 processed, 11 updated, 0 failed
2025-06-20 13:15:38  Progress: 1800/3009 processed, 11 updated, 0 failed
2025-06-20 13:15:40  JLH950-BLAZE-NUDE-03: Attempting update from 1 → 0 (variant_id: 41289217212475, inventory_item_id: 43384613797947)
2025-06-20 13:15:42  JLH950-BLAZE-NUDE-03: ✅ Updated from 1 → 0
2025-06-20 13:16:28  Progress: 1900/3009 processed, 12 updated, 0 failed
2025-06-20 13:16:39  1025062-GIZEH-38: Attempting update from 2 → 1 (variant_id: 55184646930818, inventory_item_id: 53640530264450)
2025-06-20 13:16:40  1025062-GIZEH-38: ✅ Updated from 2 → 1
2025-06-20 13:16:51  0034701-MILANO-43: Attempting update from 2 → 0 (variant_id: 41836801458235, inventory_item_id: 43932210430011)
2025-06-20 13:16:52  0034701-MILANO-43: ✅ Updated from 2 → 0
2025-06-20 13:17:20  Progress: 2000/3009 processed, 14 updated, 0 failed
2025-06-20 13:18:10  Progress: 2100/3009 processed, 14 updated, 0 failed
2025-06-20 13:18:24  0128161-MADRID-43: Attempting update from 5 → 4 (variant_id: 55194977599874, inventory_item_id: 53650871320962)
2025-06-20 13:18:25  0128161-MADRID-43: ✅ Updated from 5 → 4
2025-06-20 13:19:05  Progress: 2200/3009 processed, 15 updated, 0 failed
2025-06-20 13:19:19  JLH321-BLAISE-SILVER-06: Attempting update from 2 → 1 (variant_id: 41614203387963, inventory_item_id: 43709538336827)
2025-06-20 13:19:21  JLH321-BLAISE-SILVER-06: ✅ Updated from 2 → 1
2025-06-20 13:19:56  Progress: 2300/3009 processed, 16 updated, 0 failed
2025-06-20 13:20:45  Progress: 2400/3009 processed, 16 updated, 0 failed
2025-06-20 13:21:34  Progress: 2500/3009 processed, 16 updated, 0 failed
2025-06-20 13:21:51  FLE030-IVES-WHITE-04: Attempting update from 4 → 5 (variant_id: 40637895049275, inventory_item_id: 42733585236027)
2025-06-20 13:21:57  FLE030-IVES-WHITE-04: ✅ Updated from 4 → 5 (database stock: 41) (capped from 41)
2025-06-20 13:22:25  Progress: 2600/3009 processed, 17 updated, 0 failed
2025-06-20 13:23:14  Progress: 2700/3009 processed, 17 updated, 0 failed
2025-06-20 13:24:04  Progress: 2800/3009 processed, 17 updated, 0 failed
2025-06-20 13:24:53  Progress: 2900/3009 processed, 17 updated, 0 failed
2025-06-20 13:25:25  0034791-MILANO-41: Attempting update from 1 → 0 (variant_id: 41705035497531, inventory_item_id: 43800413634619)
2025-06-20 13:25:26  0034791-MILANO-41: ✅ Updated from 1 → 0
2025-06-20 13:25:44  Progress: 3000/3009 processed, 18 updated, 0 failed
2025-06-20 13:25:53  🔄 Starting end-of-process unfulfilled orders correction...
2025-06-20 13:25:53  📋 Retrieved 14 unfulfilled orders from Shopify
2025-06-20 13:25:53     Order BC14211: 1 line items
2025-06-20 13:25:53       - SKU: 0040391-MADRID-40, Qty: 1, Product: Birkenstock Madrid Birko-Flor Dark Brown Regular Fit
2025-06-20 13:25:53     Order BC14210: 1 line items
2025-06-20 13:25:53       - SKU: 1027696-ARIZONA-38, Qty: 1, Product: Birkenstock Arizona Two-Strap Birko-Flor Sandals Stone Coin Narrow
2025-06-20 13:25:53     Order BC14209: 1 line items
2025-06-20 13:25:53       - SKU: 0040733-MADRID-39, Qty: 1, Product: Birkenstock Madrid Birko-Flor White Narrow Fit
2025-06-20 13:25:53     Order BC14208: 1 line items
2025-06-20 13:25:53       - SKU: 1014938-ZERMATT-37, Qty: 1, Product: Birkenstock Zermatt Cork Latex Footbed Slippers Dark Anthracite Grey Regular Fit
2025-06-20 13:25:53     Order BC14207: 1 line items
2025-06-20 13:25:53       - SKU: FLE030-IVES-WHITE-04, Qty: 1, Product: Womens Lunar St Ives Leather Casual Trainer White
2025-06-20 13:25:53     Order BC14206: 1 line items
2025-06-20 13:25:53       - SKU: 1015398-BARBADOS-40, Qty: 1, Product: Birkenstock Barbados EVA Slide On Sandals Black Regular Fit
2025-06-20 13:25:53     Order BC14205: 1 line items
2025-06-20 13:25:53       - SKU: 1029470-ARIZONA-37, Qty: 1, Product: Birkenstock Arizona Two-Strap Birko-Flor Sandals Graceful Taupe Regular Width
2025-06-20 13:25:53     Order BC14204: 1 line items
2025-06-20 13:25:53       - SKU: 0040791-MADRID-40, Qty: 1, Product: Birkenstock Madrid Birko-Flor Black Regular Fit
2025-06-20 13:25:53     Order BC14203: 1 line items
2025-06-20 13:25:53       - SKU: 1005299-GIZEH-37, Qty: 1, Product: Birkenstock Gizeh Sandals Patent White Regular Fit
2025-06-20 13:25:53     Order BC14202: 1 line items
2025-06-20 13:25:53       - SKU: 0043693-GIZEH-38, Qty: 1, Product: Birkenstock Gizeh Sandals Birko-Flor Black Narrow Fit
2025-06-20 13:25:53     Order BC14201: 2 line items
2025-06-20 13:25:53       - SKU: 0051793-ARIZONA-40, Qty: 1, Product: Birkenstock Arizona Two-Strap Birko-Flor Black Narrow Fit
2025-06-20 13:25:53       - SKU: 1005294-ARIZONA-40, Qty: 1, Product: Birkenstock Arizona Two-Strap Patent Sandals White Narrow Width
2025-06-20 13:25:53     Order BC14200: 1 line items
2025-06-20 13:25:53       - SKU: 0034791-MILANO-45, Qty: 1, Product: Birkenstock Milano Birko-Flor Sandals Black Regular Fit
2025-06-20 13:25:53     Order BC14150: 2 line items
2025-06-20 13:25:53       - SKU: B710AP-13, Qty: 1, Product: Boys Goor Oxford Tie Leather Shoe Patent Black
2025-06-20 13:25:53       - SKU: B710AP-01, Qty: 1, Product: Boys Goor Oxford Tie Leather Shoe Patent Black
2025-06-20 13:25:53     Order BC13366: 2 line items
2025-06-20 13:25:53       - SKU: L433A-08, Qty: 1, Product: Womens Rdek Fly Knit Mesh Trainers Black
2025-06-20 13:25:53       - SKU: L944A-08, Qty: 1, Product: Womens Rdek Denim Washed Trainers Black
2025-06-20 13:25:53  📊 Total line items processed: 17
2025-06-20 13:25:53  🔍 Checking orderstatus table for these orders: ['BC14211', 'BC14210', 'BC14209', 'BC14208', 'BC14207', 'BC14206', 'BC14205', 'BC14204', 'BC14203', 'BC14202', 'BC14201', 'BC14200', 'BC14150', 'BC13366']
2025-06-20 13:25:53  📋 Found 14 orders already in orderstatus: ['BC14201', 'BC14211', 'BC14205', 'BC14204', 'BC14210', 'BC14202', 'BC14200', 'BC14209', 'BC14208', 'BC14203', 'BC14206', 'BC13366', 'BC14207', 'BC14150']
2025-06-20 13:25:53  ⏭️  Skipping order BC14211 (already in orderstatus)
2025-06-20 13:25:53  ⏭️  Skipping order BC14210 (already in orderstatus)
2025-06-20 13:25:53  ⏭️  Skipping order BC14209 (already in orderstatus)
2025-06-20 13:25:53  ⏭️  Skipping order BC14208 (already in orderstatus)
2025-06-20 13:25:53  ⏭️  Skipping order BC14207 (already in orderstatus)
2025-06-20 13:25:53  ⏭️  Skipping order BC14206 (already in orderstatus)
2025-06-20 13:25:53  ⏭️  Skipping order BC14205 (already in orderstatus)
2025-06-20 13:25:53  ⏭️  Skipping order BC14204 (already in orderstatus)
2025-06-20 13:25:53  ⏭️  Skipping order BC14203 (already in orderstatus)
2025-06-20 13:25:53  ⏭️  Skipping order BC14202 (already in orderstatus)
2025-06-20 13:25:53  ⏭️  Skipping order BC14201 (already in orderstatus)
2025-06-20 13:25:53  ⏭️  Skipping order BC14200 (already in orderstatus)
2025-06-20 13:25:53  ⏭️  Skipping order BC14150 (already in orderstatus)
2025-06-20 13:25:53  ⏭️  Skipping order BC13366 (already in orderstatus)
2025-06-20 13:25:53  📊 Final unique SKUs: 0 with total quantity: 0
2025-06-20 13:25:53  ✅ No unfulfilled orders found that aren't already in orderstatus
2025-06-20 13:25:53  ✅ No unfulfilled orders requiring correction
2025-06-20 13:25:53  Inventory sync completed — main updates: 18, unfulfilled corrections: 0, total updates: 18, failed: 0, mode: full
2025-06-20 17:00:01  Fetching variant information for 2984 products...
2025-06-20 17:00:43  Found variant information for 2984 out of 2984 products
2025-06-20 17:00:43  Starting inventory sync for 2984 products (database stock only)...
2025-06-20 17:00:43  T198A-08: Found variant 40881660035131 in product 'Mens Dek Orleans Fuller Trainers Touch Black' (inventory_item_id: 42976496615483)
2025-06-20 17:00:43  FLE050-MIDBLUE-EVIE-07: Found variant 54913269465474 in product 'Womens Lunar Leather Pump Shoes Mid Blue' (inventory_item_id: 53368665538946)
2025-06-20 17:00:44  M579CN-11: Found variant 41628251390011 in product 'Mens Scimitar Boat Shoes Navy' (inventory_item_id: 43723532271675)
2025-06-20 17:00:44  L213A-05: Found variant 40881428922427 in product 'Womens Grafters Cadet Leather Parade Heeled Shoes Black' (inventory_item_id: 42976265502779)
2025-06-20 17:00:44  1005294-ARIZONA-37: Found variant 41683661619259 in product 'Birkenstock Arizona Two-Strap Patent Sandals White Narrow Width' (inventory_item_id: 43778834858043)
2025-06-20 17:01:16  Progress: 100/2984 processed, 0 updated, 0 failed
2025-06-20 17:02:05  Progress: 200/2984 processed, 0 updated, 0 failed
2025-06-20 17:02:54  Progress: 300/2984 processed, 0 updated, 0 failed
2025-06-20 17:03:29  0040391-MADRID-40: Attempting update from 1 → 0 (variant_id: 55000378442114, inventory_item_id: 53455833792898)
2025-06-20 17:03:30  0040391-MADRID-40: ✅ Updated from 1 → 0
2025-06-20 17:03:44  Progress: 400/2984 processed, 1 updated, 0 failed
2025-06-20 17:04:39  Progress: 500/2984 processed, 1 updated, 0 failed
2025-06-20 17:05:28  Progress: 600/2984 processed, 1 updated, 0 failed
2025-06-20 17:06:18  Progress: 700/2984 processed, 1 updated, 0 failed
2025-06-20 17:07:06  Progress: 800/2984 processed, 1 updated, 0 failed
2025-06-20 17:07:55  Progress: 900/2984 processed, 1 updated, 0 failed
2025-06-20 17:08:45  Progress: 1000/2984 processed, 1 updated, 0 failed
2025-06-20 17:09:34  Progress: 1100/2984 processed, 1 updated, 0 failed
2025-06-20 17:10:28  Progress: 1200/2984 processed, 1 updated, 0 failed
2025-06-20 17:11:19  Progress: 1300/2984 processed, 1 updated, 0 failed
2025-06-20 17:12:08  Progress: 1400/2984 processed, 1 updated, 0 failed
2025-06-20 17:12:57  Progress: 1500/2984 processed, 1 updated, 0 failed
2025-06-20 17:13:46  Progress: 1600/2984 processed, 1 updated, 0 failed
2025-06-20 17:14:36  Progress: 1700/2984 processed, 1 updated, 0 failed
2025-06-20 17:15:26  Progress: 1800/2984 processed, 1 updated, 0 failed
2025-06-20 17:16:15  Progress: 1900/2984 processed, 1 updated, 0 failed
2025-06-20 17:17:05  Progress: 2000/2984 processed, 1 updated, 0 failed
2025-06-20 17:17:55  Progress: 2100/2984 processed, 1 updated, 0 failed
2025-06-20 17:18:44  Progress: 2200/2984 processed, 1 updated, 0 failed
2025-06-20 17:19:17  0051701-ARIZONA-39: Attempting update from 2 → 3 (variant_id: 41141975154747, inventory_item_id: 43237355388987)
2025-06-20 17:19:18  0051701-ARIZONA-39: ✅ Updated from 2 → 3
2025-06-20 17:19:40  Progress: 2300/2984 processed, 2 updated, 0 failed
2025-06-20 17:20:30  Progress: 2400/2984 processed, 2 updated, 0 failed
2025-06-20 17:20:34  FLE030-IVES-WHITE-05: Attempting update from 4 → 5 (variant_id: 40637895082043, inventory_item_id: 42733585268795)
2025-06-20 17:20:35  FLE030-IVES-WHITE-05: ✅ Updated from 4 → 5 (database stock: 78) (capped from 78)
2025-06-20 17:21:20  Progress: 2500/2984 processed, 3 updated, 0 failed
2025-06-20 17:22:10  Progress: 2600/2984 processed, 3 updated, 0 failed
2025-06-20 17:23:00  Progress: 2700/2984 processed, 3 updated, 0 failed
2025-06-20 17:23:49  Progress: 2800/2984 processed, 3 updated, 0 failed
2025-06-20 17:24:39  Progress: 2900/2984 processed, 3 updated, 0 failed
2025-06-20 17:25:20  🔄 Starting end-of-process unfulfilled orders correction...
2025-06-20 17:25:20  📋 Retrieved 4 unfulfilled orders from Shopify
2025-06-20 17:25:20     Order BC14214: 1 line items
2025-06-20 17:25:20       - SKU: FLE030-IVES-WHITE-03, Qty: 1, Product: Womens Lunar St Ives Leather Casual Trainer White
2025-06-20 17:25:20     Order BC14213: 1 line items
2025-06-20 17:25:20       - SKU: 0051701-ARIZONA-39, Qty: 1, Product: Birkenstock Arizona Two-Strap Birko-Flor Sandals Regular Fit Dark Brown
2025-06-20 17:25:20     Order BC14212: 1 line items
2025-06-20 17:25:20       - SKU: FLE030-IVES-WHITE-05, Qty: 1, Product: Womens Lunar St Ives Leather Casual Trainer White
2025-06-20 17:25:20     Order BC13366: 2 line items
2025-06-20 17:25:20       - SKU: L433A-08, Qty: 1, Product: Womens Rdek Fly Knit Mesh Trainers Black
2025-06-20 17:25:20       - SKU: L944A-08, Qty: 1, Product: Womens Rdek Denim Washed Trainers Black
2025-06-20 17:25:20  📊 Total line items processed: 5
2025-06-20 17:25:21  🔍 Checking orderstatus table for these orders: ['BC14214', 'BC14213', 'BC14212', 'BC13366']
2025-06-20 17:25:21  📋 Found 2 orders already in orderstatus: ['BC13366', 'BC14212']
2025-06-20 17:25:21  ✅ Including order BC14214 (not in orderstatus)
2025-06-20 17:25:21  ✅ Including order BC14213 (not in orderstatus)
2025-06-20 17:25:21  ⏭️  Skipping order BC14212 (already in orderstatus)
2025-06-20 17:25:21  ⏭️  Skipping order BC13366 (already in orderstatus)
2025-06-20 17:25:21  📊 Final unique SKUs: 2 with total quantity: 2
2025-06-20 17:25:21  ✅ Final result: 2 SKUs with unfulfilled orders not in orderstatus
2025-06-20 17:25:21     - FLE030-IVES-WHITE-03: 1 items
2025-06-20 17:25:21     - 0051701-ARIZONA-39: 1 items
2025-06-20 17:25:21  ✅ Total unfulfilled items: 2
2025-06-20 17:25:21  📋 Processing unfulfilled orders correction for 2 SKUs...
2025-06-20 17:25:21  0051701-ARIZONA-39: Unfulfilled orders correction: 3 → 2 (pending orders: 1)
2025-06-20 17:25:22  0051701-ARIZONA-39: ✅ Corrected for unfulfilled orders: 3 → 2
2025-06-20 17:25:22  Inventory sync completed — main updates: 3, unfulfilled corrections: 1, total updates: 4, failed: 0, mode: full
