2025-06-22 13:50:48  === DAILY PRICE REPORT STARTED ===
2025-06-22 13:50:48  Price analysis completed: 186 products analyzed
2025-06-22 13:50:51  Report generated: daily_price_report_2025-06-22.txt
2025-06-22 13:50:51  Total items: 175, Priority items: 40
2025-06-22 13:50:51  Potential savings: £33,950.42
2025-06-22 13:50:51  Summary saved: daily_summary_2025-06-22.txt
2025-06-22 13:50:51  === DAILY PRICE REPORT COMPLETED ===
2025-06-22 13:51:18  === DAILY PRICE REPORT STARTED ===
2025-06-22 13:51:18  Price analysis completed: 186 products analyzed
2025-06-22 13:51:21  Report generated: daily_price_report_2025-06-22.txt
2025-06-22 13:51:21  Total items: 175, Priority items: 40
2025-06-22 13:51:21  Potential savings: £33,950.42
2025-06-22 13:51:21  Summary saved: daily_summary_2025-06-22.txt
2025-06-22 13:51:21  === DAILY PRICE REPORT COMPLETED ===
2025-06-22 13:51:48  === DAILY PRICE REPORT STARTED ===
2025-06-22 13:51:48  Price analysis completed: 186 products analyzed
2025-06-22 13:51:51  Report generated: daily_price_report_2025-06-22.txt
2025-06-22 13:51:51  Total items: 175, Priority items: 40
2025-06-22 13:51:51  Potential savings: £33,950.42
2025-06-22 13:51:51  Summary saved: daily_summary_2025-06-22.txt
2025-06-22 13:51:51  === DAILY PRICE REPORT COMPLETED ===
2025-06-22 13:52:05  Test message
2025-06-22 13:58:33  === DAILY PRICE REPORT STARTED ===
2025-06-22 13:58:33  Price analysis completed: 186 products analyzed
2025-06-22 13:58:36  Report generated: daily_price_report_2025-06-22.txt
2025-06-22 13:58:36  Total items: 175, Priority items: 40
2025-06-22 13:58:36  Potential savings: £33,950.42
2025-06-22 13:58:36  Summary saved: daily_summary_2025-06-22.txt
2025-06-22 13:58:36  === DAILY PRICE REPORT COMPLETED ===
2025-06-22 14:04:21  === DAILY PRICE REPORT STARTED ===
2025-06-22 14:04:21  Price analysis completed: 186 products analyzed
2025-06-22 14:04:24  Report generated: C:\scripts\logs\daily_price_report.txt
2025-06-22 14:04:24  Total items: 175, Priority items: 40
2025-06-22 14:04:24  Potential savings: £33,950.42
2025-06-22 14:04:24  Summary saved: daily_summary.txt
2025-06-22 14:04:24  === DAILY PRICE REPORT COMPLETED ===
2025-06-22 14:05:23  === DAILY PRICE REPORT STARTED ===
2025-06-22 14:05:23  Price analysis completed: 186 products analyzed
2025-06-22 14:05:26  Report generated: C:\scripts\logs\daily_price_report.txt
2025-06-22 14:05:26  Total items: 175, Priority items: 40
2025-06-22 14:05:26  Potential savings: £33,950.42
2025-06-22 14:05:26  Summary saved: daily_summary.txt
2025-06-22 14:05:26  === DAILY PRICE REPORT COMPLETED ===
2025-06-22 14:12:50  === DAILY PRICE REPORT STARTED ===
2025-06-22 14:12:50  Price analysis completed: 186 products analyzed
2025-06-22 14:12:53  Report generated: C:\scripts\logs\daily_price_report.txt
2025-06-22 14:12:53  Total items: 175, Priority items: 40
2025-06-22 14:12:53  Potential savings: £33,950.42
2025-06-22 14:12:53  Summary saved: daily_summary.txt
2025-06-22 14:12:53  === DAILY PRICE REPORT COMPLETED ===
2025-06-22 14:21:07  === DAILY PRICE REPORT STARTED ===
2025-06-22 14:21:08  Price analysis completed: 186 products analyzed
2025-06-22 14:21:10  Report generated: C:\scripts\logs\daily_price_report.txt
2025-06-22 14:21:10  Total items: 175, Priority items: 40
2025-06-22 14:21:11  Summary saved: daily_summary.txt
2025-06-22 14:21:11  === DAILY PRICE REPORT COMPLETED ===
2025-06-22 14:21:24  === DAILY PRICE REPORT STARTED ===
2025-06-22 14:21:24  Price analysis completed: 186 products analyzed
2025-06-22 14:21:27  Report generated: C:\scripts\logs\daily_price_report.txt
2025-06-22 14:21:27  Total items: 175, Priority items: 40
2025-06-22 14:21:27  Summary saved: daily_summary.txt
2025-06-22 14:21:27  === DAILY PRICE REPORT COMPLETED ===
2025-06-22 14:21:45  === DAILY PRICE REPORT STARTED ===
2025-06-22 14:21:45  Price analysis completed: 186 products analyzed
2025-06-22 14:21:48  Report generated: C:\scripts\logs\daily_price_report.txt
2025-06-22 14:21:48  Total items: 175, Priority items: 40
2025-06-22 14:21:48  Summary saved: daily_summary.txt
2025-06-22 14:21:48  === DAILY PRICE REPORT COMPLETED ===
2025-06-22 14:22:10  Price analysis completed: 186 products analyzed
2025-06-22 14:22:42  Price analysis completed: 186 products analyzed
2025-06-22 14:23:18  === DAILY PRICE REPORT STARTED ===
2025-06-22 14:23:18  Price analysis completed: 186 products analyzed
2025-06-22 14:23:21  Report generated: C:\scripts\logs\daily_price_report.txt
2025-06-22 14:23:21  Total items: 175, Priority items: 40
2025-06-22 14:23:21  Summary saved: daily_summary.txt
2025-06-22 14:23:21  === DAILY PRICE REPORT COMPLETED ===
2025-06-22 14:24:19  === DAILY PRICE REPORT STARTED ===
2025-06-22 14:24:19  Price analysis completed: 186 products analyzed
2025-06-22 14:24:22  Report generated: C:\scripts\logs\daily_price_report.txt
2025-06-22 14:24:22  Total items: 175, Priority items: 40
2025-06-22 14:24:22  Summary saved: daily_summary.txt
2025-06-22 14:24:22  === DAILY PRICE REPORT COMPLETED ===
2025-06-22 14:36:21  === DAILY PRICE REPORT STARTED ===
2025-06-22 14:36:21  Price analysis completed: 186 products analyzed
2025-06-22 14:36:24  Report generated: C:\scripts\logs\daily_price_report.txt
2025-06-22 14:36:24  Total items: 175, Priority items: 40
2025-06-22 14:36:24  Summary saved: daily_summary.txt
2025-06-22 14:36:24  === DAILY PRICE REPORT COMPLETED ===
2025-06-22 15:43:30  === DAILY PRICE REPORT STARTED ===
2025-06-22 15:43:30  Price analysis completed: 186 products analyzed
2025-06-22 15:43:33  Report generated: C:\scripts\logs\daily_price_report.txt
2025-06-22 15:43:33  Total items: 175, Priority items: 40
2025-06-22 15:43:33  Summary saved: daily_summary.txt
2025-06-22 15:43:33  === DAILY PRICE REPORT COMPLETED ===
2025-06-22 16:05:36  === DAILY PRICE REPORT STARTED ===
2025-06-22 16:05:36  Price analysis completed: 186 products analyzed
2025-06-22 16:05:39  Report generated: C:\scripts\logs\daily_price_report.txt
2025-06-22 16:05:39  Total items: 175, Priority items: 40
2025-06-22 16:05:39  Summary saved: daily_summary.txt
2025-06-22 16:05:39  === DAILY PRICE REPORT COMPLETED ===
2025-06-22 17:02:31  === DAILY PRICE REPORT STARTED ===
2025-06-22 17:02:31  Price analysis completed: 185 products analyzed
2025-06-22 17:02:33  Report generated: C:\scripts\logs\daily_price_report.txt
2025-06-22 17:02:33  Total items: 174, Priority items: 40
2025-06-22 17:02:33  Summary saved: daily_summary.txt
2025-06-22 17:02:33  === DAILY PRICE REPORT COMPLETED ===
2025-06-22 17:03:33  === DAILY PRICE REPORT STARTED ===
2025-06-22 17:03:33  Price analysis completed: 185 products analyzed
2025-06-22 17:03:36  Report generated: C:\scripts\logs\daily_price_report.txt
2025-06-22 17:03:36  Total items: 174, Priority items: 40
2025-06-22 17:03:36  Summary saved: daily_summary.txt
2025-06-22 17:03:36  === DAILY PRICE REPORT COMPLETED ===
2025-06-22 21:35:02  === DAILY PRICE REPORT STARTED ===
2025-06-22 21:35:02  Price analysis completed: 154 products analyzed
2025-06-22 21:35:05  Report generated: C:\scripts\logs\daily_price_report.txt
2025-06-22 21:35:05  Total items: 142, Priority items: 38
2025-06-22 21:35:05  Summary saved: daily_summary.txt
2025-06-22 21:35:05  === DAILY PRICE REPORT COMPLETED ===
2025-06-22 21:35:16  === DAILY PRICE REPORT STARTED ===
2025-06-22 21:35:16  Price analysis completed: 154 products analyzed
2025-06-22 21:35:18  Report generated: C:\scripts\logs\daily_price_report.txt
2025-06-22 21:35:18  Total items: 142, Priority items: 38
2025-06-22 21:35:18  Summary saved: daily_summary.txt
2025-06-22 21:35:18  === DAILY PRICE REPORT COMPLETED ===
2025-06-22 21:35:34  === DAILY PRICE REPORT STARTED ===
2025-06-22 21:35:34  Price analysis completed: 154 products analyzed
2025-06-22 21:35:36  Report generated: C:\scripts\logs\daily_price_report.txt
2025-06-22 21:35:36  Total items: 142, Priority items: 38
2025-06-22 21:35:37  Summary saved: daily_summary.txt
2025-06-22 21:35:37  === DAILY PRICE REPORT COMPLETED ===
2025-06-22 21:36:09  Price analysis completed: 154 products analyzed
2025-06-22 21:36:19  === DAILY PRICE REPORT STARTED ===
2025-06-22 21:36:19  Price analysis completed: 154 products analyzed
2025-06-22 21:36:22  Report generated: C:\scripts\logs\daily_price_report.txt
2025-06-22 21:36:22  Total items: 142, Priority items: 38
2025-06-22 21:36:22  Summary saved: daily_summary.txt
2025-06-22 21:36:22  === DAILY PRICE REPORT COMPLETED ===
2025-06-22 21:36:43  Price analysis completed: 154 products analyzed
2025-06-22 21:37:25  === DAILY PRICE REPORT STARTED ===
2025-06-22 21:37:26  Price analysis completed: 154 products analyzed
2025-06-22 21:37:28  Report generated: C:\scripts\logs\daily_price_report.txt
2025-06-22 21:37:28  Total items: 142, Priority items: 38
2025-06-22 21:37:28  Summary saved: daily_summary.txt
2025-06-22 21:37:28  === DAILY PRICE REPORT COMPLETED ===
2025-06-22 21:37:45  Price analysis completed: 154 products analyzed
2025-06-22 21:38:03  Price analysis completed: 154 products analyzed
2025-06-22 21:38:30  Price analysis completed: 154 products analyzed
2025-06-22 21:59:08  === DAILY PRICE REPORT STARTED ===
2025-06-22 21:59:08  Price analysis completed: 154 products analyzed
2025-06-22 21:59:10  Report generated: C:\scripts\logs\daily_price_report.txt
2025-06-22 21:59:10  Total items: 142, Priority items: 43
2025-06-22 21:59:10  Summary saved: daily_summary.txt
2025-06-22 21:59:10  === DAILY PRICE REPORT COMPLETED ===
2025-06-22 21:59:31  === DAILY PRICE REPORT STARTED ===
2025-06-22 21:59:31  Price analysis completed: 154 products analyzed
2025-06-22 21:59:33  Report generated: C:\scripts\logs\daily_price_report.txt
2025-06-22 21:59:33  Total items: 142, Priority items: 43
2025-06-22 21:59:33  Summary saved: daily_summary.txt
2025-06-22 21:59:33  === DAILY PRICE REPORT COMPLETED ===
2025-06-22 22:00:28  === DAILY PRICE REPORT STARTED ===
2025-06-22 22:00:28  Price analysis completed: 154 products analyzed
2025-06-22 22:00:30  Report generated: C:\scripts\logs\daily_price_report.txt
2025-06-22 22:00:30  Total items: 142, Priority items: 43
2025-06-22 22:00:30  Summary saved: daily_summary.txt
2025-06-22 22:00:30  === DAILY PRICE REPORT COMPLETED ===
2025-06-22 22:28:15  === DAILY PRICE REPORT STARTED ===
2025-06-22 22:28:15  ERROR: Failed to get analysis: column "action" does not exist
LINE 164:     WHEN action LIKE '%_BENCH_FLOOR' THEN
                   ^

2025-06-22 22:28:15  ERROR: No analysis results obtained
2025-06-22 22:29:01  === DAILY PRICE REPORT STARTED ===
2025-06-22 22:29:01  Price analysis completed: 154 products analyzed
2025-06-22 22:29:03  Report generated: C:\scripts\logs\daily_price_report.txt
2025-06-22 22:29:03  Total items: 142, Priority items: 12
2025-06-22 22:29:03  Summary saved: daily_summary.txt
2025-06-22 22:29:03  === DAILY PRICE REPORT COMPLETED ===
2025-06-22 22:29:48  === DAILY PRICE REPORT STARTED ===
2025-06-22 22:29:48  Price analysis completed: 154 products analyzed
2025-06-22 22:29:50  Report generated: C:\scripts\logs\daily_price_report.txt
2025-06-22 22:29:50  Total items: 142, Priority items: 12
2025-06-22 22:29:50  Summary saved: daily_summary.txt
2025-06-22 22:29:50  === DAILY PRICE REPORT COMPLETED ===
