2025-06-22 19:19:37  Starting price update - mode: changed, Google updates: enabled
2025-06-22 19:19:37  Fetching variant information for 0 SKUs across 0 product groups...
2025-06-22 19:19:37  Found variant information for 0 out of 0 SKUs
2025-06-22 19:19:37  Sync complete - mode: changed, groups: 0, total variants: 0, Shopify price changes: 0, Google updates: 0, Google failures: 0, Duration: 0:00:00
2025-06-22 19:19:37  SUMMARY: No price changes were needed during this sync
2025-06-22 19:21:59  Starting price update - mode: changed, Google updates: enabled
2025-06-22 19:21:59  Fetching variant information for 0 SKUs across 0 product groups...
2025-06-22 19:21:59  Found variant information for 0 out of 0 SKUs
2025-06-22 19:21:59  Sync complete - mode: changed, groups: 0, total variants: 0, Shopify price changes: 0, Google updates: 0, Google failures: 0, Duration: 0:00:00
2025-06-22 19:21:59  SUMMARY: No price changes were needed during this sync
2025-06-22 19:22:40  Starting price update - mode: changed, Google updates: enabled
2025-06-22 19:22:40  Fetching variant information for 0 SKUs across 0 product groups...
2025-06-22 19:22:40  Found variant information for 0 out of 0 SKUs
2025-06-22 19:22:40  Sync complete - mode: changed, groups: 0, total variants: 0, Shopify price changes: 0, Google updates: 0, Google failures: 0, Duration: 0:00:00
2025-06-22 19:22:40  SUMMARY: No price changes were needed during this sync
2025-06-22 19:24:00  Starting price update - mode: changed, Google updates: enabled
2025-06-22 19:24:00  Fetching variant information for 8 SKUs across 1 product groups...
2025-06-22 19:24:01  Found variant information for 8 out of 8 SKUs
2025-06-22 19:24:01  M404A-07: PRICE CHANGED - 'Mens Roamers Wide Touch Shoes Black' from £59.97 -> £59.98 (variant_id: 54907736064386)
2025-06-22 19:24:05  M404A-07: Google update failed - Google API error: <HttpError 401 when requesting https://shoppingcontent.googleapis.com/content/v2.1/124941872/products/online%3Aen%3AGB%3AM404A-07?alt=json returned "User cannot access account 124941872". Details: "[{'message': 'User cannot access account 124941872', 'domain': 'content.ContentErrorDomain', 'reason': 'auth/account_access_denied'}]">
2025-06-22 19:24:05  M404A-11: PRICE CHANGED - 'Mens Roamers Wide Touch Shoes Black' from £59.97 -> £59.98 (variant_id: 54907736195458)
2025-06-22 19:24:06  M404A-11: Google update failed - Google API error: <HttpError 401 when requesting https://shoppingcontent.googleapis.com/content/v2.1/124941872/products/online%3Aen%3AGB%3AM404A-11?alt=json returned "User cannot access account 124941872". Details: "[{'message': 'User cannot access account 124941872', 'domain': 'content.ContentErrorDomain', 'reason': 'auth/account_access_denied'}]">
2025-06-22 19:24:07  M404A-12: PRICE CHANGED - 'Mens Roamers Wide Touch Shoes Black' from £59.97 -> £59.98 (variant_id: 54907736228226)
2025-06-22 19:24:08  M404A-12: Google update failed - Google API error: <HttpError 401 when requesting https://shoppingcontent.googleapis.com/content/v2.1/124941872/products/online%3Aen%3AGB%3AM404A-12?alt=json returned "User cannot access account 124941872". Details: "[{'message': 'User cannot access account 124941872', 'domain': 'content.ContentErrorDomain', 'reason': 'auth/account_access_denied'}]">
2025-06-22 19:24:09  M404A-06: PRICE CHANGED - 'Mens Roamers Wide Touch Shoes Black' from £59.97 -> £59.98 (variant_id: 54907736031618)
2025-06-22 19:24:10  M404A-06: Google update failed - Google API error: <HttpError 401 when requesting https://shoppingcontent.googleapis.com/content/v2.1/124941872/products/online%3Aen%3AGB%3AM404A-06?alt=json returned "User cannot access account 124941872". Details: "[{'message': 'User cannot access account 124941872', 'domain': 'content.ContentErrorDomain', 'reason': 'auth/account_access_denied'}]">
2025-06-22 19:24:11  M404A-08: PRICE CHANGED - 'Mens Roamers Wide Touch Shoes Black' from £59.97 -> £59.98 (variant_id: 54907736097154)
2025-06-22 19:24:12  M404A-08: Google update failed - Google API error: <HttpError 401 when requesting https://shoppingcontent.googleapis.com/content/v2.1/124941872/products/online%3Aen%3AGB%3AM404A-08?alt=json returned "User cannot access account 124941872". Details: "[{'message': 'User cannot access account 124941872', 'domain': 'content.ContentErrorDomain', 'reason': 'auth/account_access_denied'}]">
2025-06-22 19:24:13  M404A-10: PRICE CHANGED - 'Mens Roamers Wide Touch Shoes Black' from £59.97 -> £59.98 (variant_id: 54907736162690)
2025-06-22 19:24:14  M404A-10: Google update failed - Google API error: <HttpError 401 when requesting https://shoppingcontent.googleapis.com/content/v2.1/124941872/products/online%3Aen%3AGB%3AM404A-10?alt=json returned "User cannot access account 124941872". Details: "[{'message': 'User cannot access account 124941872', 'domain': 'content.ContentErrorDomain', 'reason': 'auth/account_access_denied'}]">
2025-06-22 19:24:15  M404A-09: PRICE CHANGED - 'Mens Roamers Wide Touch Shoes Black' from £59.97 -> £59.98 (variant_id: 54907736129922)
2025-06-22 19:24:16  M404A-09: Google update failed - Google API error: <HttpError 401 when requesting https://shoppingcontent.googleapis.com/content/v2.1/124941872/products/online%3Aen%3AGB%3AM404A-09?alt=json returned "User cannot access account 124941872". Details: "[{'message': 'User cannot access account 124941872', 'domain': 'content.ContentErrorDomain', 'reason': 'auth/account_access_denied'}]">
2025-06-22 19:24:16  M404A-13: PRICE CHANGED - 'Mens Roamers Wide Touch Shoes Black' from £59.97 -> £59.98 (variant_id: 54907736260994)
2025-06-22 19:24:18  M404A-13: Google update failed - Google API error: <HttpError 401 when requesting https://shoppingcontent.googleapis.com/content/v2.1/124941872/products/online%3Aen%3AGB%3AM404A-13?alt=json returned "User cannot access account 124941872". Details: "[{'message': 'User cannot access account 124941872', 'domain': 'content.ContentErrorDomain', 'reason': 'auth/account_access_denied'}]">
2025-06-22 19:24:18  Sync complete - mode: changed, groups: 1, total variants: 8, Shopify price changes: 8, Google updates: 0, Google failures: 8, Duration: 0:00:18
2025-06-22 19:24:18  SUMMARY: 8 price changes were made during this sync
2025-06-22 19:39:18  Starting price update - mode: changed, Google updates: enabled
2025-06-22 19:39:18  Fetching variant information for 8 SKUs across 1 product groups...
2025-06-22 19:39:19  Found variant information for 8 out of 8 SKUs
2025-06-22 19:39:19  Sync complete - mode: changed, groups: 1, total variants: 8, Shopify price changes: 0, Google updates: 0, Google failures: 0, Duration: 0:00:01
2025-06-22 19:39:19  SUMMARY: No price changes were needed during this sync
2025-06-22 19:40:28  Starting price update - mode: changed, Google updates: enabled
2025-06-22 19:40:28  Fetching variant information for 8 SKUs across 1 product groups...
2025-06-22 19:40:29  Found variant information for 8 out of 8 SKUs
2025-06-22 19:40:29  Sync complete - mode: changed, groups: 1, total variants: 8, Shopify price changes: 0, Google updates: 0, Google failures: 0, Duration: 0:00:00
2025-06-22 19:40:29  SUMMARY: No price changes were needed during this sync
2025-06-22 19:42:00  Starting price update - mode: changed, Google updates: enabled
2025-06-22 19:42:01  Fetching variant information for 8 SKUs across 1 product groups...
2025-06-22 19:42:01  Found variant information for 8 out of 8 SKUs
2025-06-22 19:42:02  M404A-07: PRICE CHANGED - 'Mens Roamers Wide Touch Shoes Black' from £59.98 -> £59.95 (variant_id: 54907736064386)
2025-06-22 19:42:05  M404A-07: Google price updated to £59.95
2025-06-22 19:42:06  M404A-11: PRICE CHANGED - 'Mens Roamers Wide Touch Shoes Black' from £59.98 -> £59.95 (variant_id: 54907736195458)
2025-06-22 19:42:07  M404A-11: Google price updated to £59.95
2025-06-22 19:42:07  M404A-12: PRICE CHANGED - 'Mens Roamers Wide Touch Shoes Black' from £59.98 -> £59.95 (variant_id: 54907736228226)
2025-06-22 19:42:09  M404A-12: Google price updated to £59.95
2025-06-22 19:42:09  M404A-06: PRICE CHANGED - 'Mens Roamers Wide Touch Shoes Black' from £59.98 -> £59.95 (variant_id: 54907736031618)
2025-06-22 19:42:11  M404A-06: Google price updated to £59.95
2025-06-22 19:42:11  M404A-08: PRICE CHANGED - 'Mens Roamers Wide Touch Shoes Black' from £59.98 -> £59.95 (variant_id: 54907736097154)
2025-06-22 19:42:12  M404A-08: Google price updated to £59.95
2025-06-22 19:42:13  M404A-10: PRICE CHANGED - 'Mens Roamers Wide Touch Shoes Black' from £59.98 -> £59.95 (variant_id: 54907736162690)
2025-06-22 19:42:14  M404A-10: Google price updated to £59.95
2025-06-22 19:42:15  M404A-09: PRICE CHANGED - 'Mens Roamers Wide Touch Shoes Black' from £59.98 -> £59.95 (variant_id: 54907736129922)
2025-06-22 19:42:16  M404A-09: Google price updated to £59.95
2025-06-22 19:42:17  M404A-13: PRICE CHANGED - 'Mens Roamers Wide Touch Shoes Black' from £59.98 -> £59.95 (variant_id: 54907736260994)
2025-06-22 19:42:18  M404A-13: Google price updated to £59.95
2025-06-22 19:42:18  Sync complete - mode: changed, groups: 1, total variants: 8, Shopify price changes: 8, Google updates: 8, Google failures: 0, Duration: 0:00:17
2025-06-22 19:42:18  SUMMARY: 8 price changes were made during this sync
