2025-06-22 15:55:31  === SALES BURST REPORT STARTED ===
2025-06-22 15:55:31  Analyzing recent sales patterns for burst identification
2025-06-22 15:55:31  Sales burst analysis completed: 0 products identified
2025-06-22 15:55:31  Report generated: C:\scripts\logs\sales_burst_report.txt
2025-06-22 15:55:31  COMPLETE - Products analyzed: 0, Duration: 0:00:00
2025-06-22 16:00:04  === SALES BURST REPORT STARTED ===
2025-06-22 16:00:04  Analyzing recent sales patterns for burst identification
2025-06-22 16:00:04  Sales burst analysis completed: 0 products identified
2025-06-22 16:00:04  Report generated: C:\scripts\logs\sales_burst_report.txt
2025-06-22 16:00:04  COMPLETE - Products analyzed: 0, Duration: 0:00:00
2025-06-22 16:05:30  === SALES BURST REPORT STARTED ===
2025-06-22 16:05:30  Analyzing recent sales patterns for burst identification
2025-06-22 16:05:30  Sales burst analysis completed: 0 products identified
2025-06-22 16:05:30  Report generated: C:\scripts\logs\sales_burst_report.txt
2025-06-22 16:05:30  COMPLETE - Products analyzed: 0, Duration: 0:00:00
2025-06-22 16:06:05  === SALES BURST REPORT STARTED ===
2025-06-22 16:06:05  Analyzing recent sales patterns for burst identification
2025-06-22 16:06:05  Sales burst analysis completed: 0 products identified
2025-06-22 16:06:05  Report generated: C:\scripts\logs\sales_burst_report.txt
2025-06-22 16:06:05  COMPLETE - Products analyzed: 0, Duration: 0:00:00
2025-06-22 16:29:53  === SALES BURST REPORT STARTED ===
2025-06-22 16:29:53  Analyzing recent sales patterns for burst identification
2025-06-22 16:29:54  Sales burst analysis completed: 27 products identified
2025-06-22 16:29:54  Report generated: C:\scripts\logs\sales_burst_report.txt
2025-06-22 16:29:54  COMPLETE - Products analyzed: 27, Duration: 0:00:00
2025-06-22 16:32:56  === SALES BURST REPORT STARTED ===
2025-06-22 16:32:56  Analyzing recent sales patterns for burst identification
2025-06-22 16:32:57  Sales burst analysis completed: 27 products identified
2025-06-22 16:32:57  Report generated: C:\scripts\logs\sales_burst_report.txt
2025-06-22 16:32:57  COMPLETE - Products analyzed: 27, Duration: 0:00:00
2025-06-22 16:34:15  === SALES BURST REPORT STARTED ===
2025-06-22 16:34:15  Analyzing recent sales patterns for burst identification
2025-06-22 16:34:15  Sales burst analysis completed: 27 products identified
2025-06-22 16:34:15  Report generated: C:\scripts\logs\sales_burst_report.txt
2025-06-22 16:34:15  COMPLETE - Products analyzed: 27, Duration: 0:00:00
2025-06-22 16:38:50  === SALES BURST REPORT STARTED ===
2025-06-22 16:38:50  Analyzing recent sales patterns for burst identification
2025-06-22 16:38:51  Sales burst analysis completed: 27 products identified
2025-06-22 16:38:51  Report generated: C:\scripts\logs\sales_burst_report.txt
2025-06-22 16:38:51  COMPLETE - Products analyzed: 27, Duration: 0:00:00
2025-06-22 16:39:55  === SALES BURST REPORT STARTED ===
2025-06-22 16:39:55  Analyzing recent sales patterns for burst identification
2025-06-22 16:39:56  Sales burst analysis completed: 27 products identified
2025-06-22 16:39:56  Report generated: C:\scripts\logs\sales_burst_report.txt
2025-06-22 16:39:56  COMPLETE - Products analyzed: 27, Duration: 0:00:00
2025-06-22 16:40:44  === SALES BURST REPORT STARTED ===
2025-06-22 16:40:44  Analyzing recent sales patterns for burst identification
2025-06-22 16:40:44  Sales burst analysis completed: 27 products identified
2025-06-22 16:40:44  Report generated: C:\scripts\logs\sales_burst_report.txt
2025-06-22 16:40:44  COMPLETE - Products analyzed: 27, Duration: 0:00:00
2025-06-22 21:38:46  === SALES BURST REPORT STARTED ===
2025-06-22 21:38:46  Analyzing recent sales patterns for burst identification
2025-06-22 21:38:46  Sales burst analysis completed: 27 products identified
2025-06-22 21:38:46  Report generated: C:\scripts\logs\sales_burst_report.txt
2025-06-22 21:38:46  COMPLETE - Products analyzed: 27, Duration: 0:00:00
